Log file open, 06/16/19 00:27:10
LogWindows: Failed to load 'aqProf.dll' (GetLastError=126)
LogWindows: File 'aqProf.dll' does not exist
LogWindows: Failed to load 'VtuneApi.dll' (GetLastError=126)
LogWindows: File 'VtuneApi.dll' does not exist
LogWindows: Failed to load 'VtuneApi32e.dll' (GetLastError=126)
LogWindows: File 'VtuneApi32e.dll' does not exist
LogConsoleResponse: Display: Failed to find resolution value strings in scalability ini. Falling back to default.
LogInit: Display: Running engine for game: City_Block
LogPakFile: Registered encryption key '00000000000000000000000000000000': 0 pak files mounted, 0 remain pending
LogPlatformFile: Not using cached read wrapper
LogTaskGraph: Started task graph with 5 named threads and 11 total threads with 3 sets of task threads.
LogStats: Stats thread started at 0.153679
LogD3D11RHI: Loaded GFSDK_Aftermath_Lib.x64.dll
LogICUInternationalization: ICU TimeZone Detection - Raw Offset: -7:00, Platform Override: ''
LogPluginManager: Mounting plugin Paper2D
LogPluginManager: Mounting plugin AISupport
LogPluginManager: Mounting plugin LightPropagationVolume
LogPluginManager: Mounting plugin ActorLayerUtilities
LogPluginManager: Mounting plugin CLionSourceCodeAccess
LogPluginManager: Mounting plugin CodeLiteSourceCodeAccess
LogPluginManager: Mounting plugin GitSourceControl
LogPluginManager: Mounting plugin KDevelopSourceCodeAccess
LogPluginManager: Mounting plugin NullSourceCodeAccess
LogPluginManager: Mounting plugin PerforceSourceControl
LogPluginManager: Mounting plugin SubversionSourceControl
LogPluginManager: Mounting plugin UObjectPlugin
LogPluginManager: Mounting plugin VisualStudioCodeSourceCodeAccess
LogPluginManager: Mounting plugin VisualStudioSourceCodeAccess
LogPluginManager: Mounting plugin XCodeSourceCodeAccess
LogPluginManager: Mounting plugin AssetManagerEditor
LogPluginManager: Mounting plugin CryptoKeys
LogPluginManager: Mounting plugin DataValidation
LogPluginManager: Mounting plugin FacialAnimation
LogPluginManager: Mounting plugin GameplayTagsEditor
LogPluginManager: Mounting plugin MacGraphicsSwitching
LogPluginManager: Mounting plugin MeshEditor
LogPluginManager: Mounting plugin MobileLauncherProfileWizard
LogPluginManager: Mounting plugin PluginBrowser
LogPluginManager: Mounting plugin SpeedTreeImporter
LogPluginManager: Mounting plugin DatasmithContent
LogPluginManager: Mounting plugin VariantManagerContent
LogPluginManager: Mounting plugin AlembicImporter
LogPluginManager: Mounting plugin AppleImageUtils
LogPluginManager: Mounting plugin AppleVision
LogPluginManager: Mounting plugin BackChannel
LogPluginManager: Mounting plugin CharacterAI
LogPluginManager: Mounting plugin GeometryCache
LogPluginManager: Mounting plugin HTML5Networking
LogPluginManager: Mounting plugin ProxyLODPlugin
LogPluginManager: Mounting plugin MagicLeap
LogPluginManager: Mounting plugin MagicLeapMedia
LogPluginManager: Mounting plugin AndroidMedia
LogPluginManager: Mounting plugin AvfMedia
LogPluginManager: Mounting plugin ImgMedia
LogPluginManager: Mounting plugin LinearTimecode
LogPluginManager: Mounting plugin MediaCompositing
LogPluginManager: Mounting plugin MediaPlayerEditor
LogPluginManager: Mounting plugin WebMMedia
LogPluginManager: Mounting plugin WmfMedia
LogPluginManager: Mounting plugin TcpMessaging
LogPluginManager: Mounting plugin UdpMessaging
LogPluginManager: Mounting plugin ActorSequence
LogPluginManager: Mounting plugin LevelSequenceEditor
LogPluginManager: Mounting plugin MatineeToLevelSequence
LogPluginManager: Mounting plugin NetcodeUnitTest
LogPluginManager: Mounting plugin NUTUnrealEngine4
LogPluginManager: Mounting plugin OnlineSubsystemGooglePlay
LogPluginManager: Mounting plugin OnlineSubsystemIOS
LogPluginManager: Mounting plugin OnlineSubsystem
LogPluginManager: Mounting plugin OnlineSubsystemNull
LogPluginManager: Mounting plugin OnlineSubsystemUtils
LogPluginManager: Mounting plugin LauncherChunkInstaller
LogPluginManager: Mounting plugin AndroidDeviceProfileSelector
LogPluginManager: Mounting plugin AndroidMoviePlayer
LogPluginManager: Mounting plugin AndroidPermission
LogPluginManager: Mounting plugin AppleMoviePlayer
LogPluginManager: Mounting plugin ArchVisCharacter
LogPluginManager: Mounting plugin AudioCapture
LogPluginManager: Mounting plugin CableComponent
LogPluginManager: Mounting plugin CustomMeshComponent
LogPluginManager: Mounting plugin EditableMesh
LogPluginManager: Mounting plugin ExampleDeviceProfileSelector
LogPluginManager: Mounting plugin Firebase
LogPluginManager: Mounting plugin GoogleCloudMessaging
LogPluginManager: Mounting plugin IOSDeviceProfileSelector
LogPluginManager: Mounting plugin LinuxDeviceProfileSelector
LogPluginManager: Mounting plugin LocationServicesBPLibrary
LogPluginManager: Mounting plugin MobilePatchingUtils
LogPluginManager: Mounting plugin OculusVR
LogPluginManager: Mounting plugin PhysXVehicles
LogPluginManager: Mounting plugin ProceduralMeshComponent
LogPluginManager: Mounting plugin RuntimePhysXCooking
LogPluginManager: Mounting plugin SteamVR
LogPluginManager: Mounting plugin WebMMoviePlayer
LogPluginManager: Mounting plugin WindowsMoviePlayer
LogStreaming: Display: Took  0.080s to configure plugins.
LogInit: Using libcurl 7.55.1-DEV
LogInit:  - built for x86_64-pc-win32
LogInit:  - supports SSL with OpenSSL/1.0.2h
LogInit:  - supports HTTP deflate (compression) using libz 1.2.8
LogInit:  - other features:
LogInit:      CURL_VERSION_SSL
LogInit:      CURL_VERSION_LIBZ
LogInit:      CURL_VERSION_IPV6
LogInit:      CURL_VERSION_ASYNCHDNS
LogInit:      CURL_VERSION_LARGEFILE
LogInit:      CURL_VERSION_IDN
LogInit:  CurlRequestOptions (configurable via config and command line):
LogInit:  - bVerifyPeer = true  - Libcurl will verify peer certificate
LogInit:  - bUseHttpProxy = false  - Libcurl will NOT use HTTP proxy
LogInit:  - bDontReuseConnections = false  - Libcurl will reuse connections
LogInit:  - MaxHostConnections = 16  - Libcurl will limit the number of connections to a host
LogInit:  - LocalHostAddr = Default
LogInit:  - BufferSize = 65536
LogInit: WinSock: version 1.1 (2.2), MaxSocks=32767, MaxUdp=65467
LogInit: Build: ++UE4+Release-4.21-CL-4753647
LogInit: Engine Version: 4.21.2-4753647+++UE4+Release-4.21
LogInit: Compatible Engine Version: 4.21.0-4541578+++UE4+Release-4.21
LogInit: Net CL: 4541578
LogInit: OS: Windows 10 (), CPU: Intel(R) Core(TM) i7-7660U CPU @ 2.50GHz, GPU: Intel(R) Iris(R) Plus Graphics 640
LogInit: Compiled (64-bit): Jan 19 2019 02:07:31
LogInit: Compiled with Visual C++: 19.13.26129.00
LogInit: Build Configuration: Development
LogInit: Branch Name: ++UE4+Release-4.21
LogInit: Command Line: 
LogInit: Base Directory: C:/Program Files/Epic Games/UE_4.21/Engine/Binaries/Win64/
LogInit: Installed Engine Build: 1
LogDevObjectVersion: Number of dev versions registered: 22
LogDevObjectVersion:   Dev-Blueprints (B0D832E4-1F89-4F0D-ACCF-7EB736FD4AA2): 10
LogDevObjectVersion:   Dev-Build (E1C64328-A22C-4D53-A36C-8E866417BD8C): 0
LogDevObjectVersion:   Dev-Core (375EC13C-06E4-48FB-B500-84F0262A717E): 2
LogDevObjectVersion:   Dev-Editor (E4B068ED-F494-42E9-A231-DA0B2E46BB41): 26
LogDevObjectVersion:   Dev-Framework (CFFC743F-43B0-4480-9391-14DF171D2073): 34
LogDevObjectVersion:   Dev-Mobile (B02B49B5-BB20-44E9-A304-32B752E40360): 2
LogDevObjectVersion:   Dev-Networking (A4E4105C-59A1-49B5-A7C5-40C4547EDFEE): 0
LogDevObjectVersion:   Dev-Online (39C831C9-5AE6-47DC-9A44-9C173E1C8E7C): 0
LogDevObjectVersion:   Dev-Physics (78F01B33-EBEA-4F98-B9B4-84EACCB95AA2): 0
LogDevObjectVersion:   Dev-Platform (6631380F-2D4D-43E0-8009-CF276956A95A): 0
LogDevObjectVersion:   Dev-Rendering (12F88B9F-8875-4AFC-A67C-D90C383ABD29): 27
LogDevObjectVersion:   Dev-Sequencer (7B5AE74C-D270-4C10-A958-57980B212A5A): 9
LogDevObjectVersion:   Dev-VR (D7296918-1DD6-4BDD-9DE2-64A83CC13884): 2
LogDevObjectVersion:   Dev-LoadTimes (C2A15278-BFE7-4AFE-6C17-90FF531DF755): 1
LogDevObjectVersion:   Private-Geometry (6EACA3D4-40EC-4CC1-B786-8BED09428FC5): 3
LogDevObjectVersion:   Dev-AnimPhys (29E575DD-E0A3-4627-9D10-D276232CDCEA): 17
LogDevObjectVersion:   Dev-Anim (AF43A65D-7FD3-4947-9873-3E8ED9C1BB05): 2
LogDevObjectVersion:   Dev-ReflectionCapture (6B266CEC-1EC7-4B8F-A30B-E4D90942FC07): 1
LogDevObjectVersion:   Dev-Automation (0DF73D61-A23F-47EA-B727-89E90C41499A): 1
LogDevObjectVersion:   FortniteMain (601D1886-AC64-4F84-AA16-D3DE0DEAC7D6): 17
LogDevObjectVersion:   Dev-Enterprise (9DFFBCD6-494F-0158-E221-12823C92A888): 4
LogDevObjectVersion:   Dev-Niagara (F2AED0AC-9AFE-416F-8664-AA7FFA26D6FC): 1
LogStreaming: Display: Took  0.001s to delete old logs.
LogInit: Presizing for max 8388607 objects, including 0 objects not considered by GC, pre-allocating 0 bytes for permanent pool.
LogInit: Object subsystem initialized
LogConfig: Setting CVar [[con.DebugEarlyDefault:1]]
LogConfig: Setting CVar [[r.setres:1280x720]]
[2019.06.16-06.27.10:586][  0]LogConfig: Setting CVar [[r.VSync:0]]
[2019.06.16-06.27.10:586][  0]LogConfig: Setting CVar [[r.RHICmdBypass:0]]
[2019.06.16-06.27.10:586][  0]LogConfig: Applying CVar settings from Section [/Script/Engine.RendererSettings] File [C:/Users/mckan/OneDrive/Documents/GitHub/Summer/9. City Block/BaseCityBlock/Saved/Config/Windows/Engine.ini]
[2019.06.16-06.27.10:586][  0]LogConfig: Setting CVar [[r.GPUCrashDebugging:0]]
[2019.06.16-06.27.10:586][  0]LogConfig: Applying CVar settings from Section [/Script/Engine.RendererOverrideSettings] File [C:/Users/mckan/OneDrive/Documents/GitHub/Summer/9. City Block/BaseCityBlock/Saved/Config/Windows/Engine.ini]
[2019.06.16-06.27.10:586][  0]LogConfig: Applying CVar settings from Section [/Script/Engine.StreamingSettings] File [C:/Users/mckan/OneDrive/Documents/GitHub/Summer/9. City Block/BaseCityBlock/Saved/Config/Windows/Engine.ini]
[2019.06.16-06.27.10:586][  0]LogConfig: Setting CVar [[s.MinBulkDataSizeForAsyncLoading:131072]]
[2019.06.16-06.27.10:586][  0]LogConfig: Setting CVar [[s.AsyncLoadingThreadEnabled:0]]
[2019.06.16-06.27.10:586][  0]LogConfig: Setting CVar [[s.EventDrivenLoaderEnabled:1]]
[2019.06.16-06.27.10:586][  0]LogConfig: Setting CVar [[s.WarnIfTimeLimitExceeded:0]]
[2019.06.16-06.27.10:586][  0]LogConfig: Setting CVar [[s.TimeLimitExceededMultiplier:1.5]]
[2019.06.16-06.27.10:586][  0]LogConfig: Setting CVar [[s.TimeLimitExceededMinTime:0.005]]
[2019.06.16-06.27.10:586][  0]LogConfig: Setting CVar [[s.UseBackgroundLevelStreaming:1]]
[2019.06.16-06.27.10:586][  0]LogConfig: Setting CVar [[s.PriorityAsyncLoadingExtraTime:15.0]]
[2019.06.16-06.27.10:586][  0]LogConfig: Setting CVar [[s.LevelStreamingActorsUpdateTimeLimit:5.0]]
[2019.06.16-06.27.10:586][  0]LogConfig: Setting CVar [[s.PriorityLevelStreamingActorsUpdateExtraTime:5.0]]
[2019.06.16-06.27.10:586][  0]LogConfig: Setting CVar [[s.LevelStreamingComponentsRegistrationGranularity:10]]
[2019.06.16-06.27.10:586][  0]LogConfig: Setting CVar [[s.UnregisterComponentsTimeLimit:1.0]]
[2019.06.16-06.27.10:586][  0]LogConfig: Setting CVar [[s.LevelStreamingComponentsUnregistrationGranularity:5]]
[2019.06.16-06.27.10:586][  0]LogConfig: Applying CVar settings from Section [/Script/Engine.GarbageCollectionSettings] File [C:/Users/mckan/OneDrive/Documents/GitHub/Summer/9. City Block/BaseCityBlock/Saved/Config/Windows/Engine.ini]
[2019.06.16-06.27.10:586][  0]LogConfig: Setting CVar [[gc.MaxObjectsNotConsideredByGC:1]]
[2019.06.16-06.27.10:586][  0]LogConfig: Setting CVar [[gc.SizeOfPermanentObjectPool:0]]
[2019.06.16-06.27.10:586][  0]LogConfig: Setting CVar [[gc.FlushStreamingOnGC:0]]
[2019.06.16-06.27.10:586][  0]LogConfig: Setting CVar [[gc.NumRetriesBeforeForcingGC:10]]
[2019.06.16-06.27.10:586][  0]LogConfig: Setting CVar [[gc.AllowParallelGC:1]]
[2019.06.16-06.27.10:586][  0]LogConfig: Setting CVar [[gc.TimeBetweenPurgingPendingKillObjects:61.1]]
[2019.06.16-06.27.10:586][  0]LogConfig: Setting CVar [[gc.MaxObjectsInEditor:8388607]]
[2019.06.16-06.27.10:586][  0]LogConfig: Setting CVar [[gc.IncrementalBeginDestroyEnabled:1]]
[2019.06.16-06.27.10:586][  0]LogConfig: Setting CVar [[gc.CreateGCClusters:1]]
[2019.06.16-06.27.10:586][  0]LogConfig: Setting CVar [[gc.MergeGCClusters:0]]
[2019.06.16-06.27.10:586][  0]LogConfig: Setting CVar [[gc.MinGCClusterSize:5]]
[2019.06.16-06.27.10:586][  0]LogConfig: Setting CVar [[gc.ActorClusteringEnabled:0]]
[2019.06.16-06.27.10:586][  0]LogConfig: Setting CVar [[gc.BlueprintClusteringEnabled:0]]
[2019.06.16-06.27.10:586][  0]LogConfig: Setting CVar [[gc.UseDisregardForGCOnDedicatedServers:0]]
[2019.06.16-06.27.10:586][  0]LogConfig: Applying CVar settings from Section [/Script/Engine.NetworkSettings] File [C:/Users/mckan/OneDrive/Documents/GitHub/Summer/9. City Block/BaseCityBlock/Saved/Config/Windows/Engine.ini]
[2019.06.16-06.27.10:586][  0]LogConfig: Applying CVar settings from Section [/Script/UnrealEd.CookerSettings] File [C:/Users/mckan/OneDrive/Documents/GitHub/Summer/9. City Block/BaseCityBlock/Saved/Config/Windows/Engine.ini]
[2019.06.16-06.27.10:588][  0]LogConfig: Applying CVar settings from Section [ViewDistanceQuality@3] File [C:/Users/mckan/OneDrive/Documents/GitHub/Summer/9. City Block/BaseCityBlock/Saved/Config/Windows/Scalability.ini]
[2019.06.16-06.27.10:588][  0]LogConfig: Setting CVar [[r.SkeletalMeshLODBias:0]]
[2019.06.16-06.27.10:588][  0]LogConfig: Setting CVar [[r.ViewDistanceScale:1.0]]
[2019.06.16-06.27.10:588][  0]LogConfig: Applying CVar settings from Section [AntiAliasingQuality@3] File [C:/Users/mckan/OneDrive/Documents/GitHub/Summer/9. City Block/BaseCityBlock/Saved/Config/Windows/Scalability.ini]
[2019.06.16-06.27.10:588][  0]LogConfig: Setting CVar [[r.PostProcessAAQuality:4]]
[2019.06.16-06.27.10:588][  0]LogConfig: Applying CVar settings from Section [ShadowQuality@3] File [C:/Users/mckan/OneDrive/Documents/GitHub/Summer/9. City Block/BaseCityBlock/Saved/Config/Windows/Scalability.ini]
[2019.06.16-06.27.10:588][  0]LogConfig: Setting CVar [[r.LightFunctionQuality:1]]
[2019.06.16-06.27.10:588][  0]LogConfig: Setting CVar [[r.ShadowQuality:5]]
[2019.06.16-06.27.10:588][  0]LogConfig: Setting CVar [[r.Shadow.CSM.MaxCascades:10]]
[2019.06.16-06.27.10:588][  0]LogConfig: Setting CVar [[r.Shadow.MaxResolution:2048]]
[2019.06.16-06.27.10:588][  0]LogConfig: Setting CVar [[r.Shadow.MaxCSMResolution:2048]]
[2019.06.16-06.27.10:588][  0]LogConfig: Setting CVar [[r.Shadow.RadiusThreshold:0.01]]
[2019.06.16-06.27.10:589][  0]LogConfig: Setting CVar [[r.Shadow.DistanceScale:1.0]]
[2019.06.16-06.27.10:589][  0]LogConfig: Setting CVar [[r.Shadow.CSM.TransitionScale:1.0]]
[2019.06.16-06.27.10:589][  0]LogConfig: Setting CVar [[r.Shadow.PreShadowResolutionFactor:1.0]]
[2019.06.16-06.27.10:589][  0]LogConfig: Setting CVar [[r.DistanceFieldShadowing:1]]
[2019.06.16-06.27.10:589][  0]LogConfig: Setting CVar [[r.DistanceFieldAO:1]]
[2019.06.16-06.27.10:589][  0]LogConfig: Setting CVar [[r.AOQuality:2]]
[2019.06.16-06.27.10:589][  0]LogConfig: Setting CVar [[r.VolumetricFog:1]]
[2019.06.16-06.27.10:589][  0]LogConfig: Setting CVar [[r.VolumetricFog.GridPixelSize:8]]
[2019.06.16-06.27.10:589][  0]LogConfig: Setting CVar [[r.VolumetricFog.GridSizeZ:128]]
[2019.06.16-06.27.10:589][  0]LogConfig: Setting CVar [[r.VolumetricFog.HistoryMissSupersampleCount:4]]
[2019.06.16-06.27.10:589][  0]LogConfig: Setting CVar [[r.LightMaxDrawDistanceScale:1]]
[2019.06.16-06.27.10:589][  0]LogConfig: Setting CVar [[r.CapsuleShadows:1]]
[2019.06.16-06.27.10:589][  0]LogConfig: Applying CVar settings from Section [PostProcessQuality@3] File [C:/Users/mckan/OneDrive/Documents/GitHub/Summer/9. City Block/BaseCityBlock/Saved/Config/Windows/Scalability.ini]
[2019.06.16-06.27.10:589][  0]LogConfig: Setting CVar [[r.MotionBlurQuality:4]]
[2019.06.16-06.27.10:589][  0]LogConfig: Setting CVar [[r.AmbientOcclusionMipLevelFactor:0.4]]
[2019.06.16-06.27.10:589][  0]LogConfig: Setting CVar [[r.AmbientOcclusionMaxQuality:100]]
[2019.06.16-06.27.10:589][  0]LogConfig: Setting CVar [[r.AmbientOcclusionLevels:-1]]
[2019.06.16-06.27.10:589][  0]LogConfig: Setting CVar [[r.AmbientOcclusionRadiusScale:1.0]]
[2019.06.16-06.27.10:589][  0]LogConfig: Setting CVar [[r.DepthOfFieldQuality:2]]
[2019.06.16-06.27.10:589][  0]LogConfig: Setting CVar [[r.RenderTargetPoolMin:400]]
[2019.06.16-06.27.10:589][  0]LogConfig: Setting CVar [[r.LensFlareQuality:2]]
[2019.06.16-06.27.10:589][  0]LogConfig: Setting CVar [[r.SceneColorFringeQuality:1]]
[2019.06.16-06.27.10:589][  0]LogConfig: Setting CVar [[r.EyeAdaptationQuality:2]]
[2019.06.16-06.27.10:589][  0]LogConfig: Setting CVar [[r.BloomQuality:5]]
[2019.06.16-06.27.10:589][  0]LogConfig: Setting CVar [[r.FastBlurThreshold:100]]
[2019.06.16-06.27.10:589][  0]LogConfig: Setting CVar [[r.Upscale.Quality:3]]
[2019.06.16-06.27.10:589][  0]LogConfig: Setting CVar [[r.Tonemapper.GrainQuantization:1]]
[2019.06.16-06.27.10:589][  0]LogConfig: Setting CVar [[r.LightShaftQuality:1]]
[2019.06.16-06.27.10:589][  0]LogConfig: Setting CVar [[r.Filter.SizeScale:1]]
[2019.06.16-06.27.10:589][  0]LogConfig: Setting CVar [[r.Tonemapper.Quality:5]]
[2019.06.16-06.27.10:589][  0]LogConfig: Setting CVar [[r.DOF.Gather.AccumulatorQuality:1        ; higher gathering accumulator quality]]
[2019.06.16-06.27.10:589][  0]LogConfig: Setting CVar [[r.DOF.Gather.PostfilterMethod:1          ; Median3x3 postfilering method]]
[2019.06.16-06.27.10:589][  0]LogConfig: Setting CVar [[r.DOF.Gather.EnableBokehSettings:0       ; no bokeh simulation when gathering]]
[2019.06.16-06.27.10:589][  0]LogConfig: Setting CVar [[r.DOF.Gather.RingCount:4                 ; medium number of samples when gathering]]
[2019.06.16-06.27.10:589][  0]LogConfig: Setting CVar [[r.DOF.Scatter.ForegroundCompositing:1    ; additive foreground scattering]]
[2019.06.16-06.27.10:589][  0]LogConfig: Setting CVar [[r.DOF.Scatter.BackgroundCompositing:2    ; additive background scattering]]
[2019.06.16-06.27.10:589][  0]LogConfig: Setting CVar [[r.DOF.Scatter.EnableBokehSettings:1      ; bokeh simulation when scattering]]
[2019.06.16-06.27.10:589][  0]LogConfig: Setting CVar [[r.DOF.Scatter.MaxSpriteRatio:0.1         ; only a maximum of 10% of scattered bokeh]]
[2019.06.16-06.27.10:589][  0]LogConfig: Setting CVar [[r.DOF.Recombine.Quality:1                ; cheap slight out of focus]]
[2019.06.16-06.27.10:589][  0]LogConfig: Setting CVar [[r.DOF.Recombine.EnableBokehSettings:0    ; no bokeh simulation on slight out of focus]]
[2019.06.16-06.27.10:589][  0]LogConfig: Setting CVar [[r.DOF.TemporalAAQuality:1                ; more stable temporal accumulation]]
[2019.06.16-06.27.10:589][  0]LogConfig: Setting CVar [[r.DOF.Kernel.MaxForegroundRadius:0.025]]
[2019.06.16-06.27.10:589][  0]LogConfig: Setting CVar [[r.DOF.Kernel.MaxBackgroundRadius:0.025]]
[2019.06.16-06.27.10:589][  0]LogConfig: Applying CVar settings from Section [TextureQuality@3] File [C:/Users/mckan/OneDrive/Documents/GitHub/Summer/9. City Block/BaseCityBlock/Saved/Config/Windows/Scalability.ini]
[2019.06.16-06.27.10:589][  0]LogConfig: Setting CVar [[r.Streaming.MipBias:0]]
[2019.06.16-06.27.10:589][  0]LogConfig: Setting CVar [[r.Streaming.AmortizeCPUToGPUCopy:0]]
[2019.06.16-06.27.10:589][  0]LogConfig: Setting CVar [[r.Streaming.MaxNumTexturesToStreamPerFrame:0]]
[2019.06.16-06.27.10:589][  0]LogConfig: Setting CVar [[r.Streaming.Boost:1]]
[2019.06.16-06.27.10:589][  0]LogConfig: Setting CVar [[r.MaxAnisotropy:8]]
[2019.06.16-06.27.10:589][  0]LogConfig: Setting CVar [[r.Streaming.LimitPoolSizeToVRAM:0]]
[2019.06.16-06.27.10:589][  0]LogConfig: Setting CVar [[r.Streaming.PoolSize:1000]]
[2019.06.16-06.27.10:589][  0]LogConfig: Setting CVar [[r.Streaming.MaxEffectiveScreenSize:0]]
[2019.06.16-06.27.10:589][  0]LogConfig: Applying CVar settings from Section [EffectsQuality@3] File [C:/Users/mckan/OneDrive/Documents/GitHub/Summer/9. City Block/BaseCityBlock/Saved/Config/Windows/Scalability.ini]
[2019.06.16-06.27.10:589][  0]LogConfig: Setting CVar [[r.TranslucencyLightingVolumeDim:64]]
[2019.06.16-06.27.10:589][  0]LogConfig: Setting CVar [[r.RefractionQuality:2]]
[2019.06.16-06.27.10:589][  0]LogConfig: Setting CVar [[r.SSR.Quality:3]]
[2019.06.16-06.27.10:589][  0]LogConfig: Setting CVar [[r.SceneColorFormat:4]]
[2019.06.16-06.27.10:589][  0]LogConfig: Setting CVar [[r.DetailMode:2]]
[2019.06.16-06.27.10:589][  0]LogConfig: Setting CVar [[r.TranslucencyVolumeBlur:1]]
[2019.06.16-06.27.10:589][  0]LogConfig: Setting CVar [[r.MaterialQualityLevel:1 ; High quality]]
[2019.06.16-06.27.10:589][  0]LogConfig: Setting CVar [[r.SSS.Scale:1]]
[2019.06.16-06.27.10:589][  0]LogConfig: Setting CVar [[r.SSS.SampleSet:2]]
[2019.06.16-06.27.10:589][  0]LogConfig: Setting CVar [[r.SSS.Quality:1]]
[2019.06.16-06.27.10:589][  0]LogConfig: Setting CVar [[r.SSS.HalfRes:1]]
[2019.06.16-06.27.10:589][  0]LogConfig: Setting CVar [[r.EmitterSpawnRateScale:1.0]]
[2019.06.16-06.27.10:589][  0]LogConfig: Setting CVar [[r.ParticleLightQuality:2]]
[2019.06.16-06.27.10:589][  0]LogConfig: Applying CVar settings from Section [FoliageQuality@3] File [C:/Users/mckan/OneDrive/Documents/GitHub/Summer/9. City Block/BaseCityBlock/Saved/Config/Windows/Scalability.ini]
[2019.06.16-06.27.10:589][  0]LogConfig: Setting CVar [[foliage.DensityScale:1.0]]
[2019.06.16-06.27.10:589][  0]LogConfig: Setting CVar [[grass.DensityScale:1.0]]
[2019.06.16-06.27.10:589][  0]LogInit: Selected Device Profile: [Windows]
[2019.06.16-06.27.10:589][  0]LogInit: Applying CVar settings loaded from the selected device profile: [Windows]
[2019.06.16-06.27.10:599][  0]LogHAL: Display: Platform has ~ 16 GB [17101348864 / 17179869184 / 16], which maps to Larger [LargestMinGB=32, LargerMinGB=12, DefaultMinGB=8, SmallerMinGB=6, SmallestMinGB=0)
[2019.06.16-06.27.10:599][  0]LogConfig: Setting CVar [[r.Vulkan.UseRealUBs:1]]
[2019.06.16-06.27.10:599][  0]LogInit: Going up to parent DeviceProfile []
[2019.06.16-06.27.10:600][  0]LogConfig: Applying CVar settings from Section [ViewDistanceQuality@0] File [C:/Users/mckan/OneDrive/Documents/GitHub/Summer/9. City Block/BaseCityBlock/Saved/Config/Windows/Scalability.ini]
[2019.06.16-06.27.10:600][  0]LogConfig: Setting CVar [[r.SkeletalMeshLODBias:2]]
[2019.06.16-06.27.10:600][  0]LogConfig: Setting CVar [[r.ViewDistanceScale:0.4]]
[2019.06.16-06.27.10:600][  0]LogConfig: Applying CVar settings from Section [AntiAliasingQuality@0] File [C:/Users/mckan/OneDrive/Documents/GitHub/Summer/9. City Block/BaseCityBlock/Saved/Config/Windows/Scalability.ini]
[2019.06.16-06.27.10:600][  0]LogConfig: Setting CVar [[r.PostProcessAAQuality:0]]
[2019.06.16-06.27.10:600][  0]LogConfig: Applying CVar settings from Section [ShadowQuality@0] File [C:/Users/mckan/OneDrive/Documents/GitHub/Summer/9. City Block/BaseCityBlock/Saved/Config/Windows/Scalability.ini]
[2019.06.16-06.27.10:600][  0]LogConfig: Setting CVar [[r.LightFunctionQuality:0]]
[2019.06.16-06.27.10:600][  0]LogConfig: Setting CVar [[r.ShadowQuality:0]]
[2019.06.16-06.27.10:600][  0]LogConfig: Setting CVar [[r.Shadow.CSM.MaxCascades:1]]
[2019.06.16-06.27.10:600][  0]LogConfig: Setting CVar [[r.Shadow.MaxResolution:512]]
[2019.06.16-06.27.10:600][  0]LogConfig: Setting CVar [[r.Shadow.MaxCSMResolution:512]]
[2019.06.16-06.27.10:600][  0]LogConfig: Setting CVar [[r.Shadow.RadiusThreshold:0.06]]
[2019.06.16-06.27.10:600][  0]LogConfig: Setting CVar [[r.Shadow.DistanceScale:0.6]]
[2019.06.16-06.27.10:600][  0]LogConfig: Setting CVar [[r.Shadow.CSM.TransitionScale:0]]
[2019.06.16-06.27.10:600][  0]LogConfig: Setting CVar [[r.Shadow.PreShadowResolutionFactor:0.5]]
[2019.06.16-06.27.10:600][  0]LogConfig: Setting CVar [[r.DistanceFieldShadowing:0]]
[2019.06.16-06.27.10:600][  0]LogConfig: Setting CVar [[r.DistanceFieldAO:0]]
[2019.06.16-06.27.10:600][  0]LogConfig: Setting CVar [[r.VolumetricFog:0]]
[2019.06.16-06.27.10:600][  0]LogConfig: Setting CVar [[r.LightMaxDrawDistanceScale:0]]
[2019.06.16-06.27.10:600][  0]LogConfig: Setting CVar [[r.CapsuleShadows:0]]
[2019.06.16-06.27.10:600][  0]LogConfig: Applying CVar settings from Section [PostProcessQuality@0] File [C:/Users/mckan/OneDrive/Documents/GitHub/Summer/9. City Block/BaseCityBlock/Saved/Config/Windows/Scalability.ini]
[2019.06.16-06.27.10:600][  0]LogConfig: Setting CVar [[r.MotionBlurQuality:0]]
[2019.06.16-06.27.10:600][  0]LogConfig: Setting CVar [[r.AmbientOcclusionMipLevelFactor:1.0]]
[2019.06.16-06.27.10:600][  0]LogConfig: Setting CVar [[r.AmbientOcclusionMaxQuality:0]]
[2019.06.16-06.27.10:600][  0]LogConfig: Setting CVar [[r.AmbientOcclusionLevels:0]]
[2019.06.16-06.27.10:600][  0]LogConfig: Setting CVar [[r.AmbientOcclusionRadiusScale:1.2]]
[2019.06.16-06.27.10:600][  0]LogConfig: Setting CVar [[r.DepthOfFieldQuality:0]]
[2019.06.16-06.27.10:600][  0]LogConfig: Setting CVar [[r.RenderTargetPoolMin:300]]
[2019.06.16-06.27.10:600][  0]LogConfig: Setting CVar [[r.LensFlareQuality:0]]
[2019.06.16-06.27.10:600][  0]LogConfig: Setting CVar [[r.SceneColorFringeQuality:0]]
[2019.06.16-06.27.10:600][  0]LogConfig: Setting CVar [[r.EyeAdaptationQuality:0]]
[2019.06.16-06.27.10:600][  0]LogConfig: Setting CVar [[r.BloomQuality:4]]
[2019.06.16-06.27.10:600][  0]LogConfig: Setting CVar [[r.FastBlurThreshold:0]]
[2019.06.16-06.27.10:600][  0]LogConfig: Setting CVar [[r.Upscale.Quality:1]]
[2019.06.16-06.27.10:600][  0]LogConfig: Setting CVar [[r.Tonemapper.GrainQuantization:0]]
[2019.06.16-06.27.10:600][  0]LogConfig: Setting CVar [[r.LightShaftQuality:0]]
[2019.06.16-06.27.10:600][  0]LogConfig: Setting CVar [[r.Filter.SizeScale:0.6]]
[2019.06.16-06.27.10:600][  0]LogConfig: Setting CVar [[r.Tonemapper.Quality:0]]
[2019.06.16-06.27.10:600][  0]LogConfig: Applying CVar settings from Section [TextureQuality@0] File [C:/Users/mckan/OneDrive/Documents/GitHub/Summer/9. City Block/BaseCityBlock/Saved/Config/Windows/Scalability.ini]
[2019.06.16-06.27.10:600][  0]LogConfig: Setting CVar [[r.Streaming.MipBias:16]]
[2019.06.16-06.27.10:600][  0]LogConfig: Setting CVar [[r.Streaming.AmortizeCPUToGPUCopy:1]]
[2019.06.16-06.27.10:600][  0]LogConfig: Setting CVar [[r.Streaming.MaxNumTexturesToStreamPerFrame:1]]
[2019.06.16-06.27.10:600][  0]LogConfig: Setting CVar [[r.Streaming.Boost:0.3]]
[2019.06.16-06.27.10:600][  0]LogConfig: Setting CVar [[r.MaxAnisotropy:0]]
[2019.06.16-06.27.10:600][  0]LogConfig: Setting CVar [[r.Streaming.LimitPoolSizeToVRAM:1]]
[2019.06.16-06.27.10:600][  0]LogConfig: Setting CVar [[r.Streaming.PoolSize:400]]
[2019.06.16-06.27.10:600][  0]LogConfig: Setting CVar [[r.Streaming.MaxEffectiveScreenSize:0]]
[2019.06.16-06.27.10:600][  0]LogConfig: Applying CVar settings from Section [EffectsQuality@0] File [C:/Users/mckan/OneDrive/Documents/GitHub/Summer/9. City Block/BaseCityBlock/Saved/Config/Windows/Scalability.ini]
[2019.06.16-06.27.10:600][  0]LogConfig: Setting CVar [[r.TranslucencyLightingVolumeDim:24]]
[2019.06.16-06.27.10:600][  0]LogConfig: Setting CVar [[r.RefractionQuality:0]]
[2019.06.16-06.27.10:600][  0]LogConfig: Setting CVar [[r.SSR.Quality:0]]
[2019.06.16-06.27.10:600][  0]LogConfig: Setting CVar [[r.SceneColorFormat:3]]
[2019.06.16-06.27.10:600][  0]LogConfig: Setting CVar [[r.DetailMode:0]]
[2019.06.16-06.27.10:600][  0]LogConfig: Setting CVar [[r.TranslucencyVolumeBlur:0]]
[2019.06.16-06.27.10:600][  0]LogConfig: Setting CVar [[r.MaterialQualityLevel:0 ; Low quality]]
[2019.06.16-06.27.10:600][  0]LogConfig: Setting CVar [[r.SSS.Scale:0]]
[2019.06.16-06.27.10:600][  0]LogConfig: Setting CVar [[r.SSS.SampleSet:0]]
[2019.06.16-06.27.10:600][  0]LogConfig: Setting CVar [[r.SSS.Quality:0]]
[2019.06.16-06.27.10:600][  0]LogConfig: Setting CVar [[r.SSS.HalfRes:1]]
[2019.06.16-06.27.10:600][  0]LogConfig: Setting CVar [[r.EmitterSpawnRateScale:0.125]]
[2019.06.16-06.27.10:600][  0]LogConfig: Setting CVar [[r.ParticleLightQuality:0]]
[2019.06.16-06.27.10:600][  0]LogConfig: Applying CVar settings from Section [FoliageQuality@0] File [C:/Users/mckan/OneDrive/Documents/GitHub/Summer/9. City Block/BaseCityBlock/Saved/Config/Windows/Scalability.ini]
[2019.06.16-06.27.10:600][  0]LogConfig: Setting CVar [[foliage.DensityScale:0]]
[2019.06.16-06.27.10:600][  0]LogConfig: Setting CVar [[grass.DensityScale:0]]
[2019.06.16-06.27.10:600][  0]LogConfig: Applying CVar settings from Section [Startup] File [../../../Engine/Config/ConsoleVariables.ini]
[2019.06.16-06.27.10:600][  0]LogConfig: Setting CVar [[net.UseAdaptiveNetUpdateFrequency:0]]
[2019.06.16-06.27.10:600][  0]LogConfig: Applying CVar settings from Section [ConsoleVariables] File [C:/Users/mckan/OneDrive/Documents/GitHub/Summer/9. City Block/BaseCityBlock/Saved/Config/Windows/Engine.ini]
[2019.06.16-06.27.10:601][  0]LogInit: Computer: MACBLAST
[2019.06.16-06.27.10:601][  0]LogInit: User: mckan
[2019.06.16-06.27.10:601][  0]LogInit: CPU Page size=4096, Cores=2
[2019.06.16-06.27.10:601][  0]LogInit: High frequency timer resolution =2.437505 MHz
[2019.06.16-06.27.10:601][  0]LogMemory: Memory total: Physical=15.9GB (16GB approx)
[2019.06.16-06.27.10:601][  0]LogMemory: Platform Memory Stats for Windows
[2019.06.16-06.27.10:601][  0]LogMemory: Process Physical Memory: 102.33 MB used, 102.33 MB peak
[2019.06.16-06.27.10:601][  0]LogMemory: Process Virtual Memory: 84.88 MB used, 84.88 MB peak
[2019.06.16-06.27.10:601][  0]LogMemory: Physical Memory: 3987.36 MB used,  12321.76 MB free, 16309.12 MB total
[2019.06.16-06.27.10:601][  0]LogMemory: Virtual Memory: 4628.91 MB used,  134213096.00 MB free, 134217728.00 MB total
[2019.06.16-06.27.10:614][  0]LogInit: Using OS detected language (en-US).
[2019.06.16-06.27.10:614][  0]LogInit: Using OS detected locale (en-US).
[2019.06.16-06.27.10:614][  0]LogTextLocalizationManager: No specific localization for 'en-US' exists, so the 'en' localization will be used.
[2019.06.16-06.27.10:939][  0]LogStreaming: Display: Took  0.326s to InitEngineTextLocalization.
[2019.06.16-06.27.10:939][  0]LogInit: Setting process to per monitor DPI aware
[2019.06.16-06.27.10:961][  0]LogSlate: New Slate User Created.  User Index 0, Is Virtual User: 0
[2019.06.16-06.27.10:961][  0]LogSlate: Slate User Registered.  User Index 0, Is Virtual User: 0
[2019.06.16-06.27.11:190][  0]LogHMD: Failed to initialize OpenVR with code 110
[2019.06.16-06.27.11:190][  0]LogD3D11RHI: D3D11 adapters:
[2019.06.16-06.27.11:224][  0]LogD3D11RHI:    0. 'Intel(R) Iris(R) Plus Graphics 640' (Feature Level 11_0)
[2019.06.16-06.27.11:224][  0]LogD3D11RHI:       128/0/8154 MB DedicatedVideo/DedicatedSystem/SharedSystem, Outputs:1, VendorId:0x8086
[2019.06.16-06.27.11:226][  0]LogD3D11RHI:    1. 'Microsoft Basic Render Driver' (Feature Level 11_0)
[2019.06.16-06.27.11:226][  0]LogD3D11RHI:       0/0/8154 MB DedicatedVideo/DedicatedSystem/SharedSystem, Outputs:0, VendorId:0x1414
[2019.06.16-06.27.11:226][  0]LogD3D11RHI: Chosen D3D11 Adapter: 0
[2019.06.16-06.27.11:232][  0]LogD3D11RHI: Creating new Direct3DDevice
[2019.06.16-06.27.11:232][  0]LogD3D11RHI:     GPU DeviceId: 0x5926 (for the marketing name, search the web for "GPU Device Id")
[2019.06.16-06.27.11:232][  0]LogWindows: EnumDisplayDevices:
[2019.06.16-06.27.11:233][  0]LogWindows:    0. 'Intel(R) Iris(R) Plus Graphics 640' (P:1 D:1)
[2019.06.16-06.27.11:233][  0]LogWindows:    1. 'Intel(R) Iris(R) Plus Graphics 640' (P:0 D:0)
[2019.06.16-06.27.11:233][  0]LogWindows:    2. 'Intel(R) Iris(R) Plus Graphics 640' (P:0 D:0)
[2019.06.16-06.27.11:233][  0]LogWindows: DebugString: FoundDriverCount:3 
[2019.06.16-06.27.11:233][  0]LogD3D11RHI:     Adapter Name: Intel(R) Iris(R) Plus Graphics 640
[2019.06.16-06.27.11:233][  0]LogD3D11RHI:   Driver Version: 24.20.100.6293 (internal:24.20.100.6293, unified:24.20.100.6293)
[2019.06.16-06.27.11:233][  0]LogD3D11RHI:      Driver Date: 9-26-2018
[2019.06.16-06.27.11:233][  0]LogRHI: Texture pool is 1523 MB (70% of 2176 MB)
[2019.06.16-06.27.11:264][  0]LogD3D11RHI: [IntelMetricsDiscovery] Started
[2019.06.16-06.27.11:264][  0]LogD3D11RHI: Async texture creation enabled
[2019.06.16-06.27.11:271][  0]LogD3D11RHI: GPU Timing Frequency: 12.000048 (Debug: 2 0)
[2019.06.16-06.27.11:567][  0]LogTemp: Display: Loaded TP AllDesktopTargetPlatform
[2019.06.16-06.27.11:584][  0]LogTemp: Display: Loaded TP MacClientTargetPlatform
[2019.06.16-06.27.11:598][  0]LogTemp: Display: Loaded TP MacNoEditorTargetPlatform
[2019.06.16-06.27.11:609][  0]LogTemp: Display: Loaded TP MacServerTargetPlatform
[2019.06.16-06.27.11:622][  0]LogTemp: Display: Loaded TP MacTargetPlatform
[2019.06.16-06.27.11:633][  0]LogTemp: Display: Loaded TP WindowsClientTargetPlatform
[2019.06.16-06.27.11:644][  0]LogTemp: Display: Loaded TP WindowsNoEditorTargetPlatform
[2019.06.16-06.27.11:654][  0]LogTemp: Display: Loaded TP WindowsServerTargetPlatform
[2019.06.16-06.27.11:660][  0]LogTemp: Display: Loaded TP WindowsTargetPlatform
[2019.06.16-06.27.11:719][  0]LogTemp: Display: Loaded TP AndroidTargetPlatform
[2019.06.16-06.27.11:719][  0]LogTemp: Display: Loaded TP AndroidTargetPlatform
[2019.06.16-06.27.11:719][  0]LogTemp: Display: Loaded TP AndroidTargetPlatform
[2019.06.16-06.27.11:719][  0]LogTemp: Display: Loaded TP AndroidTargetPlatform
[2019.06.16-06.27.11:719][  0]LogTemp: Display: Loaded TP AndroidTargetPlatform
[2019.06.16-06.27.11:719][  0]LogTemp: Display: Loaded TP AndroidTargetPlatform
[2019.06.16-06.27.11:719][  0]LogTemp: Display: Loaded TP AndroidTargetPlatform
[2019.06.16-06.27.11:719][  0]LogTemp: Display: Loaded TP AndroidTargetPlatform
[2019.06.16-06.27.11:719][  0]LogTemp: Display: Loaded TP AndroidTargetPlatform
[2019.06.16-06.27.11:719][  0]LogTemp: Display: Loaded TP AndroidTargetPlatform
[2019.06.16-06.27.11:719][  0]LogTemp: Display: Loaded TP AndroidTargetPlatform
[2019.06.16-06.27.11:719][  0]LogTemp: Display: Loaded TP AndroidTargetPlatform
[2019.06.16-06.27.11:719][  0]LogTemp: Display: Loaded TP AndroidTargetPlatform
[2019.06.16-06.27.11:719][  0]LogTemp: Display: Loaded TP AndroidTargetPlatform
[2019.06.16-06.27.11:719][  0]LogTemp: Display: Loaded TP AndroidTargetPlatform
[2019.06.16-06.27.11:719][  0]LogTemp: Display: Loaded TP AndroidTargetPlatform
[2019.06.16-06.27.11:719][  0]LogTemp: Display: Loaded TP AndroidTargetPlatform
[2019.06.16-06.27.11:719][  0]LogTemp: Display: Loaded TP AndroidTargetPlatform
[2019.06.16-06.27.11:720][  0]LogTemp: Display: Loaded TP HTML5TargetPlatform
[2019.06.16-06.27.11:793][  0]LogTemp: Display: Loaded TP IOSTargetPlatform
[2019.06.16-06.27.11:793][  0]LogTemp: Display: Loaded TP IOSTargetPlatform
[2019.06.16-06.27.11:815][  0]LogTemp: Display: Loaded TP TVOSTargetPlatform
[2019.06.16-06.27.11:815][  0]LogTemp: Display: Loaded TP TVOSTargetPlatform
[2019.06.16-06.27.11:826][  0]LogTemp: Display: Loaded TP LinuxClientTargetPlatform
[2019.06.16-06.27.11:836][  0]LogTemp: Display: Loaded TP LinuxNoEditorTargetPlatform
[2019.06.16-06.27.11:846][  0]LogTemp: Display: Loaded TP LinuxServerTargetPlatform
[2019.06.16-06.27.11:857][  0]LogTemp: Display: Loaded TP LinuxTargetPlatform
[2019.06.16-06.27.11:894][  0]LogTemp: Display: Loaded TP LuminTargetPlatform
[2019.06.16-06.27.11:894][  0]LogTemp: Display: Loaded TP LuminTargetPlatform
[2019.06.16-06.27.11:895][  0]LogTargetPlatformManager: Display: Building Assets For Windows
[2019.06.16-06.27.11:944][  0]LogShaderCompilers: Guid format shader working directory is -44 characters bigger than the processId version (../../../../../../Users/mckan/OneDrive/Documents/GitHub/Summer/9. City Block/BaseCityBlock/Intermediate/Shaders/WorkingDirectory/9048/).
[2019.06.16-06.27.11:944][  0]LogShaderCompilers: Cleaned the shader compiler working directory 'C:/Users/mckan/AppData/Local/Temp/UnrealShaderWorkingDir/38C72517448E492B2320B2B69B4A1498/'.
[2019.06.16-06.27.11:946][  0]LogXGEController: Cannot use XGE Controller as Incredibuild is not installed on this machine.
[2019.06.16-06.27.11:946][  0]LogShaderCompilers: Cannot use XGE Shader Compiler as Incredibuild is not installed on this machine.
[2019.06.16-06.27.11:946][  0]LogShaderCompilers: Display: Using Local Shader Compiler.
[2019.06.16-06.27.12:401][  0]LogDerivedDataCache: Display: Max Cache Size: 512 MB
[2019.06.16-06.27.12:450][  0]LogDerivedDataCache: Loaded boot cache 0.05s 71MB C:/Users/mckan/AppData/Local/UnrealEngine/4.21/DerivedDataCache/Boot.ddc.
[2019.06.16-06.27.12:450][  0]LogDerivedDataCache: Display: Loaded Boot cache: C:/Users/mckan/AppData/Local/UnrealEngine/4.21/DerivedDataCache/Boot.ddc
[2019.06.16-06.27.12:450][  0]LogDerivedDataCache: FDerivedDataBackendGraph:  Pak pak cache file ../../../../../../Users/mckan/OneDrive/Documents/GitHub/Summer/9. City Block/BaseCityBlock/DerivedDataCache/DDC.ddp not found, will not use a pak cache.
[2019.06.16-06.27.12:450][  0]LogDerivedDataCache: Unable to find inner node Pak for hierarchical cache Hierarchy.
[2019.06.16-06.27.12:451][  0]LogDerivedDataCache: FDerivedDataBackendGraph:  CompressedPak pak cache file ../../../../../../Users/mckan/OneDrive/Documents/GitHub/Summer/9. City Block/BaseCityBlock/DerivedDataCache/Compressed.ddp not found, will not use a pak cache.
[2019.06.16-06.27.12:451][  0]LogDerivedDataCache: Unable to find inner node CompressedPak for hierarchical cache Hierarchy.
[2019.06.16-06.27.12:464][  0]LogDerivedDataCache: Display: Pak cache opened for reading ../../../Engine/DerivedDataCache/Compressed.ddp.
[2019.06.16-06.27.12:464][  0]LogDerivedDataCache: FDerivedDataBackendGraph:  EnterprisePak pak cache file ../../../Enterprise/DerivedDataCache/Compressed.ddp not found, will not use a pak cache.
[2019.06.16-06.27.12:464][  0]LogDerivedDataCache: Unable to find inner node EnterprisePak for hierarchical cache Hierarchy.
[2019.06.16-06.27.12:477][  0]LogDerivedDataCache: Using Local data cache path C:/Users/mckan/AppData/Local/UnrealEngine/Common/DerivedDataCache: Writable
[2019.06.16-06.27.12:477][  0]LogDerivedDataCache: Shared data cache path not found in *engine.ini, will not use an Shared cache.
[2019.06.16-06.27.12:477][  0]LogDerivedDataCache: Unable to find inner node Shared for hierarchical cache Hierarchy.
[2019.06.16-06.27.12:498][  0]LogMaterial: Verifying Global Shaders for PCD3D_SM5
[2019.06.16-06.27.12:499][  0]LogSlate: Using FreeType 2.6.0
[2019.06.16-06.27.12:500][  0]LogSlate: SlateFontServices - WITH_FREETYPE: 1, WITH_HARFBUZZ: 1
[2019.06.16-06.27.12:577][  0]LogAssetRegistry: FAssetRegistry took 0.0315 seconds to start up
[2019.06.16-06.27.12:868][  0]LogInit: Selected Device Profile: [Windows]
[2019.06.16-06.27.13:005][  0]LogSimplygon: Simplygon DLL not present - disabling.
[2019.06.16-06.27.13:008][  0]LogMeshReduction: Using SimplygonSwarm for distributed automatic mesh merging
[2019.06.16-06.27.13:008][  0]LogMeshReduction: Using ProxyLODMeshReduction for automatic mesh merging
[2019.06.16-06.27.13:008][  0]LogMeshReduction: Using QuadricMeshReduction for automatic static mesh reduction
[2019.06.16-06.27.13:008][  0]LogMeshReduction: No automatic skeletal mesh reduction module available
[2019.06.16-06.27.13:022][  0]LogNetVersion: City_Block 1.0.0, NetCL: 4541578, EngineNetVer: 5, GameNetVer: 0 (Checksum: 3938671958)
[2019.06.16-06.27.13:490][  0]LogPackageLocalizationCache: Processed 11 localized package path(s) for 2 prioritized culture(s) in 0.085452 seconds
[2019.06.16-06.27.13:496][  0]LogUObjectArray: 39775 objects as part of root set at end of initial load.
[2019.06.16-06.27.13:496][  0]LogUObjectAllocator: 6914656 out of 0 bytes used by permanent object pool.
[2019.06.16-06.27.13:496][  0]LogUObjectArray: CloseDisregardForGC: 0/0 objects in disregard for GC pool
[2019.06.16-06.27.14:209][  0]LogTcpMessaging: Initializing TcpMessaging bridge
[2019.06.16-06.27.14:225][  0]LogUdpMessaging: Initializing bridge on interface 0.0.0.0:0 to multicast group 230.0.0.1:6666.
[2019.06.16-06.27.14:817][  0]SourceControl: Source control is disabled
[2019.06.16-06.27.14:817][  0]SourceControl: Source control is disabled
[2019.06.16-06.27.14:818][  0]SourceControl: Source control is disabled
[2019.06.16-06.27.14:819][  0]SourceControl: Source control is disabled
[2019.06.16-06.27.14:996][  0]LogAndroidPermission: UAndroidPermissionCallbackProxy::GetInstance
[2019.06.16-06.27.15:046][  0]LogOcInput: OculusInput pre-init called
[2019.06.16-06.27.15:186][  0]LogEngine: Initializing Engine...
[2019.06.16-06.27.15:187][  0]LogHMD: Failed to initialize OpenVR with code 110
[2019.06.16-06.27.15:188][  0]LogStats: UGameplayTagsManager::ConstructGameplayTagTree: ImportINI prefixes -  0.000 s
[2019.06.16-06.27.15:188][  0]LogStats: UGameplayTagsManager::ConstructGameplayTagTree: Construct from data asset -  0.000 s
[2019.06.16-06.27.15:188][  0]LogStats: UGameplayTagsManager::ConstructGameplayTagTree: ImportINI -  0.000 s
[2019.06.16-06.27.15:188][  0]LogStats: UGameplayTagsManager::ConstructGameplayTagTree: GameplayTagTreeChangedEvent.Broadcast -  0.000 s
[2019.06.16-06.27.15:407][  0]LogInit: Initializing FReadOnlyCVARCache
[2019.06.16-06.27.15:419][  0]LogAIModule: Creating AISystem for world Untitled
[2019.06.16-06.27.15:427][  0]LogInit: XAudio2 using 'Speakers (Realtek High Definition Audio(SST))' : 2 channels at 48 kHz using 32 bits per sample (channel mask 0x3)
[2019.06.16-06.27.15:570][  0]LogInit: FAudioDevice initialized.
[2019.06.16-06.27.15:570][  0]LogNetVersion: Set ProjectVersion to 1.0.0.0. Version Checksum will be recalculated on next use.
[2019.06.16-06.27.15:636][  0]LogDerivedDataCache: Saved boot cache 0.07s 71MB C:/Users/mckan/AppData/Local/UnrealEngine/4.21/DerivedDataCache/Boot.ddc.
[2019.06.16-06.27.15:649][  0]LogInit: Texture streaming: Enabled
[2019.06.16-06.27.15:675][  0]LogEngineSessionManager: EngineSessionManager initialized
[2019.06.16-06.27.15:686][  0]LogInit: Transaction tracking system initialized
[2019.06.16-06.27.15:706][  0]BlueprintLog: New page: Editor Load
[2019.06.16-06.27.15:772][  0]LocalizationService: Localization service is disabled
[2019.06.16-06.27.16:574][  0]LogFileCache: Scanning file cache for directory 'C:/Users/mckan/OneDrive/Documents/GitHub/Summer/9. City Block/BaseCityBlock/Content/' took 0.01s
[2019.06.16-06.27.16:574][  0]LogCook: Display: Max memory allowance for cook 16384mb min free memory 0mb
[2019.06.16-06.27.16:574][  0]LogCook: Display: Mobile HDR setting 1
[2019.06.16-06.27.16:574][  0]LogGameplayTags: Display: UGameplayTagsManager::DoneAddingNativeTags. DelegateIsBound: 0
[2019.06.16-06.27.16:574][  0]LogStats: UGameplayTagsManager::ConstructGameplayTagTree: ImportINI prefixes -  0.000 s
[2019.06.16-06.27.16:574][  0]LogStats: UGameplayTagsManager::ConstructGameplayTagTree: Construct from data asset -  0.000 s
[2019.06.16-06.27.16:575][  0]LogStats: UGameplayTagsManager::ConstructGameplayTagTree: ImportINI -  0.000 s
[2019.06.16-06.27.16:575][  0]LogStats: UGameplayTagsManager::ConstructGameplayTagTree: GameplayTagTreeChangedEvent.Broadcast -  0.000 s
[2019.06.16-06.27.16:685][  0]SourceControl: Source control is disabled
[2019.06.16-06.27.16:796][  0]LogWindowsTextInputMethodSystem: Display: IME system now deactivated.
[2019.06.16-06.27.16:797][  0]LogSlate: Took 0.000184 seconds to synchronously load lazily loaded font '../../../Engine/Content/Slate/Fonts/Roboto-Regular.ttf' (155K)
[2019.06.16-06.27.33:384][  0]LogSlate: Window 'Restore Packages' being destroyed
[2019.06.16-06.27.33:384][  0]LogWindowsTextInputMethodSystem: Display: IME system now deactivated.
[2019.06.16-06.27.33:386][  0]LogWindowsTextInputMethodSystem: Display: IME system now deactivated.
[2019.06.16-06.27.33:396][  0]Cmd: MAP LOAD FILE="../../../Engine/Content/Maps/Templates/Template_Default.umap" TEMPLATE=1 SHOWPROGRESS=1 FEATURELEVEL=3
[2019.06.16-06.27.33:396][  0]LightingResults: New page: Lighting Build
[2019.06.16-06.27.33:401][  0]MapCheck: New page: Map Check
[2019.06.16-06.27.33:401][  0]LightingResults: New page: Lighting Build
[2019.06.16-06.27.33:593][  0]LogAIModule: Creating AISystem for world Untitled_1
[2019.06.16-06.27.33:601][  0]LogEditorServer: Finished looking for orphan Actors (0.000 secs)
[2019.06.16-06.27.33:619][  0]Cmd: MAP CHECKDEP NOCLEARLOG
[2019.06.16-06.27.33:620][  0]MapCheck: Map check complete: 0 Error(s), 0 Warning(s), took 0.208ms to complete.
[2019.06.16-06.27.33:620][  0]LogFileHelpers: Loading map 'Template_Default' took 0.224
[2019.06.16-06.27.33:657][  0]LogSlate: Updating window title bar state: overlay mode, drag disabled, window buttons hidden, title bar hidden
[2019.06.16-06.27.33:664][  0]LogSlate: Updating window title bar state: overlay mode, drag disabled, window buttons hidden, title bar hidden
[2019.06.16-06.27.33:670][  0]LogSlate: Updating window title bar state: overlay mode, drag disabled, window buttons hidden, title bar hidden
[2019.06.16-06.27.33:677][  0]LogSlate: Updating window title bar state: overlay mode, drag disabled, window buttons hidden, title bar hidden
[2019.06.16-06.27.33:683][  0]LogCollectionManager: Loaded 0 collections in 0.001434 seconds
[2019.06.16-06.27.33:720][  0]LogFileCache: Scanning file cache for directory 'C:/Users/mckan/OneDrive/Documents/GitHub/Summer/9. City Block/BaseCityBlock/Saved/Collections/' took 0.01s
[2019.06.16-06.27.33:720][  0]LogFileCache: Scanning file cache for directory 'C:/Users/mckan/OneDrive/Documents/GitHub/Summer/9. City Block/BaseCityBlock/Content/Developers/mckan/Collections/' took 0.01s
[2019.06.16-06.27.33:720][  0]LogFileCache: Scanning file cache for directory 'C:/Users/mckan/OneDrive/Documents/GitHub/Summer/9. City Block/BaseCityBlock/Content/Collections/' took 0.00s
[2019.06.16-06.27.33:720][  0]LogCollectionManager: Rebuilt the GUID cache for 0 collections in 0.000000 seconds
[2019.06.16-06.27.33:735][  0]LogContentBrowser: Native class hierarchy populated in 0.0138 seconds. Added 2651 classes and 620 folders.
[2019.06.16-06.27.33:742][  0]LogContentBrowser: Native class hierarchy updated for 'WidgetCarousel' in 0.0003 seconds. Added 0 classes and 0 folders.
[2019.06.16-06.27.33:744][  0]LogPakFile: Registered encryption key '00000000000000000000000000000000': 0 pak files mounted, 0 remain pending
[2019.06.16-06.27.33:744][  0]LogPakFile: Registered encryption key '00000000000000000000000000000000': 0 pak files mounted, 0 remain pending
[2019.06.16-06.27.33:745][  0]LogPakFile: Registered encryption key '00000000000000000000000000000000': 0 pak files mounted, 0 remain pending
[2019.06.16-06.27.33:745][  0]LogPakFile: Registered encryption key '00000000000000000000000000000000': 0 pak files mounted, 0 remain pending
[2019.06.16-06.27.33:745][  0]LogPakFile: Registered encryption key '00000000000000000000000000000000': 0 pak files mounted, 0 remain pending
[2019.06.16-06.27.33:746][  0]LogPakFile: Registered encryption key '00000000000000000000000000000000': 0 pak files mounted, 0 remain pending
[2019.06.16-06.27.33:747][  0]LogPakFile: Registered encryption key '00000000000000000000000000000000': 0 pak files mounted, 0 remain pending
[2019.06.16-06.27.33:747][  0]LogPakFile: Registered encryption key '00000000000000000000000000000000': 0 pak files mounted, 0 remain pending
[2019.06.16-06.27.33:748][  0]LogPakFile: Registered encryption key '00000000000000000000000000000000': 0 pak files mounted, 0 remain pending
[2019.06.16-06.27.33:748][  0]LogPakFile: Registered encryption key '00000000000000000000000000000000': 0 pak files mounted, 0 remain pending
[2019.06.16-06.27.33:749][  0]LogPakFile: Registered encryption key '00000000000000000000000000000000': 0 pak files mounted, 0 remain pending
[2019.06.16-06.27.33:749][  0]LogPakFile: Registered encryption key '00000000000000000000000000000000': 0 pak files mounted, 0 remain pending
[2019.06.16-06.27.33:749][  0]LogPakFile: Registered encryption key '00000000000000000000000000000000': 0 pak files mounted, 0 remain pending
[2019.06.16-06.27.33:750][  0]LogPakFile: Registered encryption key '00000000000000000000000000000000': 0 pak files mounted, 0 remain pending
[2019.06.16-06.27.33:750][  0]LogPakFile: Registered encryption key '00000000000000000000000000000000': 0 pak files mounted, 0 remain pending
[2019.06.16-06.27.33:751][  0]LogPakFile: Registered encryption key '00000000000000000000000000000000': 0 pak files mounted, 0 remain pending
[2019.06.16-06.27.33:751][  0]LogPakFile: Registered encryption key '00000000000000000000000000000000': 0 pak files mounted, 0 remain pending
[2019.06.16-06.27.33:751][  0]LogPakFile: Registered encryption key '00000000000000000000000000000000': 0 pak files mounted, 0 remain pending
[2019.06.16-06.27.33:752][  0]LogPakFile: Registered encryption key '00000000000000000000000000000000': 0 pak files mounted, 0 remain pending
[2019.06.16-06.27.33:752][  0]LogPakFile: Registered encryption key '00000000000000000000000000000000': 0 pak files mounted, 0 remain pending
[2019.06.16-06.27.33:753][  0]LogPakFile: Registered encryption key '00000000000000000000000000000000': 0 pak files mounted, 0 remain pending
[2019.06.16-06.27.33:753][  0]LogPakFile: Registered encryption key '00000000000000000000000000000000': 0 pak files mounted, 0 remain pending
[2019.06.16-06.27.33:754][  0]LogPakFile: Registered encryption key '00000000000000000000000000000000': 0 pak files mounted, 0 remain pending
[2019.06.16-06.27.33:754][  0]LogPakFile: Registered encryption key '00000000000000000000000000000000': 0 pak files mounted, 0 remain pending
[2019.06.16-06.27.33:755][  0]LogPakFile: Registered encryption key '00000000000000000000000000000000': 0 pak files mounted, 0 remain pending
[2019.06.16-06.27.33:755][  0]LogPakFile: Registered encryption key '00000000000000000000000000000000': 0 pak files mounted, 0 remain pending
[2019.06.16-06.27.33:780][  0]LogContentBrowser: Native class hierarchy updated for 'AddContentDialog' in 0.0002 seconds. Added 0 classes and 0 folders.
[2019.06.16-06.27.33:785][  0]LogContentBrowser: Native class hierarchy updated for 'SceneOutliner' in 0.0003 seconds. Added 1 classes and 2 folders.
[2019.06.16-06.27.33:798][  0]LogSlate: Took 0.000185 seconds to synchronously load lazily loaded font '../../../Engine/Content/Slate/Fonts/Roboto-Bold.ttf' (160K)
[2019.06.16-06.27.33:804][  0]LogSlate: Took 0.000246 seconds to synchronously load lazily loaded font '../../../Engine/Content/Editor/Slate/Fonts/FontAwesome.ttf' (139K)
[2019.06.16-06.27.33:858][  0]LogRenderer: Reallocating scene render targets to support 888x468 Format 9 NumSamples 1 (Frame:1).
[2019.06.16-06.27.33:996][  0]LogContentBrowser: Native class hierarchy updated for 'HierarchicalLODOutliner' in 0.0003 seconds. Added 0 classes and 0 folders.
[2019.06.16-06.27.33:996][  0]LogLoad: (Engine Initialization) Total time: 24.80 seconds
[2019.06.16-06.27.33:996][  0]LogLoad: (Engine Initialization) Total Blueprint compile time: 0.00 seconds
[2019.06.16-06.27.34:015][  0]LogEditorViewport: Clicking on Actor (LMB): BP_Sky_Sphere_C (Sky Sphere)
[2019.06.16-06.27.34:282][  0]LogContentStreaming: Texture pool size now 400 MB
[2019.06.16-06.27.34:319][  1]LogAssetRegistry: Asset discovery search completed in 21.7640 seconds
[2019.06.16-06.27.34:321][  1]LogCollectionManager: Rebuilt the object cache for 0 collections in 0.000001 seconds (found 0 objects)
[2019.06.16-06.27.34:321][  1]LogCollectionManager: Fixed up redirectors for 0 collections in 0.000102 seconds (updated 0 objects)
[2019.06.16-06.27.38:520][242]LogSlate: FSceneViewport::OnFocusLost() reason 0
[2019.06.16-06.27.40:850][329]LogSlate: Took 0.000787 seconds to synchronously load lazily loaded font '../../../Engine/Content/Slate/Fonts/Roboto-Light.ttf' (167K)
[2019.06.16-06.27.41:523][329]LogAIModule: Creating AISystem for world StreetSceneLarge
[2019.06.16-06.27.41:545][329]LogAssetEditorManager: Opening Asset editor for World /Game/StreetSceneLarge.StreetSceneLarge
[2019.06.16-06.27.41:590][329]Cmd: MAP LOAD FILE="../../../../../../Users/mckan/OneDrive/Documents/GitHub/Summer/9. City Block/BaseCityBlock/Content/StreetSceneLarge.umap" TEMPLATE=0 SHOWPROGRESS=1 FEATURELEVEL=3
[2019.06.16-06.27.41:590][329]LightingResults: New page: Lighting Build
[2019.06.16-06.27.41:591][329]LoadErrors: New page: Loading map: StreetSceneLarge.umap
[2019.06.16-06.27.41:592][329]MapCheck: New page: Map Check
[2019.06.16-06.27.41:593][329]LightingResults: New page: Lighting Build
[2019.06.16-06.27.41:667][329]LogEditorServer: Finished looking for orphan Actors (0.000 secs)
[2019.06.16-06.27.41:743][329]Cmd: MAP CHECKDEP NOCLEARLOG
[2019.06.16-06.27.41:743][329]MapCheck: Map check complete: 0 Error(s), 0 Warning(s), took 0.282ms to complete.
[2019.06.16-06.27.41:743][329]LogFileHelpers: Loading map 'StreetSceneLarge' took 0.154
[2019.06.16-06.27.56:264][726]Cmd: CAMERA ALIGN ACTIVEVIEWPORTONLY
[2019.06.16-06.27.56:264][726]Can't find target actor or component.
[2019.06.16-06.27.57:136][746]LogEditorViewport: Clicking on Actor (LMB): StaticMeshActor (Slab_pCube90)
[2019.06.16-06.27.57:808][750]Cmd: CAMERA ALIGN ACTIVEVIEWPORTONLY
[2019.06.16-06.28.01:161][837]LogEditorViewport: Clicking on Actor (LMB): StaticMeshActor (Slab_pCube49)
[2019.06.16-06.28.03:964][893]Cmd: DELETE
[2019.06.16-06.28.03:964][893]Cmd: ACTOR DELETE
[2019.06.16-06.28.04:053][893]LogEditorActor: Deleted Actor: StaticMeshActor
[2019.06.16-06.28.04:054][893]LogEditorActor: Deleted Actor: StaticMeshActor
[2019.06.16-06.28.04:121][893]LogEditorActor: Deleted 2 Actors (0.158 secs)
[2019.06.16-06.28.07:555][979]LogEditorViewport: Clicking on Actor (LMB): StaticMeshActor (Slab_pCube71)
[2019.06.16-06.28.08:686][  5]Cmd: DELETE
[2019.06.16-06.28.08:686][  5]Cmd: ACTOR DELETE
[2019.06.16-06.28.08:744][  5]LogEditorActor: Deleted Actor: StaticMeshActor
[2019.06.16-06.28.08:817][  5]LogEditorActor: Deleted 1 Actors (0.130 secs)
[2019.06.16-06.28.16:376][200]Cmd: DELETE
[2019.06.16-06.28.16:376][200]Cmd: ACTOR DELETE
[2019.06.16-06.28.16:448][200]LogEditorActor: Deleted Actor: StaticMeshActor
[2019.06.16-06.28.16:449][200]LogEditorActor: Deleted Actor: StaticMeshActor
[2019.06.16-06.28.16:521][200]LogEditorActor: Deleted 2 Actors (0.144 secs)
[2019.06.16-06.28.23:185][391]Cmd: TRANSACTION UNDO
[2019.06.16-06.28.23:185][391]LogEditorTransaction: Undo Delete Actors
[2019.06.16-06.28.27:230][507]LogEditorViewport: Clicking on Actor (CTRL LMB): StaticMeshActor (Slab_pCube44)
[2019.06.16-06.28.28:149][530]Cmd: DELETE
[2019.06.16-06.28.28:149][530]Cmd: ACTOR DELETE
[2019.06.16-06.28.28:221][530]LogEditorActor: Deleted Actor: StaticMeshActor
[2019.06.16-06.28.28:222][530]LogEditorActor: Deleted Actor: StaticMeshActor
[2019.06.16-06.28.28:305][530]LogEditorActor: Deleted 2 Actors (0.156 secs)
[2019.06.16-06.28.40:438][846]LogEditorViewport: Clicking on Actor (LMB): StaticMeshActor (Slab_pCube74)
[2019.06.16-06.28.43:000][906]Cmd: DELETE
[2019.06.16-06.28.43:000][906]Cmd: ACTOR DELETE
[2019.06.16-06.28.43:086][906]LogEditorActor: Deleted Actor: StaticMeshActor
[2019.06.16-06.28.43:087][906]LogEditorActor: Deleted Actor: StaticMeshActor
[2019.06.16-06.28.43:088][906]LogEditorActor: Deleted Actor: StaticMeshActor
[2019.06.16-06.28.43:170][906]LogEditorActor: Deleted 3 Actors (0.169 secs)
[2019.06.16-06.28.45:474][969]LogEditorViewport: Clicking on Actor (LMB): StaticMeshActor (Slab_pCube77)
[2019.06.16-06.28.47:756][ 19]Cmd: DELETE
[2019.06.16-06.28.47:756][ 19]Cmd: ACTOR DELETE
[2019.06.16-06.28.47:834][ 19]LogEditorActor: Deleted Actor: StaticMeshActor
[2019.06.16-06.28.47:835][ 19]LogEditorActor: Deleted Actor: StaticMeshActor
[2019.06.16-06.28.47:835][ 19]LogEditorActor: Deleted Actor: StaticMeshActor
[2019.06.16-06.28.47:903][ 19]LogEditorActor: Deleted 3 Actors (0.146 secs)
[2019.06.16-06.28.56:820][263]LogEditorViewport: Clicking on Actor (LMB): StaticMeshActor (Slab_pCube82)
[2019.06.16-06.29.04:162][423]Cmd: DELETE
[2019.06.16-06.29.04:162][423]Cmd: ACTOR DELETE
[2019.06.16-06.29.04:249][423]LogEditorActor: Deleted Actor: StaticMeshActor
[2019.06.16-06.29.04:250][423]LogEditorActor: Deleted Actor: StaticMeshActor
[2019.06.16-06.29.04:252][423]LogEditorActor: Deleted Actor: StaticMeshActor
[2019.06.16-06.29.04:253][423]LogEditorActor: Deleted Actor: StaticMeshActor
[2019.06.16-06.29.04:254][423]LogEditorActor: Deleted Actor: StaticMeshActor
[2019.06.16-06.29.04:255][423]LogEditorActor: Deleted Actor: StaticMeshActor
[2019.06.16-06.29.04:255][423]LogEditorActor: Deleted Actor: StaticMeshActor
[2019.06.16-06.29.04:256][423]LogEditorActor: Deleted Actor: StaticMeshActor
[2019.06.16-06.29.04:257][423]LogEditorActor: Deleted Actor: StaticMeshActor
[2019.06.16-06.29.04:337][423]LogEditorActor: Deleted 9 Actors (0.175 secs)
[2019.06.16-06.29.33:384][151]LogEditorViewport: Clicking on Actor (LMB): StaticMeshActor (Slab_pCube92)
[2019.06.16-06.29.35:072][190]LogEditorViewport: Clicking on Actor (LMB): StaticMeshActor (Slab_pCube135)
[2019.06.16-06.29.37:740][247]Cmd: CAMERA ALIGN ACTIVEVIEWPORTONLY
[2019.06.16-06.30.10:324][  0]LogEditorViewport: Clicking on Actor (LMB): StaticMeshActor (Slab_pCube90)
[2019.06.16-06.30.12:500][ 49]LogEditorViewport: Clicking on Actor (LMB): StaticMeshActor (Slab_pCube91)
[2019.06.16-06.30.26:993][371]LogEditorViewport: Clicking on Actor (LMB): BP_Sky_Sphere_C (Sky Sphere)
[2019.06.16-06.30.30:097][430]Cmd: TRANSACTION UNDO
[2019.06.16-06.30.30:097][430]LogEditorTransaction: Undo Clicking on Actors
[2019.06.16-06.30.31:120][461]Cmd: TRANSACTION UNDO
[2019.06.16-06.30.31:120][461]LogEditorTransaction: Undo Move Actors
[2019.06.16-06.30.33:615][509]LogEditorViewport: Clicking on Actor (LMB): StaticMeshActor (Slab_pCube244)
[2019.06.16-06.30.51:691][850]LogEditorViewport: Clicking on Actor (LMB): StaticMeshActor (Slab_pCube237)
[2019.06.16-06.31.00:703][ 29]LogEditorViewport: Clicking on Actor (LMB): StaticMeshActor (Slab_pCube247)
[2019.06.16-06.31.13:864][276]LogEditorViewport: Clicking on Actor (LMB): BP_Sky_Sphere_C (Sky Sphere)
[2019.06.16-06.31.20:785][400]LogEditorViewport: Clicking on Actor (LMB): StaticMeshActor (NorseDesignBlock_pCube1)
[2019.06.16-06.31.55:348][110]LogEditorViewport: Clicking on Actor (LMB): BP_Sky_Sphere_C (Sky Sphere)
[2019.06.16-06.32.00:947][209]LogEditorViewport: Clicking on Actor (LMB): StaticMeshActor (NorseDesignBlock_pCube2)
[2019.06.16-06.32.05:594][295]LogEditorViewport: Clicking on Actor (LMB): BP_Sky_Sphere_C (Sky Sphere)
[2019.06.16-06.32.09:505][363]LogEditorViewport: Clicking on Actor (LMB): StaticMeshActor (NorseDesignBlock_pCube2)
[2019.06.16-06.33.08:201][535]LogEditorViewport: Clicking on Actor (LMB): BP_Sky_Sphere_C (Sky Sphere)
[2019.06.16-06.33.17:575][711]LogEditorViewport: Clicking on Actor (LMB): StaticMeshActor (NorseDesignBlock_pCube2)
[2019.06.16-06.33.24:207][830]Cmd: CAMERA ALIGN ACTIVEVIEWPORTONLY
[2019.06.16-06.33.31:453][976]LogEditorViewport: Clicking on Actor (LMB): BP_Sky_Sphere_C (Sky Sphere)
[2019.06.16-06.33.34:487][ 35]LogEditorViewport: Clicking on Actor (LMB): StaticMeshActor (NorseDesignBlock_pCube4)
[2019.06.16-06.33.41:071][165]LogEditorViewport: Clicking on Actor (LMB): BP_Sky_Sphere_C (Sky Sphere2)
[2019.06.16-06.33.48:208][291]LogSlate: FSceneViewport::OnFocusLost() reason 0
[2019.06.16-06.33.49:514][293]LogSavePackage: Moving '../../../../../../Users/mckan/OneDrive/Documents/GitHub/Summer/9. City Block/BaseCityBlock/Saved/StreetSceneLargeA1B938D94CCFB8D9E4FCD3864EE3F938.tmp' to '../../../../../../Users/mckan/OneDrive/Documents/GitHub/Summer/9. City Block/BaseCityBlock/Content/StreetSceneLarge.umap'
[2019.06.16-06.33.49:888][293]LogSavePackage: Moving '../../../../../../Users/mckan/OneDrive/Documents/GitHub/Summer/9. City Block/BaseCityBlock/Saved/StreetSceneLarge_BuiltData45550D434008C3E76FD832B4E371F52D.tmp' to '../../../../../../Users/mckan/OneDrive/Documents/GitHub/Summer/9. City Block/BaseCityBlock/Content/StreetSceneLarge_BuiltData.uasset'
[2019.06.16-06.34.00:907][502]LogEditorViewport: Clicking on Actor (LMB): StaticMeshActor (Slab_pCube73)
[2019.06.16-06.34.02:084][519]Cmd: CAMERA ALIGN ACTIVEVIEWPORTONLY
[2019.06.16-06.34.12:357][695]LogEditorViewport: Clicking on Actor (LMB): StaticMeshActor (NorseDesignBlock_pCube5)
[2019.06.16-06.34.19:977][810]Cmd: CAMERA ALIGN ACTIVEVIEWPORTONLY
[2019.06.16-06.34.43:161][301]LogEditorViewport: Clicking on Actor (LMB): BP_Sky_Sphere_C (Sky Sphere)
[2019.06.16-06.34.47:513][383]LogEditorViewport: Clicking on Actor (LMB): StaticMeshActor (NorseDesignBlock_pCube6)
[2019.06.16-06.34.58:194][602]LogEditorViewport: Clicking on Actor (LMB): BP_Sky_Sphere_C (Sky Sphere)
[2019.06.16-06.35.16:071][928]LogEditorViewport: Clicking on Actor (LMB): StaticMeshActor (PillarBlock_pCube5)
[2019.06.16-06.35.28:755][163]Cmd: CAMERA ALIGN ACTIVEVIEWPORTONLY
[2019.06.16-06.36.07:245][988]Cmd: CAMERA ALIGN ACTIVEVIEWPORTONLY
[2019.06.16-06.36.21:400][289]LogEditorViewport: Clicking on Actor (LMB): BP_Sky_Sphere_C (Sky Sphere)
[2019.06.16-06.36.23:947][336]LogEditorViewport: Clicking on Actor (LMB): StaticMeshActor (PillarBlock_pCube9)
[2019.06.16-06.36.43:318][675]Cmd: TRANSACTION UNDO
[2019.06.16-06.36.43:318][675]LogEditorTransaction: Undo Rotate Actors
[2019.06.16-06.36.50:062][808]Cmd: CAMERA ALIGN ACTIVEVIEWPORTONLY
[2019.06.16-06.37.09:641][217]Cmd: CAMERA ALIGN ACTIVEVIEWPORTONLY
[2019.06.16-06.37.24:681][519]Cmd: CAMERA ALIGN ACTIVEVIEWPORTONLY
[2019.06.16-06.37.40:950][820]Cmd: CAMERA ALIGN ACTIVEVIEWPORTONLY
[2019.06.16-06.38.01:880][206]Cmd: CAMERA ALIGN ACTIVEVIEWPORTONLY
[2019.06.16-06.38.04:207][250]LogEditorViewport: Clicking on Actor (LMB): StaticMeshActor (PillarBlock_pCube19)
[2019.06.16-06.38.23:850][655]LogEditorViewport: Clicking on Actor (LMB): StaticMeshActor (PillarBlock_pCube18)
[2019.06.16-06.38.28:664][751]Cmd: CAMERA ALIGN ACTIVEVIEWPORTONLY
[2019.06.16-06.38.32:201][822]LogEditorViewport: Clicking on Actor (LMB): StaticMeshActor (PillarBlock_pCube19)
[2019.06.16-06.38.33:238][840]Cmd: CAMERA ALIGN ACTIVEVIEWPORTONLY
[2019.06.16-06.38.41:720][  8]LogEditorViewport: Clicking on Actor (LMB): StaticMeshActor (PillarBlock_pCube21)
[2019.06.16-06.38.50:646][183]Cmd: CAMERA ALIGN ACTIVEVIEWPORTONLY
[2019.06.16-06.39.16:482][678]Cmd: CAMERA ALIGN ACTIVEVIEWPORTONLY
[2019.06.16-06.40.15:132][770]LogEditorViewport: Clicking on Actor (LMB): BP_Sky_Sphere_C (Sky Sphere)
[2019.06.16-06.40.19:326][834]LogEditorViewport: Clicking on Actor (LMB): StaticMeshActor (PillarBlock_pCube20)
[2019.06.16-06.40.20:556][854]Cmd: DELETE
[2019.06.16-06.40.20:556][854]Cmd: ACTOR DELETE
[2019.06.16-06.40.20:681][854]LogEditorActor: Deleted Actor: StaticMeshActor
[2019.06.16-06.40.20:796][854]LogEditorActor: Deleted 1 Actors (0.240 secs)
[2019.06.16-06.40.59:828][618]LogSlate: FSceneViewport::OnFocusLost() reason 2
[2019.06.16-06.41.01:442][660]LogSlate: FSceneViewport::OnFocusLost() reason 2
[2019.06.16-06.41.02:924][660]LogSavePackage: Moving '../../../../../../Users/mckan/OneDrive/Documents/GitHub/Summer/9. City Block/BaseCityBlock/Saved/StreetSceneLarge5BA3C49B4485CAB2B1A7C393F330AC46.tmp' to '../../../../../../Users/mckan/OneDrive/Documents/GitHub/Summer/9. City Block/BaseCityBlock/Content/StreetSceneLarge.umap'
[2019.06.16-06.41.02:986][660]LogFileHelpers: Saving map 'StreetSceneLarge' took 1.510
[2019.06.16-06.41.05:340][703]LogEditorViewport: Clicking on Actor (LMB): StaticMeshActor (Slab_pCube91)
[2019.06.16-06.41.05:955][707]Cmd: CAMERA ALIGN ACTIVEVIEWPORTONLY
[2019.06.16-06.44.31:697][401]LogEditorViewport: Clicking on Actor (LMB): StaticMeshActor (PillarBlock_pCube2)
[2019.06.16-06.44.49:961][778]Cmd: CAMERA ALIGN ACTIVEVIEWPORTONLY
[2019.06.16-06.45.29:958][641]LogEditorViewport: Clicking on Actor (LMB): StaticMeshActor (PillarBlock_pCube5)
[2019.06.16-06.45.39:810][848]LogEditorViewport: Clicking on Actor (LMB): BP_Sky_Sphere_C (Sky Sphere)
[2019.06.16-06.45.44:827][937]LogSlate: FSceneViewport::OnFocusLost() reason 2
[2019.06.16-06.45.45:275][951]LogSlate: FSceneViewport::OnFocusLost() reason 2
[2019.06.16-06.45.45:714][965]LogSlate: FSceneViewport::OnFocusLost() reason 2
[2019.06.16-06.45.48:008][ 47]LogSlate: FSceneViewport::OnFocusLost() reason 2
[2019.06.16-06.45.49:115][ 47]LogSavePackage: Moving '../../../../../../Users/mckan/OneDrive/Documents/GitHub/Summer/9. City Block/BaseCityBlock/Saved/StreetSceneLarge368A81FD49FCFD5B414733BA6EBDD84F.tmp' to '../../../../../../Users/mckan/OneDrive/Documents/GitHub/Summer/9. City Block/BaseCityBlock/Content/StreetSceneLarge.umap'
[2019.06.16-06.45.49:153][ 47]LogFileHelpers: Saving map 'StreetSceneLarge' took 1.126
[2019.06.16-06.45.55:619][170]LogEditorViewport: Clicking on Actor (LMB): StaticMeshActor (PillarBlock_pCube18)
[2019.06.16-06.46.01:289][287]LogEditorViewport: Clicking on Actor (LMB): StaticMeshActor (PillarBlock_pCube21)
[2019.06.16-06.46.08:248][423]LogEditorViewport: Clicking on Actor (LMB): BP_Sky_Sphere_C (Sky Sphere2)
[2019.06.16-06.46.13:043][513]LogEditorViewport: Clicking on Actor (LMB): StaticMeshActor (PillarBlock_pCube19)
[2019.06.16-06.46.24:943][719]LogEditorViewport: Clicking on Actor (LMB): StaticMeshActor (PillarBlock_pCube14)
[2019.06.16-06.46.28:037][770]LogEditorViewport: Clicking on Actor (LMB): BP_Sky_Sphere_C (Sky Sphere)
[2019.06.16-06.46.29:713][796]LogEditorViewport: Clicking on Actor (LMB): StaticMeshActor (PillarBlock_pCube17)
[2019.06.16-06.46.34:610][881]Cmd: TRANSACTION UNDO
[2019.06.16-06.46.34:611][881]LogEditorTransaction: Undo Scale Actors
[2019.06.16-06.46.51:037][238]LogEditorViewport: Clicking on Actor (LMB): StaticMeshActor (PillarBlock_pCube12)
[2019.06.16-06.47.08:600][597]LogEditorViewport: Clicking on Actor (LMB): BP_Sky_Sphere_C (Sky Sphere2)
[2019.06.16-06.47.15:674][730]LogEditorViewport: Clicking on Actor (LMB): StaticMeshActor (PillarBlock_pCube9)
[2019.06.16-06.47.18:194][773]LogEditorViewport: Clicking on Actor (LMB): StaticMeshActor (Slab_pCube93)
[2019.06.16-06.47.19:189][787]LogEditorViewport: Clicking on Actor (LMB): StaticMeshActor (NorseDesignBlock_pCube2)
[2019.06.16-06.47.20:693][812]LogEditorViewport: Clicking on Actor (LMB): StaticMeshActor (PillarBlock_pCube9)
[2019.06.16-06.47.21:284][820]Cmd: CAMERA ALIGN ACTIVEVIEWPORTONLY
[2019.06.16-06.47.33:972][ 98]LogEditorViewport: Clicking on Actor (LMB): StaticMeshActor (PillarBlock_pCube1)
[2019.06.16-06.47.46:122][355]LogEditorViewport: Clicking on Actor (LMB): StaticMeshActor (Slab_pCube165)
[2019.06.16-06.47.46:654][362]Cmd: CAMERA ALIGN ACTIVEVIEWPORTONLY
[2019.06.16-06.47.51:490][467]LogEditorViewport: Clicking on Actor (LMB): StaticMeshActor (PillarBlock_pCube16)
[2019.06.16-06.47.52:287][481]Cmd: CAMERA ALIGN ACTIVEVIEWPORTONLY
[2019.06.16-06.48.06:920][796]Cmd: CAMERA ALIGN ACTIVEVIEWPORTONLY
[2019.06.16-06.48.21:504][125]Cmd: CAMERA ALIGN ACTIVEVIEWPORTONLY
[2019.06.16-06.48.42:837][664]LogEditorViewport: Clicking on Actor (LMB): StaticMeshActor (PillarBlock_pCube29)
[2019.06.16-06.49.00:665][117]Cmd: CAMERA ALIGN ACTIVEVIEWPORTONLY
[2019.06.16-06.49.09:553][364]LogEditorViewport: Clicking on Actor (LMB): StaticMeshActor (NorseDesignBlock_pCube6)
[2019.06.16-06.49.11:514][416]Cmd: TRANSACTION UNDO
[2019.06.16-06.49.11:515][416]LogEditorTransaction: Undo Clicking on Actors
[2019.06.16-06.49.17:968][601]LogEditorViewport: Clicking on Actor (LMB): StaticMeshActor (PillarBlock_pCube29)
[2019.06.16-06.49.18:950][625]LogEditorViewport: Clicking on Actor (LMB): StaticMeshActor (PillarBlock_pCube30)
[2019.06.16-06.49.38:319][173]LogEditorViewport: Clicking on Actor (LMB): StaticMeshActor (PillarBlock_pCube27)
[2019.06.16-06.49.52:840][602]LogEditorViewport: Clicking on Actor (LMB): StaticMeshActor (PillarBlock_pCube30)
[2019.06.16-06.50.06:046][998]LogEditorViewport: Clicking on Actor (LMB): StaticMeshActor (PillarBlock_pCube27)
[2019.06.16-06.50.10:248][127]LogEditorViewport: Clicking on Actor (LMB): StaticMeshActor (PillarBlock_pCube28)
[2019.06.16-06.50.30:179][744]LogEditorViewport: Clicking on Actor (LMB): StaticMeshActor (PillarBlock_pCube29)
[2019.06.16-06.50.31:294][778]Cmd: DELETE
[2019.06.16-06.50.31:294][778]Cmd: ACTOR DELETE
[2019.06.16-06.50.31:370][778]LogEditorActor: Deleted Actor: StaticMeshActor
[2019.06.16-06.50.31:442][778]LogEditorActor: Deleted 1 Actors (0.147 secs)
[2019.06.16-06.50.34:198][881]LogEditorViewport: Clicking on Actor (LMB): StaticMeshActor (PillarBlock_pCube28)
[2019.06.16-06.50.37:349][979]LogEditorViewport: Clicking on Actor (LMB): StaticMeshActor (PillarBlock_pCube30)
[2019.06.16-06.50.46:049][249]LogEditorViewport: Clicking on Actor (LMB): BP_Sky_Sphere_C (Sky Sphere)
[2019.06.16-06.52.25:227][128]LogEditorViewport: Clicking on Actor (LMB): StaticMeshActor (Slab_pCube185)
[2019.06.16-06.52.33:302][321]LogEditorViewport: Clicking on Actor (LMB): BP_Sky_Sphere_C (Sky Sphere)
[2019.06.16-06.52.34:204][341]LogEditorViewport: Clicking on Actor (LMB): StaticMeshActor (Slab_pCube165)
[2019.06.16-06.52.35:473][373]Cmd: CAMERA ALIGN ACTIVEVIEWPORTONLY
[2019.06.16-06.53.06:628][224]Cmd: CAMERA ALIGN ACTIVEVIEWPORTONLY
[2019.06.16-06.53.22:330][704]LogEditorViewport: Clicking on Actor (LMB): BP_Sky_Sphere_C (Sky Sphere)
[2019.06.16-06.53.25:148][787]LogEditorViewport: Clicking on Actor (LMB): StaticMeshActor (Slab_pCube137)
[2019.06.16-06.53.27:769][866]Cmd: DELETE
[2019.06.16-06.53.27:769][866]Cmd: ACTOR DELETE
[2019.06.16-06.53.27:855][866]LogEditorActor: Deleted Actor: StaticMeshActor
[2019.06.16-06.53.27:856][866]LogEditorActor: Deleted Actor: StaticMeshActor
[2019.06.16-06.53.27:919][866]LogEditorActor: Deleted 2 Actors (0.149 secs)
[2019.06.16-06.53.34:403][ 94]LogEditorViewport: Clicking on Actor (LMB): StaticMeshActor (Slab_pCube230)
[2019.06.16-06.53.53:312][572]Cmd: CAMERA ALIGN ACTIVEVIEWPORTONLY
[2019.06.16-06.54.02:493][878]LogEditorViewport: Clicking on Actor (LMB): BP_Sky_Sphere_C (Sky Sphere)
[2019.06.16-06.54.12:690][198]LogEditorViewport: Clicking on Actor (LMB): StaticMeshActor (Slab_pCube149)
[2019.06.16-06.54.18:909][419]Cmd: DELETE
[2019.06.16-06.54.18:909][419]Cmd: ACTOR DELETE
[2019.06.16-06.54.18:977][419]LogEditorActor: Deleted Actor: StaticMeshActor
[2019.06.16-06.54.18:978][419]LogEditorActor: Deleted Actor: StaticMeshActor
[2019.06.16-06.54.19:045][419]LogEditorActor: Deleted 2 Actors (0.135 secs)
[2019.06.16-06.54.21:536][521]LogEditorViewport: Clicking on Actor (LMB): StaticMeshActor (Slab_pCube147)
[2019.06.16-06.54.23:301][576]Cmd: DELETE
[2019.06.16-06.54.23:301][576]Cmd: ACTOR DELETE
[2019.06.16-06.54.23:369][576]LogEditorActor: Deleted Actor: StaticMeshActor
[2019.06.16-06.54.23:370][576]LogEditorActor: Deleted Actor: StaticMeshActor
[2019.06.16-06.54.23:431][576]LogEditorActor: Deleted 2 Actors (0.131 secs)
[2019.06.16-06.54.36:471][ 88]Cmd: TRANSACTION UNDO
[2019.06.16-06.54.36:471][ 88]LogEditorTransaction: Undo Delete Actors
[2019.06.16-06.54.37:590][114]LogEditorViewport: Clicking on Actor (LMB): StaticMeshActor (Slab_pCube146)
[2019.06.16-06.54.39:246][163]Cmd: DELETE
[2019.06.16-06.54.39:246][163]Cmd: ACTOR DELETE
[2019.06.16-06.54.39:319][163]LogEditorActor: Deleted Actor: StaticMeshActor
[2019.06.16-06.54.39:319][163]LogEditorActor: Deleted Actor: StaticMeshActor
[2019.06.16-06.54.39:384][163]LogEditorActor: Deleted 2 Actors (0.138 secs)
[2019.06.16-06.54.53:294][673]Cmd: DELETE
[2019.06.16-06.54.53:294][673]Cmd: ACTOR DELETE
[2019.06.16-06.54.53:359][673]LogEditorActor: Deleted Actor: StaticMeshActor
[2019.06.16-06.54.53:360][673]LogEditorActor: Deleted Actor: StaticMeshActor
[2019.06.16-06.54.53:360][673]LogEditorActor: Deleted Actor: StaticMeshActor
[2019.06.16-06.54.53:361][673]LogEditorActor: Deleted Actor: StaticMeshActor
[2019.06.16-06.54.53:423][673]LogEditorActor: Deleted 4 Actors (0.129 secs)
[2019.06.16-06.54.59:682][901]LogEditorViewport: Clicking on Actor (LMB): StaticMeshActor (Slab_pCube201)
[2019.06.16-06.55.05:612][ 99]LogEditorViewport: Clicking on Actor (LMB): StaticMeshActor (Slab_pCube128)
[2019.06.16-06.55.06:613][131]LogEditorViewport: Clicking on Actor (LMB): StaticMeshActor (Slab_pCube150)
[2019.06.16-06.55.11:578][293]Cmd: DELETE
[2019.06.16-06.55.11:579][293]Cmd: ACTOR DELETE
[2019.06.16-06.55.11:645][293]LogEditorActor: Deleted Actor: StaticMeshActor
[2019.06.16-06.55.11:646][293]LogEditorActor: Deleted Actor: StaticMeshActor
[2019.06.16-06.55.11:647][293]LogEditorActor: Deleted Actor: StaticMeshActor
[2019.06.16-06.55.11:648][293]LogEditorActor: Deleted Actor: StaticMeshActor
[2019.06.16-06.55.11:648][293]LogEditorActor: Deleted Actor: StaticMeshActor
[2019.06.16-06.55.11:716][293]LogEditorActor: Deleted 5 Actors (0.136 secs)
[2019.06.16-06.55.20:052][603]Cmd: TRANSACTION UNDO
[2019.06.16-06.55.20:053][603]LogEditorTransaction: Undo Delete Actors
[2019.06.16-06.55.22:426][673]LogEditorViewport: Clicking on Actor (LMB): StaticMeshActor (Slab_pCube150)
[2019.06.16-06.55.23:325][700]Cmd: DELETE
[2019.06.16-06.55.23:325][700]Cmd: ACTOR DELETE
[2019.06.16-06.55.23:391][700]LogEditorActor: Deleted Actor: StaticMeshActor
[2019.06.16-06.55.23:455][700]LogEditorActor: Deleted 1 Actors (0.129 secs)
[2019.06.16-06.55.24:618][744]LogEditorViewport: Clicking on Actor (LMB): StaticMeshActor (Slab_pCube152)
[2019.06.16-06.55.25:593][774]Cmd: DELETE
[2019.06.16-06.55.25:593][774]Cmd: ACTOR DELETE
[2019.06.16-06.55.25:654][774]LogEditorActor: Deleted Actor: StaticMeshActor
[2019.06.16-06.55.25:723][774]LogEditorActor: Deleted 1 Actors (0.131 secs)
[2019.06.16-06.55.26:787][815]LogEditorViewport: Clicking on Actor (LMB): StaticMeshActor (Slab_pCube154)
[2019.06.16-06.55.27:688][842]Cmd: DELETE
[2019.06.16-06.55.27:688][842]Cmd: ACTOR DELETE
[2019.06.16-06.55.27:751][842]LogEditorActor: Deleted Actor: StaticMeshActor
[2019.06.16-06.55.27:810][842]LogEditorActor: Deleted 1 Actors (0.122 secs)
[2019.06.16-06.55.32:051][  3]LogEditorViewport: Clicking on Actor (LMB): StaticMeshActor (NorseDesignBlock_pCube6)
[2019.06.16-06.55.47:223][511]Cmd: CAMERA ALIGN ACTIVEVIEWPORTONLY
[2019.06.16-06.55.55:919][819]Cmd: CAMERA ALIGN ACTIVEVIEWPORTONLY
[2019.06.16-06.56.04:261][123]Cmd: CAMERA ALIGN ACTIVEVIEWPORTONLY
[2019.06.16-06.56.24:087][782]Cmd: CAMERA ALIGN ACTIVEVIEWPORTONLY
[2019.06.16-06.56.58:504][ 11]Cmd: CAMERA ALIGN ACTIVEVIEWPORTONLY
[2019.06.16-06.57.07:110][327]LogEditorViewport: Clicking on Actor (LMB): BP_Sky_Sphere_C (Sky Sphere2)
[2019.06.16-06.57.11:629][488]Cmd: DELETE
[2019.06.16-06.57.11:629][488]Cmd: ACTOR DELETE
[2019.06.16-06.57.11:696][488]LogEditorActor: Deleted Actor: BP_Sky_Sphere_C
[2019.06.16-06.57.11:766][488]LogEditorActor: Deleted 1 Actors (0.137 secs)
[2019.06.16-06.57.13:683][574]LogEditorViewport: Clicking on Actor (LMB): StaticMeshActor (NorseDesignBlock_pCube10)
[2019.06.16-06.57.14:844][610]Cmd: DELETE
[2019.06.16-06.57.14:844][610]Cmd: ACTOR DELETE
[2019.06.16-06.57.14:947][610]LogEditorActor: Deleted Actor: StaticMeshActor
[2019.06.16-06.57.15:026][610]LogEditorActor: Deleted 1 Actors (0.182 secs)
[2019.06.16-06.57.17:649][710]Cmd: TRANSACTION UNDO
[2019.06.16-06.57.17:649][710]LogEditorTransaction: Undo Delete Actors
[2019.06.16-06.57.18:025][711]Cmd: TRANSACTION UNDO
[2019.06.16-06.57.18:025][711]LogEditorTransaction: Undo Clicking on Actors
[2019.06.16-06.57.18:508][732]Cmd: TRANSACTION UNDO
[2019.06.16-06.57.18:508][732]LogEditorTransaction: Undo Delete Actors
[2019.06.16-06.57.18:991][745]Cmd: TRANSACTION UNDO
[2019.06.16-06.57.18:991][745]LogEditorTransaction: Undo Clicking on Actors
[2019.06.16-06.57.19:519][760]Cmd: TRANSACTION UNDO
[2019.06.16-06.57.19:519][760]LogEditorTransaction: Undo Scale Actors
[2019.06.16-06.57.20:008][775]Cmd: TRANSACTION UNDO
[2019.06.16-06.57.20:008][775]LogEditorTransaction: Undo Move Actors
[2019.06.16-06.57.20:525][791]Cmd: TRANSACTION UNDO
[2019.06.16-06.57.20:525][791]LogEditorTransaction: Undo Scale Actors
[2019.06.16-06.57.47:812][750]LogEditorViewport: Clicking on Actor (LMB): BP_Sky_Sphere_C (Sky Sphere2)
[2019.06.16-06.57.59:686][130]LogSlate: FSceneViewport::OnFocusLost() reason 2
[2019.06.16-06.58.01:352][214]LogSlate: FSceneViewport::OnFocusLost() reason 2
[2019.06.16-06.58.02:226][214]LogSavePackage: Moving '../../../../../../Users/mckan/OneDrive/Documents/GitHub/Summer/9. City Block/BaseCityBlock/Saved/StreetSceneLargeA790F1FE4467FEA572846D80B4E09722.tmp' to '../../../../../../Users/mckan/OneDrive/Documents/GitHub/Summer/9. City Block/BaseCityBlock/Content/StreetSceneLarge.umap'
[2019.06.16-06.58.02:255][214]LogFileHelpers: Saving map 'StreetSceneLarge' took 0.891
[2019.06.16-06.58.06:090][347]LogEditorViewport: Clicking on Actor (LMB): StaticMeshActor (Slab_pCube201)
[2019.06.16-06.58.07:180][362]LogD3D11RHI: Timed out while waiting for GPU to catch up. (0.5 s)
