Log file open, 06/14/19 13:45:29
LogWindows: Failed to load 'aqProf.dll' (GetLastError=126)
LogWindows: File 'aqProf.dll' does not exist
LogWindows: Failed to load 'VtuneApi.dll' (GetLastError=126)
LogWindows: File 'VtuneApi.dll' does not exist
LogWindows: Failed to load 'VtuneApi32e.dll' (GetLastError=126)
LogWindows: File 'VtuneApi32e.dll' does not exist
LogConsoleResponse: Display: Failed to find resolution value strings in scalability ini. Falling back to default.
LogInit: Display: Running engine for game: My City Block
LogPakFile: Registered encryption key '00000000000000000000000000000000': 0 pak files mounted, 0 remain pending
LogPlatformFile: Not using cached read wrapper
LogTaskGraph: Started task graph with 5 named threads and 11 total threads with 3 sets of task threads.
LogStats: Stats thread started at 0.160880
LogD3D11RHI: Loaded GFSDK_Aftermath_Lib.x64.dll
LogICUInternationalization: ICU TimeZone Detection - Raw Offset: -7:00, Platform Override: ''
LogPluginManager: Mounting plugin Paper2D
LogPluginManager: Mounting plugin AISupport
LogPluginManager: Mounting plugin LightPropagationVolume
LogPluginManager: Mounting plugin ActorLayerUtilities
LogPluginManager: Mounting plugin CLionSourceCodeAccess
LogPluginManager: Mounting plugin CodeLiteSourceCodeAccess
LogPluginManager: Mounting plugin GitSourceControl
LogPluginManager: Mounting plugin KDevelopSourceCodeAccess
LogPluginManager: Mounting plugin NullSourceCodeAccess
LogPluginManager: Mounting plugin PerforceSourceControl
LogPluginManager: Mounting plugin SubversionSourceControl
LogPluginManager: Mounting plugin UObjectPlugin
LogPluginManager: Mounting plugin VisualStudioCodeSourceCodeAccess
LogPluginManager: Mounting plugin VisualStudioSourceCodeAccess
LogPluginManager: Mounting plugin XCodeSourceCodeAccess
LogPluginManager: Mounting plugin AssetManagerEditor
LogPluginManager: Mounting plugin CryptoKeys
LogPluginManager: Mounting plugin DataValidation
LogPluginManager: Mounting plugin FacialAnimation
LogPluginManager: Mounting plugin GameplayTagsEditor
LogPluginManager: Mounting plugin MacGraphicsSwitching
LogPluginManager: Mounting plugin MeshEditor
LogPluginManager: Mounting plugin MobileLauncherProfileWizard
LogPluginManager: Mounting plugin PluginBrowser
LogPluginManager: Mounting plugin SpeedTreeImporter
LogPluginManager: Mounting plugin DatasmithContent
LogPluginManager: Mounting plugin VariantManagerContent
LogPluginManager: Mounting plugin AlembicImporter
LogPluginManager: Mounting plugin AppleImageUtils
LogPluginManager: Mounting plugin AppleVision
LogPluginManager: Mounting plugin BackChannel
LogPluginManager: Mounting plugin CharacterAI
LogPluginManager: Mounting plugin GeometryCache
LogPluginManager: Mounting plugin HTML5Networking
LogPluginManager: Mounting plugin ProxyLODPlugin
LogPluginManager: Mounting plugin MagicLeap
LogPluginManager: Mounting plugin MagicLeapMedia
LogPluginManager: Mounting plugin AndroidMedia
LogPluginManager: Mounting plugin AvfMedia
LogPluginManager: Mounting plugin ImgMedia
LogPluginManager: Mounting plugin LinearTimecode
LogPluginManager: Mounting plugin MediaCompositing
LogPluginManager: Mounting plugin MediaPlayerEditor
LogPluginManager: Mounting plugin WebMMedia
LogPluginManager: Mounting plugin WmfMedia
LogPluginManager: Mounting plugin TcpMessaging
LogPluginManager: Mounting plugin UdpMessaging
LogPluginManager: Mounting plugin ActorSequence
LogPluginManager: Mounting plugin LevelSequenceEditor
LogPluginManager: Mounting plugin MatineeToLevelSequence
LogPluginManager: Mounting plugin NetcodeUnitTest
LogPluginManager: Mounting plugin NUTUnrealEngine4
LogPluginManager: Mounting plugin OnlineSubsystemGooglePlay
LogPluginManager: Mounting plugin OnlineSubsystemIOS
LogPluginManager: Mounting plugin OnlineSubsystem
LogPluginManager: Mounting plugin OnlineSubsystemNull
LogPluginManager: Mounting plugin OnlineSubsystemUtils
LogPluginManager: Mounting plugin LauncherChunkInstaller
LogPluginManager: Mounting plugin AndroidDeviceProfileSelector
LogPluginManager: Mounting plugin AndroidMoviePlayer
LogPluginManager: Mounting plugin AndroidPermission
LogPluginManager: Mounting plugin AppleMoviePlayer
LogPluginManager: Mounting plugin ArchVisCharacter
LogPluginManager: Mounting plugin AudioCapture
LogPluginManager: Mounting plugin CableComponent
LogPluginManager: Mounting plugin CustomMeshComponent
LogPluginManager: Mounting plugin EditableMesh
LogPluginManager: Mounting plugin ExampleDeviceProfileSelector
LogPluginManager: Mounting plugin Firebase
LogPluginManager: Mounting plugin GoogleCloudMessaging
LogPluginManager: Mounting plugin IOSDeviceProfileSelector
LogPluginManager: Mounting plugin LinuxDeviceProfileSelector
LogPluginManager: Mounting plugin LocationServicesBPLibrary
LogPluginManager: Mounting plugin MobilePatchingUtils
LogPluginManager: Mounting plugin OculusVR
LogPluginManager: Mounting plugin PhysXVehicles
LogPluginManager: Mounting plugin ProceduralMeshComponent
LogPluginManager: Mounting plugin RuntimePhysXCooking
LogPluginManager: Mounting plugin SteamVR
LogPluginManager: Mounting plugin WebMMoviePlayer
LogPluginManager: Mounting plugin WindowsMoviePlayer
LogStreaming: Display: Took  0.097s to configure plugins.
LogInit: Using libcurl 7.55.1-DEV
LogInit:  - built for x86_64-pc-win32
LogInit:  - supports SSL with OpenSSL/1.0.2h
LogInit:  - supports HTTP deflate (compression) using libz 1.2.8
LogInit:  - other features:
LogInit:      CURL_VERSION_SSL
LogInit:      CURL_VERSION_LIBZ
LogInit:      CURL_VERSION_IPV6
LogInit:      CURL_VERSION_ASYNCHDNS
LogInit:      CURL_VERSION_LARGEFILE
LogInit:      CURL_VERSION_IDN
LogInit:  CurlRequestOptions (configurable via config and command line):
LogInit:  - bVerifyPeer = true  - Libcurl will verify peer certificate
LogInit:  - bUseHttpProxy = false  - Libcurl will NOT use HTTP proxy
LogInit:  - bDontReuseConnections = false  - Libcurl will reuse connections
LogInit:  - MaxHostConnections = 16  - Libcurl will limit the number of connections to a host
LogInit:  - LocalHostAddr = Default
LogInit:  - BufferSize = 65536
LogInit: WinSock: version 1.1 (2.2), MaxSocks=32767, MaxUdp=65467
LogInit: Build: ++UE4+Release-4.21-CL-4753647
LogInit: Engine Version: 4.21.2-4753647+++UE4+Release-4.21
LogInit: Compatible Engine Version: 4.21.0-4541578+++UE4+Release-4.21
LogInit: Net CL: 4541578
LogInit: OS: Windows 10 (), CPU: Intel(R) Core(TM) i7-7660U CPU @ 2.50GHz, GPU: Intel(R) Iris(R) Plus Graphics 640
LogInit: Compiled (64-bit): Jan 19 2019 02:07:31
LogInit: Compiled with Visual C++: 19.13.26129.00
LogInit: Build Configuration: Development
LogInit: Branch Name: ++UE4+Release-4.21
LogInit: Command Line: 
LogInit: Base Directory: C:/Program Files/Epic Games/UE_4.21/Engine/Binaries/Win64/
LogInit: Installed Engine Build: 1
LogDevObjectVersion: Number of dev versions registered: 22
LogDevObjectVersion:   Dev-Blueprints (B0D832E4-1F89-4F0D-ACCF-7EB736FD4AA2): 10
LogDevObjectVersion:   Dev-Build (E1C64328-A22C-4D53-A36C-8E866417BD8C): 0
LogDevObjectVersion:   Dev-Core (375EC13C-06E4-48FB-B500-84F0262A717E): 2
LogDevObjectVersion:   Dev-Editor (E4B068ED-F494-42E9-A231-DA0B2E46BB41): 26
LogDevObjectVersion:   Dev-Framework (CFFC743F-43B0-4480-9391-14DF171D2073): 34
LogDevObjectVersion:   Dev-Mobile (B02B49B5-BB20-44E9-A304-32B752E40360): 2
LogDevObjectVersion:   Dev-Networking (A4E4105C-59A1-49B5-A7C5-40C4547EDFEE): 0
LogDevObjectVersion:   Dev-Online (39C831C9-5AE6-47DC-9A44-9C173E1C8E7C): 0
LogDevObjectVersion:   Dev-Physics (78F01B33-EBEA-4F98-B9B4-84EACCB95AA2): 0
LogDevObjectVersion:   Dev-Platform (6631380F-2D4D-43E0-8009-CF276956A95A): 0
LogDevObjectVersion:   Dev-Rendering (12F88B9F-8875-4AFC-A67C-D90C383ABD29): 27
LogDevObjectVersion:   Dev-Sequencer (7B5AE74C-D270-4C10-A958-57980B212A5A): 9
LogDevObjectVersion:   Dev-VR (D7296918-1DD6-4BDD-9DE2-64A83CC13884): 2
LogDevObjectVersion:   Dev-LoadTimes (C2A15278-BFE7-4AFE-6C17-90FF531DF755): 1
LogDevObjectVersion:   Private-Geometry (6EACA3D4-40EC-4CC1-B786-8BED09428FC5): 3
LogDevObjectVersion:   Dev-AnimPhys (29E575DD-E0A3-4627-9D10-D276232CDCEA): 17
LogDevObjectVersion:   Dev-Anim (AF43A65D-7FD3-4947-9873-3E8ED9C1BB05): 2
LogDevObjectVersion:   Dev-ReflectionCapture (6B266CEC-1EC7-4B8F-A30B-E4D90942FC07): 1
LogDevObjectVersion:   Dev-Automation (0DF73D61-A23F-47EA-B727-89E90C41499A): 1
LogDevObjectVersion:   FortniteMain (601D1886-AC64-4F84-AA16-D3DE0DEAC7D6): 17
LogDevObjectVersion:   Dev-Enterprise (9DFFBCD6-494F-0158-E221-12823C92A888): 4
LogDevObjectVersion:   Dev-Niagara (F2AED0AC-9AFE-416F-8664-AA7FFA26D6FC): 1
LogStreaming: Display: Took  0.000s to delete old logs.
LogInit: Presizing for max 8388607 objects, including 0 objects not considered by GC, pre-allocating 0 bytes for permanent pool.
LogInit: Object subsystem initialized
LogConfig: Setting CVar [[con.DebugEarlyDefault:1]]
LogConfig: Setting CVar [[r.setres:1280x720]]
[2019.06.14-19.45.30:255][  0]LogConfig: Setting CVar [[r.VSync:0]]
[2019.06.14-19.45.30:255][  0]LogConfig: Setting CVar [[r.RHICmdBypass:0]]
[2019.06.14-19.45.30:255][  0]LogConfig: Applying CVar settings from Section [/Script/Engine.RendererSettings] File [C:/Users/mckan/OneDrive/Documents/GitHub/Summer/9. City Block/BaseCityBlock/Saved/Config/Windows/Engine.ini]
[2019.06.14-19.45.30:255][  0]LogConfig: Setting CVar [[r.GPUCrashDebugging:0]]
[2019.06.14-19.45.30:255][  0]LogConfig: Applying CVar settings from Section [/Script/Engine.RendererOverrideSettings] File [C:/Users/mckan/OneDrive/Documents/GitHub/Summer/9. City Block/BaseCityBlock/Saved/Config/Windows/Engine.ini]
[2019.06.14-19.45.30:256][  0]LogConfig: Applying CVar settings from Section [/Script/Engine.StreamingSettings] File [C:/Users/mckan/OneDrive/Documents/GitHub/Summer/9. City Block/BaseCityBlock/Saved/Config/Windows/Engine.ini]
[2019.06.14-19.45.30:256][  0]LogConfig: Setting CVar [[s.MinBulkDataSizeForAsyncLoading:131072]]
[2019.06.14-19.45.30:256][  0]LogConfig: Setting CVar [[s.AsyncLoadingThreadEnabled:0]]
[2019.06.14-19.45.30:256][  0]LogConfig: Setting CVar [[s.EventDrivenLoaderEnabled:1]]
[2019.06.14-19.45.30:256][  0]LogConfig: Setting CVar [[s.WarnIfTimeLimitExceeded:0]]
[2019.06.14-19.45.30:256][  0]LogConfig: Setting CVar [[s.TimeLimitExceededMultiplier:1.5]]
[2019.06.14-19.45.30:256][  0]LogConfig: Setting CVar [[s.TimeLimitExceededMinTime:0.005]]
[2019.06.14-19.45.30:256][  0]LogConfig: Setting CVar [[s.UseBackgroundLevelStreaming:1]]
[2019.06.14-19.45.30:256][  0]LogConfig: Setting CVar [[s.PriorityAsyncLoadingExtraTime:15.0]]
[2019.06.14-19.45.30:256][  0]LogConfig: Setting CVar [[s.LevelStreamingActorsUpdateTimeLimit:5.0]]
[2019.06.14-19.45.30:256][  0]LogConfig: Setting CVar [[s.PriorityLevelStreamingActorsUpdateExtraTime:5.0]]
[2019.06.14-19.45.30:256][  0]LogConfig: Setting CVar [[s.LevelStreamingComponentsRegistrationGranularity:10]]
[2019.06.14-19.45.30:256][  0]LogConfig: Setting CVar [[s.UnregisterComponentsTimeLimit:1.0]]
[2019.06.14-19.45.30:256][  0]LogConfig: Setting CVar [[s.LevelStreamingComponentsUnregistrationGranularity:5]]
[2019.06.14-19.45.30:256][  0]LogConfig: Applying CVar settings from Section [/Script/Engine.GarbageCollectionSettings] File [C:/Users/mckan/OneDrive/Documents/GitHub/Summer/9. City Block/BaseCityBlock/Saved/Config/Windows/Engine.ini]
[2019.06.14-19.45.30:256][  0]LogConfig: Setting CVar [[gc.MaxObjectsNotConsideredByGC:1]]
[2019.06.14-19.45.30:256][  0]LogConfig: Setting CVar [[gc.SizeOfPermanentObjectPool:0]]
[2019.06.14-19.45.30:256][  0]LogConfig: Setting CVar [[gc.FlushStreamingOnGC:0]]
[2019.06.14-19.45.30:256][  0]LogConfig: Setting CVar [[gc.NumRetriesBeforeForcingGC:10]]
[2019.06.14-19.45.30:256][  0]LogConfig: Setting CVar [[gc.AllowParallelGC:1]]
[2019.06.14-19.45.30:256][  0]LogConfig: Setting CVar [[gc.TimeBetweenPurgingPendingKillObjects:61.1]]
[2019.06.14-19.45.30:256][  0]LogConfig: Setting CVar [[gc.MaxObjectsInEditor:8388607]]
[2019.06.14-19.45.30:256][  0]LogConfig: Setting CVar [[gc.IncrementalBeginDestroyEnabled:1]]
[2019.06.14-19.45.30:256][  0]LogConfig: Setting CVar [[gc.CreateGCClusters:1]]
[2019.06.14-19.45.30:256][  0]LogConfig: Setting CVar [[gc.MergeGCClusters:0]]
[2019.06.14-19.45.30:256][  0]LogConfig: Setting CVar [[gc.MinGCClusterSize:5]]
[2019.06.14-19.45.30:256][  0]LogConfig: Setting CVar [[gc.ActorClusteringEnabled:0]]
[2019.06.14-19.45.30:257][  0]LogConfig: Setting CVar [[gc.BlueprintClusteringEnabled:0]]
[2019.06.14-19.45.30:258][  0]LogConfig: Setting CVar [[gc.UseDisregardForGCOnDedicatedServers:0]]
[2019.06.14-19.45.30:258][  0]LogConfig: Applying CVar settings from Section [/Script/Engine.NetworkSettings] File [C:/Users/mckan/OneDrive/Documents/GitHub/Summer/9. City Block/BaseCityBlock/Saved/Config/Windows/Engine.ini]
[2019.06.14-19.45.30:258][  0]LogConfig: Applying CVar settings from Section [/Script/UnrealEd.CookerSettings] File [C:/Users/mckan/OneDrive/Documents/GitHub/Summer/9. City Block/BaseCityBlock/Saved/Config/Windows/Engine.ini]
[2019.06.14-19.45.30:264][  0]LogConfig: Applying CVar settings from Section [ViewDistanceQuality@3] File [C:/Users/mckan/OneDrive/Documents/GitHub/Summer/9. City Block/BaseCityBlock/Saved/Config/Windows/Scalability.ini]
[2019.06.14-19.45.30:264][  0]LogConfig: Setting CVar [[r.SkeletalMeshLODBias:0]]
[2019.06.14-19.45.30:264][  0]LogConfig: Setting CVar [[r.ViewDistanceScale:1.0]]
[2019.06.14-19.45.30:264][  0]LogConfig: Applying CVar settings from Section [AntiAliasingQuality@3] File [C:/Users/mckan/OneDrive/Documents/GitHub/Summer/9. City Block/BaseCityBlock/Saved/Config/Windows/Scalability.ini]
[2019.06.14-19.45.30:264][  0]LogConfig: Setting CVar [[r.PostProcessAAQuality:4]]
[2019.06.14-19.45.30:264][  0]LogConfig: Applying CVar settings from Section [ShadowQuality@3] File [C:/Users/mckan/OneDrive/Documents/GitHub/Summer/9. City Block/BaseCityBlock/Saved/Config/Windows/Scalability.ini]
[2019.06.14-19.45.30:264][  0]LogConfig: Setting CVar [[r.LightFunctionQuality:1]]
[2019.06.14-19.45.30:264][  0]LogConfig: Setting CVar [[r.ShadowQuality:5]]
[2019.06.14-19.45.30:264][  0]LogConfig: Setting CVar [[r.Shadow.CSM.MaxCascades:10]]
[2019.06.14-19.45.30:264][  0]LogConfig: Setting CVar [[r.Shadow.MaxResolution:2048]]
[2019.06.14-19.45.30:264][  0]LogConfig: Setting CVar [[r.Shadow.MaxCSMResolution:2048]]
[2019.06.14-19.45.30:264][  0]LogConfig: Setting CVar [[r.Shadow.RadiusThreshold:0.01]]
[2019.06.14-19.45.30:264][  0]LogConfig: Setting CVar [[r.Shadow.DistanceScale:1.0]]
[2019.06.14-19.45.30:264][  0]LogConfig: Setting CVar [[r.Shadow.CSM.TransitionScale:1.0]]
[2019.06.14-19.45.30:264][  0]LogConfig: Setting CVar [[r.Shadow.PreShadowResolutionFactor:1.0]]
[2019.06.14-19.45.30:264][  0]LogConfig: Setting CVar [[r.DistanceFieldShadowing:1]]
[2019.06.14-19.45.30:265][  0]LogConfig: Setting CVar [[r.DistanceFieldAO:1]]
[2019.06.14-19.45.30:266][  0]LogConfig: Setting CVar [[r.AOQuality:2]]
[2019.06.14-19.45.30:266][  0]LogConfig: Setting CVar [[r.VolumetricFog:1]]
[2019.06.14-19.45.30:266][  0]LogConfig: Setting CVar [[r.VolumetricFog.GridPixelSize:8]]
[2019.06.14-19.45.30:266][  0]LogConfig: Setting CVar [[r.VolumetricFog.GridSizeZ:128]]
[2019.06.14-19.45.30:266][  0]LogConfig: Setting CVar [[r.VolumetricFog.HistoryMissSupersampleCount:4]]
[2019.06.14-19.45.30:266][  0]LogConfig: Setting CVar [[r.LightMaxDrawDistanceScale:1]]
[2019.06.14-19.45.30:266][  0]LogConfig: Setting CVar [[r.CapsuleShadows:1]]
[2019.06.14-19.45.30:266][  0]LogConfig: Applying CVar settings from Section [PostProcessQuality@3] File [C:/Users/mckan/OneDrive/Documents/GitHub/Summer/9. City Block/BaseCityBlock/Saved/Config/Windows/Scalability.ini]
[2019.06.14-19.45.30:266][  0]LogConfig: Setting CVar [[r.MotionBlurQuality:4]]
[2019.06.14-19.45.30:266][  0]LogConfig: Setting CVar [[r.AmbientOcclusionMipLevelFactor:0.4]]
[2019.06.14-19.45.30:266][  0]LogConfig: Setting CVar [[r.AmbientOcclusionMaxQuality:100]]
[2019.06.14-19.45.30:266][  0]LogConfig: Setting CVar [[r.AmbientOcclusionLevels:-1]]
[2019.06.14-19.45.30:266][  0]LogConfig: Setting CVar [[r.AmbientOcclusionRadiusScale:1.0]]
[2019.06.14-19.45.30:266][  0]LogConfig: Setting CVar [[r.DepthOfFieldQuality:2]]
[2019.06.14-19.45.30:266][  0]LogConfig: Setting CVar [[r.RenderTargetPoolMin:400]]
[2019.06.14-19.45.30:266][  0]LogConfig: Setting CVar [[r.LensFlareQuality:2]]
[2019.06.14-19.45.30:266][  0]LogConfig: Setting CVar [[r.SceneColorFringeQuality:1]]
[2019.06.14-19.45.30:266][  0]LogConfig: Setting CVar [[r.EyeAdaptationQuality:2]]
[2019.06.14-19.45.30:266][  0]LogConfig: Setting CVar [[r.BloomQuality:5]]
[2019.06.14-19.45.30:266][  0]LogConfig: Setting CVar [[r.FastBlurThreshold:100]]
[2019.06.14-19.45.30:266][  0]LogConfig: Setting CVar [[r.Upscale.Quality:3]]
[2019.06.14-19.45.30:266][  0]LogConfig: Setting CVar [[r.Tonemapper.GrainQuantization:1]]
[2019.06.14-19.45.30:266][  0]LogConfig: Setting CVar [[r.LightShaftQuality:1]]
[2019.06.14-19.45.30:266][  0]LogConfig: Setting CVar [[r.Filter.SizeScale:1]]
[2019.06.14-19.45.30:266][  0]LogConfig: Setting CVar [[r.Tonemapper.Quality:5]]
[2019.06.14-19.45.30:266][  0]LogConfig: Setting CVar [[r.DOF.Gather.AccumulatorQuality:1        ; higher gathering accumulator quality]]
[2019.06.14-19.45.30:266][  0]LogConfig: Setting CVar [[r.DOF.Gather.PostfilterMethod:1          ; Median3x3 postfilering method]]
[2019.06.14-19.45.30:266][  0]LogConfig: Setting CVar [[r.DOF.Gather.EnableBokehSettings:0       ; no bokeh simulation when gathering]]
[2019.06.14-19.45.30:266][  0]LogConfig: Setting CVar [[r.DOF.Gather.RingCount:4                 ; medium number of samples when gathering]]
[2019.06.14-19.45.30:266][  0]LogConfig: Setting CVar [[r.DOF.Scatter.ForegroundCompositing:1    ; additive foreground scattering]]
[2019.06.14-19.45.30:266][  0]LogConfig: Setting CVar [[r.DOF.Scatter.BackgroundCompositing:2    ; additive background scattering]]
[2019.06.14-19.45.30:266][  0]LogConfig: Setting CVar [[r.DOF.Scatter.EnableBokehSettings:1      ; bokeh simulation when scattering]]
[2019.06.14-19.45.30:266][  0]LogConfig: Setting CVar [[r.DOF.Scatter.MaxSpriteRatio:0.1         ; only a maximum of 10% of scattered bokeh]]
[2019.06.14-19.45.30:266][  0]LogConfig: Setting CVar [[r.DOF.Recombine.Quality:1                ; cheap slight out of focus]]
[2019.06.14-19.45.30:266][  0]LogConfig: Setting CVar [[r.DOF.Recombine.EnableBokehSettings:0    ; no bokeh simulation on slight out of focus]]
[2019.06.14-19.45.30:266][  0]LogConfig: Setting CVar [[r.DOF.TemporalAAQuality:1                ; more stable temporal accumulation]]
[2019.06.14-19.45.30:266][  0]LogConfig: Setting CVar [[r.DOF.Kernel.MaxForegroundRadius:0.025]]
[2019.06.14-19.45.30:266][  0]LogConfig: Setting CVar [[r.DOF.Kernel.MaxBackgroundRadius:0.025]]
[2019.06.14-19.45.30:266][  0]LogConfig: Applying CVar settings from Section [TextureQuality@3] File [C:/Users/mckan/OneDrive/Documents/GitHub/Summer/9. City Block/BaseCityBlock/Saved/Config/Windows/Scalability.ini]
[2019.06.14-19.45.30:266][  0]LogConfig: Setting CVar [[r.Streaming.MipBias:0]]
[2019.06.14-19.45.30:266][  0]LogConfig: Setting CVar [[r.Streaming.AmortizeCPUToGPUCopy:0]]
[2019.06.14-19.45.30:266][  0]LogConfig: Setting CVar [[r.Streaming.MaxNumTexturesToStreamPerFrame:0]]
[2019.06.14-19.45.30:266][  0]LogConfig: Setting CVar [[r.Streaming.Boost:1]]
[2019.06.14-19.45.30:266][  0]LogConfig: Setting CVar [[r.MaxAnisotropy:8]]
[2019.06.14-19.45.30:266][  0]LogConfig: Setting CVar [[r.Streaming.LimitPoolSizeToVRAM:0]]
[2019.06.14-19.45.30:266][  0]LogConfig: Setting CVar [[r.Streaming.PoolSize:1000]]
[2019.06.14-19.45.30:266][  0]LogConfig: Setting CVar [[r.Streaming.MaxEffectiveScreenSize:0]]
[2019.06.14-19.45.30:266][  0]LogConfig: Applying CVar settings from Section [EffectsQuality@3] File [C:/Users/mckan/OneDrive/Documents/GitHub/Summer/9. City Block/BaseCityBlock/Saved/Config/Windows/Scalability.ini]
[2019.06.14-19.45.30:266][  0]LogConfig: Setting CVar [[r.TranslucencyLightingVolumeDim:64]]
[2019.06.14-19.45.30:266][  0]LogConfig: Setting CVar [[r.RefractionQuality:2]]
[2019.06.14-19.45.30:266][  0]LogConfig: Setting CVar [[r.SSR.Quality:3]]
[2019.06.14-19.45.30:266][  0]LogConfig: Setting CVar [[r.SceneColorFormat:4]]
[2019.06.14-19.45.30:266][  0]LogConfig: Setting CVar [[r.DetailMode:2]]
[2019.06.14-19.45.30:266][  0]LogConfig: Setting CVar [[r.TranslucencyVolumeBlur:1]]
[2019.06.14-19.45.30:267][  0]LogConfig: Setting CVar [[r.MaterialQualityLevel:1 ; High quality]]
[2019.06.14-19.45.30:267][  0]LogConfig: Setting CVar [[r.SSS.Scale:1]]
[2019.06.14-19.45.30:267][  0]LogConfig: Setting CVar [[r.SSS.SampleSet:2]]
[2019.06.14-19.45.30:267][  0]LogConfig: Setting CVar [[r.SSS.Quality:1]]
[2019.06.14-19.45.30:267][  0]LogConfig: Setting CVar [[r.SSS.HalfRes:1]]
[2019.06.14-19.45.30:267][  0]LogConfig: Setting CVar [[r.EmitterSpawnRateScale:1.0]]
[2019.06.14-19.45.30:267][  0]LogConfig: Setting CVar [[r.ParticleLightQuality:2]]
[2019.06.14-19.45.30:267][  0]LogConfig: Applying CVar settings from Section [FoliageQuality@3] File [C:/Users/mckan/OneDrive/Documents/GitHub/Summer/9. City Block/BaseCityBlock/Saved/Config/Windows/Scalability.ini]
[2019.06.14-19.45.30:267][  0]LogConfig: Setting CVar [[foliage.DensityScale:1.0]]
[2019.06.14-19.45.30:267][  0]LogConfig: Setting CVar [[grass.DensityScale:1.0]]
[2019.06.14-19.45.30:267][  0]LogInit: Selected Device Profile: [Windows]
[2019.06.14-19.45.30:267][  0]LogInit: Applying CVar settings loaded from the selected device profile: [Windows]
[2019.06.14-19.45.30:308][  0]LogHAL: Display: Platform has ~ 16 GB [17101430784 / 17179869184 / 16], which maps to Larger [LargestMinGB=32, LargerMinGB=12, DefaultMinGB=8, SmallerMinGB=6, SmallestMinGB=0)
[2019.06.14-19.45.30:308][  0]LogConfig: Setting CVar [[r.Vulkan.UseRealUBs:1]]
[2019.06.14-19.45.30:308][  0]LogInit: Going up to parent DeviceProfile []
[2019.06.14-19.45.30:308][  0]LogConfig: Applying CVar settings from Section [ViewDistanceQuality@0] File [C:/Users/mckan/OneDrive/Documents/GitHub/Summer/9. City Block/BaseCityBlock/Saved/Config/Windows/Scalability.ini]
[2019.06.14-19.45.30:308][  0]LogConfig: Setting CVar [[r.SkeletalMeshLODBias:2]]
[2019.06.14-19.45.30:308][  0]LogConfig: Setting CVar [[r.ViewDistanceScale:0.4]]
[2019.06.14-19.45.30:308][  0]LogConfig: Applying CVar settings from Section [AntiAliasingQuality@0] File [C:/Users/mckan/OneDrive/Documents/GitHub/Summer/9. City Block/BaseCityBlock/Saved/Config/Windows/Scalability.ini]
[2019.06.14-19.45.30:308][  0]LogConfig: Setting CVar [[r.PostProcessAAQuality:0]]
[2019.06.14-19.45.30:308][  0]LogConfig: Applying CVar settings from Section [ShadowQuality@0] File [C:/Users/mckan/OneDrive/Documents/GitHub/Summer/9. City Block/BaseCityBlock/Saved/Config/Windows/Scalability.ini]
[2019.06.14-19.45.30:308][  0]LogConfig: Setting CVar [[r.LightFunctionQuality:0]]
[2019.06.14-19.45.30:308][  0]LogConfig: Setting CVar [[r.ShadowQuality:0]]
[2019.06.14-19.45.30:308][  0]LogConfig: Setting CVar [[r.Shadow.CSM.MaxCascades:1]]
[2019.06.14-19.45.30:308][  0]LogConfig: Setting CVar [[r.Shadow.MaxResolution:512]]
[2019.06.14-19.45.30:308][  0]LogConfig: Setting CVar [[r.Shadow.MaxCSMResolution:512]]
[2019.06.14-19.45.30:308][  0]LogConfig: Setting CVar [[r.Shadow.RadiusThreshold:0.06]]
[2019.06.14-19.45.30:308][  0]LogConfig: Setting CVar [[r.Shadow.DistanceScale:0.6]]
[2019.06.14-19.45.30:308][  0]LogConfig: Setting CVar [[r.Shadow.CSM.TransitionScale:0]]
[2019.06.14-19.45.30:308][  0]LogConfig: Setting CVar [[r.Shadow.PreShadowResolutionFactor:0.5]]
[2019.06.14-19.45.30:308][  0]LogConfig: Setting CVar [[r.DistanceFieldShadowing:0]]
[2019.06.14-19.45.30:309][  0]LogConfig: Setting CVar [[r.DistanceFieldAO:0]]
[2019.06.14-19.45.30:309][  0]LogConfig: Setting CVar [[r.VolumetricFog:0]]
[2019.06.14-19.45.30:309][  0]LogConfig: Setting CVar [[r.LightMaxDrawDistanceScale:0]]
[2019.06.14-19.45.30:309][  0]LogConfig: Setting CVar [[r.CapsuleShadows:0]]
[2019.06.14-19.45.30:309][  0]LogConfig: Applying CVar settings from Section [PostProcessQuality@0] File [C:/Users/mckan/OneDrive/Documents/GitHub/Summer/9. City Block/BaseCityBlock/Saved/Config/Windows/Scalability.ini]
[2019.06.14-19.45.30:309][  0]LogConfig: Setting CVar [[r.MotionBlurQuality:0]]
[2019.06.14-19.45.30:309][  0]LogConfig: Setting CVar [[r.AmbientOcclusionMipLevelFactor:1.0]]
[2019.06.14-19.45.30:309][  0]LogConfig: Setting CVar [[r.AmbientOcclusionMaxQuality:0]]
[2019.06.14-19.45.30:309][  0]LogConfig: Setting CVar [[r.AmbientOcclusionLevels:0]]
[2019.06.14-19.45.30:309][  0]LogConfig: Setting CVar [[r.AmbientOcclusionRadiusScale:1.2]]
[2019.06.14-19.45.30:309][  0]LogConfig: Setting CVar [[r.DepthOfFieldQuality:0]]
[2019.06.14-19.45.30:309][  0]LogConfig: Setting CVar [[r.RenderTargetPoolMin:300]]
[2019.06.14-19.45.30:309][  0]LogConfig: Setting CVar [[r.LensFlareQuality:0]]
[2019.06.14-19.45.30:309][  0]LogConfig: Setting CVar [[r.SceneColorFringeQuality:0]]
[2019.06.14-19.45.30:309][  0]LogConfig: Setting CVar [[r.EyeAdaptationQuality:0]]
[2019.06.14-19.45.30:309][  0]LogConfig: Setting CVar [[r.BloomQuality:4]]
[2019.06.14-19.45.30:309][  0]LogConfig: Setting CVar [[r.FastBlurThreshold:0]]
[2019.06.14-19.45.30:309][  0]LogConfig: Setting CVar [[r.Upscale.Quality:1]]
[2019.06.14-19.45.30:309][  0]LogConfig: Setting CVar [[r.Tonemapper.GrainQuantization:0]]
[2019.06.14-19.45.30:309][  0]LogConfig: Setting CVar [[r.LightShaftQuality:0]]
[2019.06.14-19.45.30:309][  0]LogConfig: Setting CVar [[r.Filter.SizeScale:0.6]]
[2019.06.14-19.45.30:309][  0]LogConfig: Setting CVar [[r.Tonemapper.Quality:0]]
[2019.06.14-19.45.30:309][  0]LogConfig: Applying CVar settings from Section [TextureQuality@0] File [C:/Users/mckan/OneDrive/Documents/GitHub/Summer/9. City Block/BaseCityBlock/Saved/Config/Windows/Scalability.ini]
[2019.06.14-19.45.30:309][  0]LogConfig: Setting CVar [[r.Streaming.MipBias:16]]
[2019.06.14-19.45.30:309][  0]LogConfig: Setting CVar [[r.Streaming.AmortizeCPUToGPUCopy:1]]
[2019.06.14-19.45.30:309][  0]LogConfig: Setting CVar [[r.Streaming.MaxNumTexturesToStreamPerFrame:1]]
[2019.06.14-19.45.30:309][  0]LogConfig: Setting CVar [[r.Streaming.Boost:0.3]]
[2019.06.14-19.45.30:310][  0]LogConfig: Setting CVar [[r.MaxAnisotropy:0]]
[2019.06.14-19.45.30:310][  0]LogConfig: Setting CVar [[r.Streaming.LimitPoolSizeToVRAM:1]]
[2019.06.14-19.45.30:310][  0]LogConfig: Setting CVar [[r.Streaming.PoolSize:400]]
[2019.06.14-19.45.30:310][  0]LogConfig: Setting CVar [[r.Streaming.MaxEffectiveScreenSize:0]]
[2019.06.14-19.45.30:310][  0]LogConfig: Applying CVar settings from Section [EffectsQuality@0] File [C:/Users/mckan/OneDrive/Documents/GitHub/Summer/9. City Block/BaseCityBlock/Saved/Config/Windows/Scalability.ini]
[2019.06.14-19.45.30:310][  0]LogConfig: Setting CVar [[r.TranslucencyLightingVolumeDim:24]]
[2019.06.14-19.45.30:310][  0]LogConfig: Setting CVar [[r.RefractionQuality:0]]
[2019.06.14-19.45.30:310][  0]LogConfig: Setting CVar [[r.SSR.Quality:0]]
[2019.06.14-19.45.30:310][  0]LogConfig: Setting CVar [[r.SceneColorFormat:3]]
[2019.06.14-19.45.30:310][  0]LogConfig: Setting CVar [[r.DetailMode:0]]
[2019.06.14-19.45.30:310][  0]LogConfig: Setting CVar [[r.TranslucencyVolumeBlur:0]]
[2019.06.14-19.45.30:310][  0]LogConfig: Setting CVar [[r.MaterialQualityLevel:0 ; Low quality]]
[2019.06.14-19.45.30:310][  0]LogConfig: Setting CVar [[r.SSS.Scale:0]]
[2019.06.14-19.45.30:310][  0]LogConfig: Setting CVar [[r.SSS.SampleSet:0]]
[2019.06.14-19.45.30:310][  0]LogConfig: Setting CVar [[r.SSS.Quality:0]]
[2019.06.14-19.45.30:310][  0]LogConfig: Setting CVar [[r.SSS.HalfRes:1]]
[2019.06.14-19.45.30:310][  0]LogConfig: Setting CVar [[r.EmitterSpawnRateScale:0.125]]
[2019.06.14-19.45.30:310][  0]LogConfig: Setting CVar [[r.ParticleLightQuality:0]]
[2019.06.14-19.45.30:310][  0]LogConfig: Applying CVar settings from Section [FoliageQuality@0] File [C:/Users/mckan/OneDrive/Documents/GitHub/Summer/9. City Block/BaseCityBlock/Saved/Config/Windows/Scalability.ini]
[2019.06.14-19.45.30:310][  0]LogConfig: Setting CVar [[foliage.DensityScale:0]]
[2019.06.14-19.45.30:310][  0]LogConfig: Setting CVar [[grass.DensityScale:0]]
[2019.06.14-19.45.30:310][  0]LogConfig: Applying CVar settings from Section [Startup] File [../../../Engine/Config/ConsoleVariables.ini]
[2019.06.14-19.45.30:311][  0]LogConfig: Setting CVar [[net.UseAdaptiveNetUpdateFrequency:0]]
[2019.06.14-19.45.30:311][  0]LogConfig: Applying CVar settings from Section [ConsoleVariables] File [C:/Users/mckan/OneDrive/Documents/GitHub/Summer/9. City Block/BaseCityBlock/Saved/Config/Windows/Engine.ini]
[2019.06.14-19.45.30:311][  0]LogInit: Computer: MACBLAST
[2019.06.14-19.45.30:311][  0]LogInit: User: mckan
[2019.06.14-19.45.30:311][  0]LogInit: CPU Page size=4096, Cores=2
[2019.06.14-19.45.30:311][  0]LogInit: High frequency timer resolution =2.437503 MHz
[2019.06.14-19.45.30:312][  0]LogMemory: Memory total: Physical=15.9GB (16GB approx)
[2019.06.14-19.45.30:312][  0]LogMemory: Platform Memory Stats for Windows
[2019.06.14-19.45.30:312][  0]LogMemory: Process Physical Memory: 102.25 MB used, 102.25 MB peak
[2019.06.14-19.45.30:312][  0]LogMemory: Process Virtual Memory: 84.57 MB used, 84.57 MB peak
[2019.06.14-19.45.30:312][  0]LogMemory: Physical Memory: 3141.40 MB used,  13167.79 MB free, 16309.20 MB total
[2019.06.14-19.45.30:312][  0]LogMemory: Virtual Memory: 4628.91 MB used,  134213096.00 MB free, 134217728.00 MB total
[2019.06.14-19.45.30:347][  0]LogInit: Using OS detected language (en-US).
[2019.06.14-19.45.30:347][  0]LogInit: Using OS detected locale (en-US).
[2019.06.14-19.45.30:348][  0]LogTextLocalizationManager: No specific localization for 'en-US' exists, so the 'en' localization will be used.
[2019.06.14-19.45.30:831][  0]LogStreaming: Display: Took  0.484s to InitEngineTextLocalization.
[2019.06.14-19.45.30:831][  0]LogInit: Setting process to per monitor DPI aware
[2019.06.14-19.45.30:880][  0]LogSlate: New Slate User Created.  User Index 0, Is Virtual User: 0
[2019.06.14-19.45.30:880][  0]LogSlate: Slate User Registered.  User Index 0, Is Virtual User: 0
[2019.06.14-19.45.31:160][  0]LogHMD: Failed to initialize OpenVR with code 110
[2019.06.14-19.45.31:160][  0]LogD3D11RHI: D3D11 adapters:
[2019.06.14-19.45.31:186][  0]LogD3D11RHI:    0. 'Intel(R) Iris(R) Plus Graphics 640' (Feature Level 11_0)
[2019.06.14-19.45.31:186][  0]LogD3D11RHI:       128/0/8154 MB DedicatedVideo/DedicatedSystem/SharedSystem, Outputs:1, VendorId:0x8086
[2019.06.14-19.45.31:189][  0]LogD3D11RHI:    1. 'Microsoft Basic Render Driver' (Feature Level 11_0)
[2019.06.14-19.45.31:189][  0]LogD3D11RHI:       0/0/8154 MB DedicatedVideo/DedicatedSystem/SharedSystem, Outputs:0, VendorId:0x1414
[2019.06.14-19.45.31:189][  0]LogD3D11RHI: Chosen D3D11 Adapter: 0
[2019.06.14-19.45.31:194][  0]LogD3D11RHI: Creating new Direct3DDevice
[2019.06.14-19.45.31:195][  0]LogD3D11RHI:     GPU DeviceId: 0x5926 (for the marketing name, search the web for "GPU Device Id")
[2019.06.14-19.45.31:195][  0]LogWindows: EnumDisplayDevices:
[2019.06.14-19.45.31:195][  0]LogWindows:    0. 'Intel(R) Iris(R) Plus Graphics 640' (P:1 D:1)
[2019.06.14-19.45.31:195][  0]LogWindows:    1. 'Intel(R) Iris(R) Plus Graphics 640' (P:0 D:0)
[2019.06.14-19.45.31:196][  0]LogWindows:    2. 'Intel(R) Iris(R) Plus Graphics 640' (P:0 D:0)
[2019.06.14-19.45.31:196][  0]LogWindows: DebugString: FoundDriverCount:3 
[2019.06.14-19.45.31:196][  0]LogD3D11RHI:     Adapter Name: Intel(R) Iris(R) Plus Graphics 640
[2019.06.14-19.45.31:196][  0]LogD3D11RHI:   Driver Version: 24.20.100.6136 (internal:24.20.100.6136, unified:24.20.100.6136)
[2019.06.14-19.45.31:196][  0]LogD3D11RHI:      Driver Date: 5-25-2018
[2019.06.14-19.45.31:196][  0]LogRHI: Texture pool is 1523 MB (70% of 2176 MB)
[2019.06.14-19.45.31:247][  0]LogD3D11RHI: [IntelMetricsDiscovery] Started
[2019.06.14-19.45.31:247][  0]LogD3D11RHI: Async texture creation enabled
[2019.06.14-19.45.31:254][  0]LogD3D11RHI: GPU Timing Frequency: 12.000048 (Debug: 2 0)
[2019.06.14-19.45.31:654][  0]LogTemp: Display: Loaded TP AllDesktopTargetPlatform
[2019.06.14-19.45.31:667][  0]LogTemp: Display: Loaded TP MacClientTargetPlatform
[2019.06.14-19.45.31:680][  0]LogTemp: Display: Loaded TP MacNoEditorTargetPlatform
[2019.06.14-19.45.31:692][  0]LogTemp: Display: Loaded TP MacServerTargetPlatform
[2019.06.14-19.45.31:707][  0]LogTemp: Display: Loaded TP MacTargetPlatform
[2019.06.14-19.45.31:720][  0]LogTemp: Display: Loaded TP WindowsClientTargetPlatform
[2019.06.14-19.45.31:732][  0]LogTemp: Display: Loaded TP WindowsNoEditorTargetPlatform
[2019.06.14-19.45.31:747][  0]LogTemp: Display: Loaded TP WindowsServerTargetPlatform
[2019.06.14-19.45.31:752][  0]LogTemp: Display: Loaded TP WindowsTargetPlatform
[2019.06.14-19.45.31:818][  0]LogTemp: Display: Loaded TP AndroidTargetPlatform
[2019.06.14-19.45.31:818][  0]LogTemp: Display: Loaded TP AndroidTargetPlatform
[2019.06.14-19.45.31:818][  0]LogTemp: Display: Loaded TP AndroidTargetPlatform
[2019.06.14-19.45.31:818][  0]LogTemp: Display: Loaded TP AndroidTargetPlatform
[2019.06.14-19.45.31:818][  0]LogTemp: Display: Loaded TP AndroidTargetPlatform
[2019.06.14-19.45.31:818][  0]LogTemp: Display: Loaded TP AndroidTargetPlatform
[2019.06.14-19.45.31:818][  0]LogTemp: Display: Loaded TP AndroidTargetPlatform
[2019.06.14-19.45.31:818][  0]LogTemp: Display: Loaded TP AndroidTargetPlatform
[2019.06.14-19.45.31:818][  0]LogTemp: Display: Loaded TP AndroidTargetPlatform
[2019.06.14-19.45.31:818][  0]LogTemp: Display: Loaded TP AndroidTargetPlatform
[2019.06.14-19.45.31:818][  0]LogTemp: Display: Loaded TP AndroidTargetPlatform
[2019.06.14-19.45.31:818][  0]LogTemp: Display: Loaded TP AndroidTargetPlatform
[2019.06.14-19.45.31:818][  0]LogTemp: Display: Loaded TP AndroidTargetPlatform
[2019.06.14-19.45.31:818][  0]LogTemp: Display: Loaded TP AndroidTargetPlatform
[2019.06.14-19.45.31:818][  0]LogTemp: Display: Loaded TP AndroidTargetPlatform
[2019.06.14-19.45.31:818][  0]LogTemp: Display: Loaded TP AndroidTargetPlatform
[2019.06.14-19.45.31:818][  0]LogTemp: Display: Loaded TP AndroidTargetPlatform
[2019.06.14-19.45.31:818][  0]LogTemp: Display: Loaded TP AndroidTargetPlatform
[2019.06.14-19.45.31:819][  0]LogTemp: Display: Loaded TP HTML5TargetPlatform
[2019.06.14-19.45.31:877][  0]LogTemp: Display: Loaded TP IOSTargetPlatform
[2019.06.14-19.45.31:877][  0]LogTemp: Display: Loaded TP IOSTargetPlatform
[2019.06.14-19.45.31:929][  0]LogTemp: Display: Loaded TP TVOSTargetPlatform
[2019.06.14-19.45.31:930][  0]LogTemp: Display: Loaded TP TVOSTargetPlatform
[2019.06.14-19.45.31:948][  0]LogTemp: Display: Loaded TP LinuxClientTargetPlatform
[2019.06.14-19.45.31:962][  0]LogTemp: Display: Loaded TP LinuxNoEditorTargetPlatform
[2019.06.14-19.45.31:974][  0]LogTemp: Display: Loaded TP LinuxServerTargetPlatform
[2019.06.14-19.45.31:985][  0]LogTemp: Display: Loaded TP LinuxTargetPlatform
[2019.06.14-19.45.32:036][  0]LogTemp: Display: Loaded TP LuminTargetPlatform
[2019.06.14-19.45.32:036][  0]LogTemp: Display: Loaded TP LuminTargetPlatform
[2019.06.14-19.45.32:036][  0]LogTargetPlatformManager: Display: Building Assets For Windows
[2019.06.14-19.45.32:094][  0]LogShaderCompilers: Guid format shader working directory is -45 characters bigger than the processId version (../../../../../../Users/mckan/OneDrive/Documents/GitHub/Summer/9. City Block/BaseCityBlock/Intermediate/Shaders/WorkingDirectory/10828/).
[2019.06.14-19.45.32:094][  0]LogShaderCompilers: Cleaned the shader compiler working directory 'C:/Users/mckan/AppData/Local/Temp/UnrealShaderWorkingDir/57B1503B464705362BFFD7AE96C68440/'.
[2019.06.14-19.45.32:096][  0]LogXGEController: Cleaning working directory: C:/Users/mckan/AppData/Local/Temp/UnrealXGEWorkingDir/
[2019.06.14-19.45.32:096][  0]LogXGEController: Cannot use XGE Controller as Incredibuild is not installed on this machine.
[2019.06.14-19.45.32:096][  0]LogShaderCompilers: Cannot use XGE Shader Compiler as Incredibuild is not installed on this machine.
[2019.06.14-19.45.32:096][  0]LogShaderCompilers: Display: Using Local Shader Compiler.
[2019.06.14-19.45.32:585][  0]LogDerivedDataCache: Display: Max Cache Size: 512 MB
[2019.06.14-19.45.32:637][  0]LogDerivedDataCache: Loaded boot cache 0.05s 71MB C:/Users/mckan/AppData/Local/UnrealEngine/4.21/DerivedDataCache/Boot.ddc.
[2019.06.14-19.45.32:637][  0]LogDerivedDataCache: Display: Loaded Boot cache: C:/Users/mckan/AppData/Local/UnrealEngine/4.21/DerivedDataCache/Boot.ddc
[2019.06.14-19.45.32:637][  0]LogDerivedDataCache: FDerivedDataBackendGraph:  Pak pak cache file ../../../../../../Users/mckan/OneDrive/Documents/GitHub/Summer/9. City Block/BaseCityBlock/DerivedDataCache/DDC.ddp not found, will not use a pak cache.
[2019.06.14-19.45.32:637][  0]LogDerivedDataCache: Unable to find inner node Pak for hierarchical cache Hierarchy.
[2019.06.14-19.45.32:637][  0]LogDerivedDataCache: FDerivedDataBackendGraph:  CompressedPak pak cache file ../../../../../../Users/mckan/OneDrive/Documents/GitHub/Summer/9. City Block/BaseCityBlock/DerivedDataCache/Compressed.ddp not found, will not use a pak cache.
[2019.06.14-19.45.32:637][  0]LogDerivedDataCache: Unable to find inner node CompressedPak for hierarchical cache Hierarchy.
[2019.06.14-19.45.32:653][  0]LogDerivedDataCache: Display: Pak cache opened for reading ../../../Engine/DerivedDataCache/Compressed.ddp.
[2019.06.14-19.45.32:653][  0]LogDerivedDataCache: FDerivedDataBackendGraph:  EnterprisePak pak cache file ../../../Enterprise/DerivedDataCache/Compressed.ddp not found, will not use a pak cache.
[2019.06.14-19.45.32:653][  0]LogDerivedDataCache: Unable to find inner node EnterprisePak for hierarchical cache Hierarchy.
[2019.06.14-19.45.32:665][  0]LogDerivedDataCache: Using Local data cache path C:/Users/mckan/AppData/Local/UnrealEngine/Common/DerivedDataCache: Writable
[2019.06.14-19.45.32:665][  0]LogDerivedDataCache: Shared data cache path not found in *engine.ini, will not use an Shared cache.
[2019.06.14-19.45.32:665][  0]LogDerivedDataCache: Unable to find inner node Shared for hierarchical cache Hierarchy.
[2019.06.14-19.45.32:704][  0]LogMaterial: Verifying Global Shaders for PCD3D_SM5
[2019.06.14-19.45.32:705][  0]LogSlate: Using FreeType 2.6.0
[2019.06.14-19.45.32:706][  0]LogSlate: SlateFontServices - WITH_FREETYPE: 1, WITH_HARFBUZZ: 1
[2019.06.14-19.45.32:788][  0]LogAssetRegistry: FAssetRegistry took 0.0317 seconds to start up
[2019.06.14-19.45.33:240][  0]LogInit: Selected Device Profile: [Windows]
[2019.06.14-19.45.33:439][  0]LogSimplygon: Simplygon DLL not present - disabling.
[2019.06.14-19.45.33:444][  0]LogMeshReduction: Using SimplygonSwarm for distributed automatic mesh merging
[2019.06.14-19.45.33:444][  0]LogMeshReduction: Using ProxyLODMeshReduction for automatic mesh merging
[2019.06.14-19.45.33:444][  0]LogMeshReduction: Using QuadricMeshReduction for automatic static mesh reduction
[2019.06.14-19.45.33:444][  0]LogMeshReduction: No automatic skeletal mesh reduction module available
[2019.06.14-19.45.33:463][  0]LogNetVersion: My City Block 1.0.0, NetCL: 4541578, EngineNetVer: 5, GameNetVer: 0 (Checksum: 2194959371)
[2019.06.14-19.45.34:225][  0]LogPackageLocalizationCache: Processed 11 localized package path(s) for 2 prioritized culture(s) in 0.159425 seconds
[2019.06.14-19.45.34:239][  0]LogUObjectArray: 39775 objects as part of root set at end of initial load.
[2019.06.14-19.45.34:239][  0]LogUObjectAllocator: 6914664 out of 0 bytes used by permanent object pool.
[2019.06.14-19.45.34:239][  0]LogUObjectArray: CloseDisregardForGC: 0/0 objects in disregard for GC pool
[2019.06.14-19.45.35:257][  0]LogTcpMessaging: Initializing TcpMessaging bridge
[2019.06.14-19.45.35:270][  0]LogUdpMessaging: Initializing bridge on interface 0.0.0.0:0 to multicast group 230.0.0.1:6666.
[2019.06.14-19.45.35:912][  0]SourceControl: Source control is disabled
[2019.06.14-19.45.35:912][  0]SourceControl: Source control is disabled
[2019.06.14-19.45.35:914][  0]SourceControl: Source control is disabled
[2019.06.14-19.45.35:915][  0]SourceControl: Source control is disabled
[2019.06.14-19.45.36:104][  0]LogAndroidPermission: UAndroidPermissionCallbackProxy::GetInstance
[2019.06.14-19.45.36:177][  0]LogOcInput: OculusInput pre-init called
[2019.06.14-19.45.36:385][  0]LogEngine: Initializing Engine...
[2019.06.14-19.45.36:385][  0]LogHMD: Failed to initialize OpenVR with code 110
[2019.06.14-19.45.36:387][  0]LogStats: UGameplayTagsManager::ConstructGameplayTagTree: ImportINI prefixes -  0.000 s
[2019.06.14-19.45.36:387][  0]LogStats: UGameplayTagsManager::ConstructGameplayTagTree: Construct from data asset -  0.000 s
[2019.06.14-19.45.36:387][  0]LogStats: UGameplayTagsManager::ConstructGameplayTagTree: ImportINI -  0.000 s
[2019.06.14-19.45.36:387][  0]LogStats: UGameplayTagsManager::ConstructGameplayTagTree: GameplayTagTreeChangedEvent.Broadcast -  0.000 s
[2019.06.14-19.45.36:608][  0]LogInit: Initializing FReadOnlyCVARCache
[2019.06.14-19.45.36:628][  0]LogAIModule: Creating AISystem for world Untitled
[2019.06.14-19.45.36:638][  0]LogInit: XAudio2 using 'Speakers (Realtek High Definition Audio(SST))' : 2 channels at 48 kHz using 32 bits per sample (channel mask 0x3)
[2019.06.14-19.45.36:853][  0]LogInit: FAudioDevice initialized.
[2019.06.14-19.45.36:853][  0]LogNetVersion: Set ProjectVersion to 1.0.0.0. Version Checksum will be recalculated on next use.
[2019.06.14-19.45.36:982][  0]LogDerivedDataCache: Saved boot cache 0.13s 71MB C:/Users/mckan/AppData/Local/UnrealEngine/4.21/DerivedDataCache/Boot.ddc.
[2019.06.14-19.45.37:008][  0]LogInit: Texture streaming: Enabled
[2019.06.14-19.45.37:026][  0]LogEngineSessionManager: EngineSessionManager initialized
[2019.06.14-19.45.37:044][  0]LogInit: Transaction tracking system initialized
[2019.06.14-19.45.37:078][  0]BlueprintLog: New page: Editor Load
[2019.06.14-19.45.37:155][  0]LocalizationService: Localization service is disabled
[2019.06.14-19.45.38:131][  0]LogFileCache: Scanning file cache for directory 'C:/Users/mckan/OneDrive/Documents/GitHub/Summer/9. City Block/BaseCityBlock/Content/' took 0.01s
[2019.06.14-19.45.38:131][  0]LogCook: Display: Max memory allowance for cook 16384mb min free memory 0mb
[2019.06.14-19.45.38:131][  0]LogCook: Display: Mobile HDR setting 1
[2019.06.14-19.45.38:131][  0]LogGameplayTags: Display: UGameplayTagsManager::DoneAddingNativeTags. DelegateIsBound: 0
[2019.06.14-19.45.38:131][  0]LogStats: UGameplayTagsManager::ConstructGameplayTagTree: ImportINI prefixes -  0.000 s
[2019.06.14-19.45.38:131][  0]LogStats: UGameplayTagsManager::ConstructGameplayTagTree: Construct from data asset -  0.000 s
[2019.06.14-19.45.38:132][  0]LogStats: UGameplayTagsManager::ConstructGameplayTagTree: ImportINI -  0.000 s
[2019.06.14-19.45.38:132][  0]LogStats: UGameplayTagsManager::ConstructGameplayTagTree: GameplayTagTreeChangedEvent.Broadcast -  0.000 s
[2019.06.14-19.45.38:293][  0]SourceControl: Source control is disabled
[2019.06.14-19.45.38:293][  0]Cmd: MAP LOAD FILE="../../../Engine/Content/Maps/Templates/Template_Default.umap" TEMPLATE=1 SHOWPROGRESS=1 FEATURELEVEL=3
[2019.06.14-19.45.38:293][  0]LightingResults: New page: Lighting Build
[2019.06.14-19.45.38:296][  0]MapCheck: New page: Map Check
[2019.06.14-19.45.38:296][  0]LightingResults: New page: Lighting Build
[2019.06.14-19.45.38:456][  0]LogAIModule: Creating AISystem for world Untitled_1
[2019.06.14-19.45.38:465][  0]LogEditorServer: Finished looking for orphan Actors (0.000 secs)
[2019.06.14-19.45.38:489][  0]Cmd: MAP CHECKDEP NOCLEARLOG
[2019.06.14-19.45.38:489][  0]MapCheck: Map check complete: 0 Error(s), 0 Warning(s), took 0.191ms to complete.
[2019.06.14-19.45.38:489][  0]LogFileHelpers: Loading map 'Template_Default' took 0.197
[2019.06.14-19.45.38:640][  0]LogSlate: Updating window title bar state: overlay mode, drag disabled, window buttons hidden, title bar hidden
[2019.06.14-19.45.38:654][  0]LogSlate: Updating window title bar state: overlay mode, drag disabled, window buttons hidden, title bar hidden
[2019.06.14-19.45.38:662][  0]LogSlate: Updating window title bar state: overlay mode, drag disabled, window buttons hidden, title bar hidden
[2019.06.14-19.45.38:671][  0]LogSlate: Updating window title bar state: overlay mode, drag disabled, window buttons hidden, title bar hidden
[2019.06.14-19.45.38:678][  0]LogCollectionManager: Loaded 0 collections in 0.001673 seconds
[2019.06.14-19.45.38:722][  0]LogFileCache: Scanning file cache for directory 'C:/Users/mckan/OneDrive/Documents/GitHub/Summer/9. City Block/BaseCityBlock/Saved/Collections/' took 0.01s
[2019.06.14-19.45.38:722][  0]LogFileCache: Scanning file cache for directory 'C:/Users/mckan/OneDrive/Documents/GitHub/Summer/9. City Block/BaseCityBlock/Content/Developers/mckan/Collections/' took 0.01s
[2019.06.14-19.45.38:722][  0]LogFileCache: Scanning file cache for directory 'C:/Users/mckan/OneDrive/Documents/GitHub/Summer/9. City Block/BaseCityBlock/Content/Collections/' took 0.01s
[2019.06.14-19.45.38:722][  0]LogCollectionManager: Rebuilt the GUID cache for 0 collections in 0.000000 seconds
[2019.06.14-19.45.38:733][  0]LogContentBrowser: Native class hierarchy populated in 0.0113 seconds. Added 2651 classes and 620 folders.
[2019.06.14-19.45.38:741][  0]LogContentBrowser: Native class hierarchy updated for 'WidgetCarousel' in 0.0003 seconds. Added 0 classes and 0 folders.
[2019.06.14-19.45.38:743][  0]LogPakFile: Registered encryption key '00000000000000000000000000000000': 0 pak files mounted, 0 remain pending
[2019.06.14-19.45.38:743][  0]LogPakFile: Registered encryption key '00000000000000000000000000000000': 0 pak files mounted, 0 remain pending
[2019.06.14-19.45.38:744][  0]LogPakFile: Registered encryption key '00000000000000000000000000000000': 0 pak files mounted, 0 remain pending
[2019.06.14-19.45.38:744][  0]LogPakFile: Registered encryption key '00000000000000000000000000000000': 0 pak files mounted, 0 remain pending
[2019.06.14-19.45.38:745][  0]LogPakFile: Registered encryption key '00000000000000000000000000000000': 0 pak files mounted, 0 remain pending
[2019.06.14-19.45.38:745][  0]LogPakFile: Registered encryption key '00000000000000000000000000000000': 0 pak files mounted, 0 remain pending
[2019.06.14-19.45.38:746][  0]LogPakFile: Registered encryption key '00000000000000000000000000000000': 0 pak files mounted, 0 remain pending
[2019.06.14-19.45.38:746][  0]LogPakFile: Registered encryption key '00000000000000000000000000000000': 0 pak files mounted, 0 remain pending
[2019.06.14-19.45.38:747][  0]LogPakFile: Registered encryption key '00000000000000000000000000000000': 0 pak files mounted, 0 remain pending
[2019.06.14-19.45.38:747][  0]LogPakFile: Registered encryption key '00000000000000000000000000000000': 0 pak files mounted, 0 remain pending
[2019.06.14-19.45.38:748][  0]LogPakFile: Registered encryption key '00000000000000000000000000000000': 0 pak files mounted, 0 remain pending
[2019.06.14-19.45.38:749][  0]LogPakFile: Registered encryption key '00000000000000000000000000000000': 0 pak files mounted, 0 remain pending
[2019.06.14-19.45.38:749][  0]LogPakFile: Registered encryption key '00000000000000000000000000000000': 0 pak files mounted, 0 remain pending
[2019.06.14-19.45.38:750][  0]LogPakFile: Registered encryption key '00000000000000000000000000000000': 0 pak files mounted, 0 remain pending
[2019.06.14-19.45.38:750][  0]LogPakFile: Registered encryption key '00000000000000000000000000000000': 0 pak files mounted, 0 remain pending
[2019.06.14-19.45.38:751][  0]LogPakFile: Registered encryption key '00000000000000000000000000000000': 0 pak files mounted, 0 remain pending
[2019.06.14-19.45.38:751][  0]LogPakFile: Registered encryption key '00000000000000000000000000000000': 0 pak files mounted, 0 remain pending
[2019.06.14-19.45.38:752][  0]LogPakFile: Registered encryption key '00000000000000000000000000000000': 0 pak files mounted, 0 remain pending
[2019.06.14-19.45.38:752][  0]LogPakFile: Registered encryption key '00000000000000000000000000000000': 0 pak files mounted, 0 remain pending
[2019.06.14-19.45.38:753][  0]LogPakFile: Registered encryption key '00000000000000000000000000000000': 0 pak files mounted, 0 remain pending
[2019.06.14-19.45.38:753][  0]LogPakFile: Registered encryption key '00000000000000000000000000000000': 0 pak files mounted, 0 remain pending
[2019.06.14-19.45.38:754][  0]LogPakFile: Registered encryption key '00000000000000000000000000000000': 0 pak files mounted, 0 remain pending
[2019.06.14-19.45.38:754][  0]LogPakFile: Registered encryption key '00000000000000000000000000000000': 0 pak files mounted, 0 remain pending
[2019.06.14-19.45.38:755][  0]LogPakFile: Registered encryption key '00000000000000000000000000000000': 0 pak files mounted, 0 remain pending
[2019.06.14-19.45.38:755][  0]LogPakFile: Registered encryption key '00000000000000000000000000000000': 0 pak files mounted, 0 remain pending
[2019.06.14-19.45.38:756][  0]LogPakFile: Registered encryption key '00000000000000000000000000000000': 0 pak files mounted, 0 remain pending
[2019.06.14-19.45.38:792][  0]LogContentBrowser: Native class hierarchy updated for 'AddContentDialog' in 0.0003 seconds. Added 0 classes and 0 folders.
[2019.06.14-19.45.38:797][  0]LogContentBrowser: Native class hierarchy updated for 'SceneOutliner' in 0.0003 seconds. Added 1 classes and 2 folders.
[2019.06.14-19.45.38:812][  0]LogSlate: Took 0.000178 seconds to synchronously load lazily loaded font '../../../Engine/Content/Slate/Fonts/Roboto-Regular.ttf' (155K)
[2019.06.14-19.45.38:815][  0]LogSlate: Took 0.000211 seconds to synchronously load lazily loaded font '../../../Engine/Content/Slate/Fonts/Roboto-Bold.ttf' (160K)
[2019.06.14-19.45.38:824][  0]LogSlate: Took 0.000242 seconds to synchronously load lazily loaded font '../../../Engine/Content/Editor/Slate/Fonts/FontAwesome.ttf' (139K)
[2019.06.14-19.45.38:952][  0]LogRenderer: Reallocating scene render targets to support 888x468 Format 9 NumSamples 1 (Frame:1).
[2019.06.14-19.45.39:149][  0]LogContentBrowser: Native class hierarchy updated for 'HierarchicalLODOutliner' in 0.0004 seconds. Added 0 classes and 0 folders.
[2019.06.14-19.45.39:149][  0]LogLoad: (Engine Initialization) Total time: 10.56 seconds
[2019.06.14-19.45.39:149][  0]LogLoad: (Engine Initialization) Total Blueprint compile time: 0.00 seconds
[2019.06.14-19.45.39:161][  0]LogWindowsTextInputMethodSystem: Display: IME system now deactivated.
[2019.06.14-19.45.39:229][  0]LogContentStreaming: Texture pool size now 400 MB
[2019.06.14-19.45.39:350][  2]LogAssetRegistry: Asset discovery search completed in 6.5834 seconds
[2019.06.14-19.45.39:353][  2]LogCollectionManager: Rebuilt the object cache for 0 collections in 0.000000 seconds (found 0 objects)
[2019.06.14-19.45.39:353][  2]LogCollectionManager: Fixed up redirectors for 0 collections in 0.000099 seconds (updated 0 objects)
[2019.06.14-19.45.42:674][105]LogSlate: FSceneViewport::OnFocusLost() reason 0
[2019.06.14-19.45.45:927][224]LogSlate: Took 0.000713 seconds to synchronously load lazily loaded font '../../../Engine/Content/Slate/Fonts/Roboto-Light.ttf' (167K)
[2019.06.14-19.45.46:235][224]LogTexture: Display: Building textures: HQ_Lightmap1_1 (AutoDXT, 1024X1024)
[2019.06.14-19.45.46:235][224]LogTexture: Display: Building textures: streetLines001 (AutoDXT, 2048X2048)
[2019.06.14-19.45.46:506][224]LogTexture: Display: Building textures: HQ_Lightmap1_2 (AutoDXT, 64X64)
[2019.06.14-19.45.46:662][224]LogTexture: Display: Building textures: LQ_Lightmap_1_1 (DXT1, 1024X1024)
[2019.06.14-19.45.46:662][224]LogTexture: Display: Building textures: WoodTexture004 (AutoDXT, 2048X2048)
[2019.06.14-19.45.49:003][224]LogTexture: Display: Building textures: LQ_Lightmap_1_2 (DXT1, 64X64)
[2019.06.14-19.45.49:003][224]LogTexture: Display: Building textures: ShadowMapTexture2D_14 (G8, 1024X256)
[2019.06.14-19.45.49:003][224]LogTexture: Display: Building textures: ShadowMapTexture2D_15 (G8, 32X32)
[2019.06.14-19.45.49:003][224]LogTexture: Display: Building textures: N_WoodTexture001_AP (BGRA8, 2299X2299)
[2019.06.14-19.45.49:017][224]LogMaterial: Display: Missing cached shader map for material M_MasterWoodBlock_AP, compiling. 
[2019.06.14-19.45.49:497][224]LogShaderCompilers: Display: Shaders left to compile 31
[2019.06.14-19.45.49:497][224]LogShaderCompilers: Display: Shaders left to compile 21
[2019.06.14-19.45.49:497][224]LogShaderCompilers: Display: Shaders left to compile 11
[2019.06.14-19.45.49:497][224]LogStaticMesh: Building static mesh MACHicAssign004WBsize...
[2019.06.14-19.45.50:451][224]LogStaticMesh: Built static mesh [0.95s] /Game/Human4Size/MACHicAssign004WBsize.MACHicAssign004WBsize
[2019.06.14-19.45.50:633][224]LogStaticMesh: Building static mesh streetBlocks50X50X20...
[2019.06.14-19.45.50:636][224]LogStaticMesh: Built static mesh [0.00s] /Game/StreetBlocks/streetBlocks50X50X20.streetBlocks50X50X20
[2019.06.14-19.45.50:639][224]LogStaticMesh: Building static mesh streetBlocks100X100X30...
[2019.06.14-19.45.50:643][224]LogStaticMesh: Built static mesh [0.00s] /Game/StreetBlocks/streetBlocks100X100X30.streetBlocks100X100X30
[2019.06.14-19.45.50:645][224]LogStaticMesh: Building static mesh streetBlocks100X50X30...
[2019.06.14-19.45.50:653][224]LogStaticMesh: Built static mesh [0.01s] /Game/StreetBlocks/streetBlocks100X50X30.streetBlocks100X50X30
[2019.06.14-19.45.50:658][224]LogStaticMesh: Building static mesh streetBlocks100X50X20...
[2019.06.14-19.45.50:667][224]LogStaticMesh: Built static mesh [0.01s] /Game/StreetBlocks/streetBlocks100X50X20.streetBlocks100X50X20
[2019.06.14-19.45.50:671][224]LogStaticMesh: Building static mesh streetBlocks50RCorner...
[2019.06.14-19.45.50:681][224]LogStaticMesh: Built static mesh [0.01s] /Game/StreetBlocks/streetBlocks50RCorner.streetBlocks50RCorner
[2019.06.14-19.45.50:695][224]LogStaticMesh: Building static mesh streetBlocks100X100X20...
[2019.06.14-19.45.50:706][224]LogStaticMesh: Built static mesh [0.01s] /Game/StreetBlocks/streetBlocks100X100X20.streetBlocks100X100X20
[2019.06.14-19.45.50:712][224]LogMaterial: Display: Missing cached shader map for material M_WBchar_MACH, compiling. 
[2019.06.14-19.45.50:739][224]LogAIModule: Creating AISystem for world StreetSceneLarge
[2019.06.14-19.45.50:752][224]LogAssetEditorManager: Opening Asset editor for World /Game/StreetSceneLarge.StreetSceneLarge
[2019.06.14-19.45.50:811][224]Cmd: MAP LOAD FILE="../../../../../../Users/mckan/OneDrive/Documents/GitHub/Summer/9. City Block/BaseCityBlock/Content/StreetSceneLarge.umap" TEMPLATE=0 SHOWPROGRESS=1 FEATURELEVEL=3
[2019.06.14-19.45.50:811][224]LightingResults: New page: Lighting Build
[2019.06.14-19.45.50:813][224]LoadErrors: New page: Loading map: StreetSceneLarge.umap
[2019.06.14-19.45.50:814][224]MapCheck: New page: Map Check
[2019.06.14-19.45.50:814][224]LightingResults: New page: Lighting Build
[2019.06.14-19.45.50:870][224]LogEditorServer: Finished looking for orphan Actors (0.000 secs)
[2019.06.14-19.45.50:958][224]Cmd: MAP CHECKDEP NOCLEARLOG
[2019.06.14-19.45.50:962][224]MapCheck: Map check complete: 0 Error(s), 0 Warning(s), took 3.514ms to complete.
[2019.06.14-19.45.50:962][224]LogFileHelpers: Loading map 'StreetSceneLarge' took 0.152
[2019.06.14-19.46.23:656][ 73]LogShaderCompilers: Display: Shaders left to compile 23
[2019.06.14-19.46.26:405][145]LogEditorViewport: Clicking on Actor (LMB): StaticMeshActor (sidewalkBlock17)
[2019.06.14-19.46.39:615][481]LogEditorViewport: Clicking on Actor (LMB): BP_Sky_Sphere_C (Sky Sphere)
[2019.06.14-19.46.43:895][561]LogShaderCompilers: Display: Shaders left to compile 13
[2019.06.14-19.46.46:301][618]LogSlate: FSceneViewport::OnFocusLost() reason 0
[2019.06.14-19.46.47:568][646]LogShaderCompilers: Display: Shaders left to compile 3
[2019.06.14-19.47.02:201][970]LogEditorViewport: Clicking on Actor (LMB): BP_Sky_Sphere_C (Sky Sphere)
[2019.06.14-19.47.06:501][ 66]LogEditorViewport: Clicking on Actor (LMB): BP_Sky_Sphere_C (Sky Sphere)
[2019.06.14-19.47.11:875][187]LogSlate: FSceneViewport::OnFocusLost() reason 2
[2019.06.14-19.47.12:751][187]LogSavePackage: Moving '../../../../../../Users/mckan/OneDrive/Documents/GitHub/Summer/9. City Block/BaseCityBlock/Saved/StreetSceneLargeD6DBBB9D47BC6C92C5E19E8B9488E64E.tmp' to '../../../../../../Users/mckan/OneDrive/Documents/GitHub/Summer/9. City Block/BaseCityBlock/Content/StreetSceneLarge.umap'
[2019.06.14-19.47.13:112][187]LogSavePackage: Moving '../../../../../../Users/mckan/OneDrive/Documents/GitHub/Summer/9. City Block/BaseCityBlock/Saved/StreetSceneLarge_BuiltData104E6B294B2942D1FE633A888476378A.tmp' to '../../../../../../Users/mckan/OneDrive/Documents/GitHub/Summer/9. City Block/BaseCityBlock/Content/StreetSceneLarge_BuiltData.uasset'
[2019.06.14-19.47.18:920][325]LogSlate: FSceneViewport::OnFocusLost() reason 0
[2019.06.14-19.47.19:312][331]LogSlate: Window 'My City Block - Unreal Editor' being destroyed
[2019.06.14-19.47.19:314][331]LogWindowsTextInputMethodSystem: Display: IME system now deactivated.
[2019.06.14-19.47.19:721][332]Cmd: QUIT_EDITOR
[2019.06.14-19.47.19:777][332]LogExit: Preparing to exit.
[2019.06.14-19.47.20:496][332]LogExit: Editor shut down
[2019.06.14-19.47.20:496][332]LogExit: Transaction tracking system shut down
[2019.06.14-19.47.20:843][332]LogExit: Object subsystem successfully closed.
[2019.06.14-19.47.20:856][332]LogShaderCompilers: Display: Shaders left to compile 0
[2019.06.14-19.47.20:862][332]LogD3D11RHI: Shutdown
[2019.06.14-19.47.20:862][332]LogD3D11RHI: CleanupD3DDevice
[2019.06.14-19.47.20:874][332]LogD3D11RHI: [IntelMetricsDiscovery] Stopped
[2019.06.14-19.47.20:874][332]LogD3D11RHI: ~FD3D11DynamicRHI
[2019.06.14-19.47.20:898][332]LogModuleManager: Shutting down and abandoning module MeshBuilder (626)
[2019.06.14-19.47.20:898][332]LogModuleManager: Shutting down and abandoning module HierarchicalLODOutliner (624)
[2019.06.14-19.47.20:898][332]LogModuleManager: Shutting down and abandoning module SceneOutliner (622)
[2019.06.14-19.47.20:898][332]LogModuleManager: Shutting down and abandoning module AddContentDialog (620)
[2019.06.14-19.47.20:899][332]LogModuleManager: Shutting down and abandoning module WidgetCarousel (619)
[2019.06.14-19.47.20:899][332]LogModuleManager: Shutting down and abandoning module EditorWidgets (616)
[2019.06.14-19.47.20:899][332]LogModuleManager: Shutting down and abandoning module CollectionManager (614)
[2019.06.14-19.47.20:899][332]LogModuleManager: Shutting down and abandoning module HierarchicalLODUtilities (612)
[2019.06.14-19.47.20:899][332]LogModuleManager: Shutting down and abandoning module StatsViewer (610)
[2019.06.14-19.47.20:899][332]LogModuleManager: Shutting down and abandoning module FoliageEdit (608)
[2019.06.14-19.47.20:899][332]LogModuleManager: Shutting down and abandoning module LandscapeEditor (606)
[2019.06.14-19.47.20:899][332]LogModuleManager: Shutting down and abandoning module MeshPaintMode (604)
[2019.06.14-19.47.20:899][332]LogModuleManager: Shutting down and abandoning module SceneDepthPickerMode (602)
[2019.06.14-19.47.20:899][332]LogModuleManager: Shutting down and abandoning module ActorPickerMode (600)
[2019.06.14-19.47.20:899][332]LogModuleManager: Shutting down and abandoning module GeometryMode (598)
[2019.06.14-19.47.20:899][332]LogModuleManager: Shutting down and abandoning module TextureAlignMode (596)
[2019.06.14-19.47.20:899][332]LogModuleManager: Shutting down and abandoning module BspMode (594)
[2019.06.14-19.47.20:899][332]LogModuleManager: Shutting down and abandoning module PIEPreviewDeviceProfileSelector (592)
[2019.06.14-19.47.20:899][332]LogModuleManager: Shutting down and abandoning module SequenceRecorderSections (590)
[2019.06.14-19.47.20:899][332]LogModuleManager: Shutting down and abandoning module AutomationWorker (588)
[2019.06.14-19.47.20:899][332]LogModuleManager: Shutting down and abandoning module AudioCaptureEditor (586)
[2019.06.14-19.47.20:899][332]LogModuleManager: Shutting down and abandoning module MatineeToLevelSequence (584)
[2019.06.14-19.47.20:899][332]LogModuleManager: Shutting down and abandoning module LevelSequenceEditor (582)
[2019.06.14-19.47.20:899][332]LogModuleManager: Shutting down and abandoning module PlacementMode (581)
[2019.06.14-19.47.20:899][332]LogModuleManager: Shutting down and abandoning module MaterialEditor (580)
[2019.06.14-19.47.20:900][332]LogModuleManager: Shutting down and abandoning module WmfMediaFactory (576)
[2019.06.14-19.47.20:900][332]LogModuleManager: Shutting down and abandoning module WmfMediaEditor (574)
[2019.06.14-19.47.20:900][332]LogModuleManager: Shutting down and abandoning module WebMMediaFactory (572)
[2019.06.14-19.47.20:900][332]LogModuleManager: Shutting down and abandoning module WebMMediaEditor (570)
[2019.06.14-19.47.20:900][332]LogModuleManager: Shutting down and abandoning module WebMMedia (568)
[2019.06.14-19.47.20:900][332]LogModuleManager: Shutting down and abandoning module MediaPlayerEditor (566)
[2019.06.14-19.47.20:900][332]LogModuleManager: Shutting down and abandoning module MediaCompositingEditor (564)
[2019.06.14-19.47.20:900][332]LogModuleManager: Shutting down and abandoning module SequenceRecorder (563)
[2019.06.14-19.47.20:900][332]LogModuleManager: Shutting down and abandoning module OpenExrWrapper (560)
[2019.06.14-19.47.20:900][332]LogModuleManager: Shutting down and abandoning module ImgMediaFactory (558)
[2019.06.14-19.47.20:900][332]LogModuleManager: Shutting down and abandoning module ImgMediaEditor (556)
[2019.06.14-19.47.20:900][332]LogModuleManager: Shutting down and abandoning module AvfMediaFactory (554)
[2019.06.14-19.47.20:900][332]LogModuleManager: Shutting down and abandoning module AvfMediaEditor (552)
[2019.06.14-19.47.20:900][332]LogModuleManager: Shutting down and abandoning module AndroidMediaFactory (550)
[2019.06.14-19.47.20:900][332]LogModuleManager: Shutting down and abandoning module AndroidMediaEditor (548)
[2019.06.14-19.47.20:900][332]LogModuleManager: Shutting down and abandoning module MagicLeapCameraPreviewFactory (546)
[2019.06.14-19.47.20:900][332]LogModuleManager: Shutting down and abandoning module MagicLeapMediaFactory (544)
[2019.06.14-19.47.20:900][332]LogModuleManager: Shutting down and abandoning module MagicLeapMediaEditor (542)
[2019.06.14-19.47.20:900][332]LogModuleManager: Shutting down and abandoning module CharacterAI (540)
[2019.06.14-19.47.20:900][332]LogModuleManager: Shutting down and abandoning module SmartSnapping (538)
[2019.06.14-19.47.20:900][332]LogModuleManager: Shutting down and abandoning module SessionServices (536)
[2019.06.14-19.47.20:900][332]LogModuleManager: Shutting down and abandoning module ViewportSnapping (534)
[2019.06.14-19.47.20:900][332]LogModuleManager: Shutting down and abandoning module ViewportInteraction (532)
[2019.06.14-19.47.20:900][332]LogModuleManager: Shutting down and abandoning module ClothPainter (530)
[2019.06.14-19.47.20:900][332]LogModuleManager: Shutting down and abandoning module SkeletalMeshEditor (529)
[2019.06.14-19.47.20:900][332]LogModuleManager: Shutting down and abandoning module LogVisualizer (526)
[2019.06.14-19.47.20:900][332]LogModuleManager: Shutting down and abandoning module IntroTutorials (524)
[2019.06.14-19.47.20:900][332]LogModuleManager: Shutting down and abandoning module GameProjectGeneration (523)
[2019.06.14-19.47.20:900][332]LogModuleManager: Shutting down and abandoning module LuminPlatformEditor (520)
[2019.06.14-19.47.20:900][332]LogModuleManager: Shutting down and abandoning module IOSPlatformEditor (518)
[2019.06.14-19.47.20:900][332]LogModuleManager: Shutting down and abandoning module HTML5PlatformEditor (516)
[2019.06.14-19.47.20:900][332]LogModuleManager: Shutting down and abandoning module AndroidPlatformEditor (514)
[2019.06.14-19.47.20:900][332]LogModuleManager: Shutting down and abandoning module AndroidDeviceDetection (513)
[2019.06.14-19.47.21:466][332]LogModuleManager: Shutting down and abandoning module WindowsPlatformEditor (510)
[2019.06.14-19.47.21:466][332]LogModuleManager: Shutting down and abandoning module LuminRuntimeSettings (508)
[2019.06.14-19.47.21:466][332]LogModuleManager: Shutting down and abandoning module IOSRuntimeSettings (506)
[2019.06.14-19.47.21:466][332]LogModuleManager: Shutting down and abandoning module AndroidRuntimeSettings (504)
[2019.06.14-19.47.21:466][332]LogModuleManager: Shutting down and abandoning module TimeManagementEditor (502)
[2019.06.14-19.47.21:466][332]LogModuleManager: Shutting down and abandoning module InputBindingEditor (500)
[2019.06.14-19.47.21:467][332]LogModuleManager: Shutting down and abandoning module MergeActors (498)
[2019.06.14-19.47.21:467][332]LogModuleManager: Shutting down and abandoning module LocalizationDashboard (496)
[2019.06.14-19.47.21:467][332]LogModuleManager: Shutting down and abandoning module LocalizationService (495)
[2019.06.14-19.47.21:467][332]LogModuleManager: Shutting down and abandoning module HardwareTargeting (492)
[2019.06.14-19.47.21:467][332]LogModuleManager: Shutting down and abandoning module DeviceProfileEditor (490)
[2019.06.14-19.47.21:467][332]LogModuleManager: Shutting down and abandoning module UndoHistory (488)
[2019.06.14-19.47.21:468][332]LogModuleManager: Shutting down and abandoning module XmlParser (486)
[2019.06.14-19.47.21:468][332]LogModuleManager: Shutting down and abandoning module Blutility (484)
[2019.06.14-19.47.21:468][332]LogModuleManager: Shutting down and abandoning module ProjectSettingsViewer (482)
[2019.06.14-19.47.21:468][332]LogModuleManager: Shutting down and abandoning module ProjectTargetPlatformEditor (481)
[2019.06.14-19.47.21:468][332]LogModuleManager: Shutting down and abandoning module EditorSettingsViewer (478)
[2019.06.14-19.47.21:469][332]LogModuleManager: Shutting down and abandoning module SettingsEditor (476)
[2019.06.14-19.47.21:469][332]LogModuleManager: Shutting down and abandoning module ProjectLauncher (474)
[2019.06.14-19.47.21:469][332]LogModuleManager: Shutting down and abandoning module SessionFrontend (472)
[2019.06.14-19.47.21:469][332]LogModuleManager: Shutting down and abandoning module ProfilerClient (470)
[2019.06.14-19.47.21:469][332]LogModuleManager: Shutting down and abandoning module DeviceManager (468)
[2019.06.14-19.47.21:469][332]LogModuleManager: Shutting down and abandoning module TargetDeviceServices (467)
[2019.06.14-19.47.21:523][332]LogModuleManager: Shutting down and abandoning module AutomationController (464)
[2019.06.14-19.47.21:523][332]LogModuleManager: Shutting down and abandoning module AutomationWindow (462)
[2019.06.14-19.47.21:523][332]LogModuleManager: Shutting down and abandoning module Layers (460)
[2019.06.14-19.47.21:524][332]LogModuleManager: Shutting down and abandoning module ComponentVisualizers (458)
[2019.06.14-19.47.21:524][332]LogModuleManager: Shutting down and abandoning module DetailCustomizations (456)
[2019.06.14-19.47.21:524][332]LogModuleManager: Shutting down and abandoning module PackagesDialog (454)
[2019.06.14-19.47.21:525][332]LogModuleManager: Shutting down and abandoning module Persona (452)
[2019.06.14-19.47.21:525][332]LogModuleManager: Shutting down and abandoning module AdvancedPreviewScene (451)
[2019.06.14-19.47.21:525][332]LogModuleManager: Shutting down and abandoning module AnimGraph (449)
[2019.06.14-19.47.21:525][332]LogModuleManager: Shutting down and abandoning module Kismet (446)
[2019.06.14-19.47.21:526][332]LogModuleManager: Shutting down and abandoning module GraphEditor (444)
[2019.06.14-19.47.21:527][332]LogModuleManager: Shutting down and abandoning module ClassViewer (442)
[2019.06.14-19.47.21:527][332]LogModuleManager: Shutting down and abandoning module Toolbox (440)
[2019.06.14-19.47.21:527][332]LogModuleManager: Shutting down and abandoning module ModuleUI (438)
[2019.06.14-19.47.21:527][332]LogModuleManager: Shutting down and abandoning module MovieSceneTools (436)
[2019.06.14-19.47.21:527][332]LogModuleManager: Shutting down and abandoning module OutputLog (434)
[2019.06.14-19.47.21:527][332]LogModuleManager: Shutting down and abandoning module GammaUI (432)
[2019.06.14-19.47.21:527][332]LogModuleManager: Shutting down and abandoning module Documentation (430)
[2019.06.14-19.47.21:527][332]LogModuleManager: Shutting down and abandoning module MovieSceneTracks (428)
[2019.06.14-19.47.21:527][332]LogModuleManager: Shutting down and abandoning module MovieScene (426)
[2019.06.14-19.47.21:528][332]LogModuleManager: Shutting down and abandoning module StreamingPauseRendering (424)
[2019.06.14-19.47.21:528][332]LogModuleManager: Shutting down and abandoning module LauncherPlatform (422)
[2019.06.14-19.47.21:528][332]LogModuleManager: Shutting down and abandoning module AnalyticsET (420)
[2019.06.14-19.47.21:528][332]LogModuleManager: Shutting down and abandoning module PortalServices (418)
[2019.06.14-19.47.21:528][332]LogModuleManager: Shutting down and abandoning module PortalRpc (416)
[2019.06.14-19.47.21:528][332]LogModuleManager: Shutting down and abandoning module MessagingRpc (414)
[2019.06.14-19.47.21:528][332]LogModuleManager: Shutting down and abandoning module AIModule (412)
[2019.06.14-19.47.21:528][332]LogModuleManager: Shutting down and abandoning module GameplayDebugger (411)
[2019.06.14-19.47.21:528][332]LogModuleManager: Shutting down and abandoning module AITestSuite (409)
[2019.06.14-19.47.21:529][332]LogModuleManager: Shutting down and abandoning module NavigationSystem (407)
[2019.06.14-19.47.21:529][332]LogModuleManager: Shutting down and abandoning module DesktopPlatform (404)
[2019.06.14-19.47.21:529][332]LogModuleManager: Shutting down and abandoning module ImageWriteQueue (402)
[2019.06.14-19.47.21:540][332]LogModuleManager: Shutting down and abandoning module ProfilerService (400)
[2019.06.14-19.47.21:796][332]LogModuleManager: Shutting down and abandoning module TaskGraph (398)
[2019.06.14-19.47.21:797][332]LogModuleManager: Shutting down and abandoning module SteamVRController (396)
[2019.06.14-19.47.21:798][332]LogModuleManager: Shutting down and abandoning module ProceduralMeshComponentEditor (394)
[2019.06.14-19.47.21:798][332]LogModuleManager: Shutting down and abandoning module ProceduralMeshComponent (392)
[2019.06.14-19.47.21:798][332]LogModuleManager: Shutting down and abandoning module OculusInput (390)
[2019.06.14-19.47.21:798][332]LogModuleManager: Shutting down and abandoning module MobilePatchingUtils (388)
[2019.06.14-19.47.21:800][332]LogModuleManager: Shutting down and abandoning module EditableMesh (386)
[2019.06.14-19.47.21:800][332]LogModuleManager: Shutting down and abandoning module CustomMeshComponent (384)
[2019.06.14-19.47.21:800][332]LogModuleManager: Shutting down and abandoning module CableComponent (382)
[2019.06.14-19.47.21:800][332]LogModuleManager: Shutting down and abandoning module AudioCapture (380)
[2019.06.14-19.47.21:800][332]LogModuleManager: Shutting down and abandoning module ArchVisCharacter (378)
[2019.06.14-19.47.21:800][332]LogModuleManager: Shutting down and abandoning module AndroidPermission (376)
[2019.06.14-19.47.21:800][332]LogModuleManager: Shutting down and abandoning module NUTUnrealEngine4 (374)
[2019.06.14-19.47.21:800][332]LogModuleManager: Shutting down and abandoning module NetcodeUnitTest (372)
[2019.06.14-19.47.21:800][332]LogModuleManager: Shutting down and abandoning module MediaCompositing (370)
[2019.06.14-19.47.21:800][332]LogModuleManager: Shutting down and abandoning module LinearTimecode (368)
[2019.06.14-19.47.21:800][332]LogModuleManager: Shutting down and abandoning module ImgMedia (366)
[2019.06.14-19.47.21:819][332]LogModuleManager: Shutting down and abandoning module HTML5Networking (364)
[2019.06.14-19.47.21:819][332]LogModuleManager: Shutting down and abandoning module GeometryCacheTracks (362)
[2019.06.14-19.47.21:819][332]LogModuleManager: Shutting down and abandoning module GeometryCacheSequencer (360)
[2019.06.14-19.47.21:819][332]LogModuleManager: Shutting down and abandoning module BackChannel (358)
[2019.06.14-19.47.21:819][332]LogModuleManager: Shutting down and abandoning module AppleVision (356)
[2019.06.14-19.47.21:820][332]LogModuleManager: Shutting down and abandoning module AppleImageUtilsBlueprintSupport (354)
[2019.06.14-19.47.21:820][332]LogModuleManager: Shutting down and abandoning module AppleImageUtils (352)
[2019.06.14-19.47.21:820][332]LogModuleManager: Shutting down and abandoning module AlembicImporter (350)
[2019.06.14-19.47.21:820][332]LogModuleManager: Shutting down and abandoning module AlembicLibrary (349)
[2019.06.14-19.47.21:822][332]LogModuleManager: Shutting down and abandoning module GeometryCache (348)
[2019.06.14-19.47.21:825][332]LogModuleManager: Shutting down and abandoning module GeometryCacheEd (347)
[2019.06.14-19.47.21:825][332]LogModuleManager: Shutting down and abandoning module VariantManagerContent (342)
[2019.06.14-19.47.21:825][332]LogModuleManager: Shutting down and abandoning module DatasmithContentEditor (340)
[2019.06.14-19.47.21:825][332]LogModuleManager: Shutting down and abandoning module SpeedTreeImporter (338)
[2019.06.14-19.47.21:825][332]LogModuleManager: Shutting down and abandoning module PluginBrowser (336)
[2019.06.14-19.47.21:825][332]LogModuleManager: Shutting down and abandoning module MobileLauncherProfileWizard (334)
[2019.06.14-19.47.21:826][332]LogModuleManager: Shutting down and abandoning module PolygonModeling (332)
[2019.06.14-19.47.21:826][332]LogModuleManager: Shutting down and abandoning module MeshEditor (330)
[2019.06.14-19.47.21:826][332]LogModuleManager: Shutting down and abandoning module CryptoKeysOpenSSL (328)
[2019.06.14-19.47.21:826][332]LogModuleManager: Shutting down and abandoning module CryptoKeys (326)
[2019.06.14-19.47.21:827][332]LogModuleManager: Shutting down and abandoning module VisualStudioSourceCodeAccess (324)
[2019.06.14-19.47.21:827][332]LogModuleManager: Shutting down and abandoning module VisualStudioCodeSourceCodeAccess (322)
[2019.06.14-19.47.21:827][332]LogModuleManager: Shutting down and abandoning module UObjectPlugin (320)
[2019.06.14-19.47.21:828][332]LogModuleManager: Shutting down and abandoning module SubversionSourceControl (318)
[2019.06.14-19.47.21:833][332]LogModuleManager: Shutting down and abandoning module PerforceSourceControl (316)
[2019.06.14-19.47.21:834][332]LogModuleManager: Shutting down and abandoning module GitSourceControl (314)
[2019.06.14-19.47.21:834][332]LogModuleManager: Shutting down and abandoning module SourceControl (313)
[2019.06.14-19.47.21:834][332]LogModuleManager: Shutting down and abandoning module CLionSourceCodeAccess (310)
[2019.06.14-19.47.21:834][332]LogModuleManager: Shutting down and abandoning module ActorLayerUtilitiesEditor (308)
[2019.06.14-19.47.21:834][332]LogModuleManager: Shutting down and abandoning module ActorLayerUtilities (306)
[2019.06.14-19.47.21:834][332]LogModuleManager: Shutting down and abandoning module LightPropagationVolumeEditor (304)
[2019.06.14-19.47.21:835][332]LogModuleManager: Shutting down and abandoning module PaperTiledImporter (302)
[2019.06.14-19.47.21:835][332]LogModuleManager: Shutting down and abandoning module PaperSpriteSheetImporter (300)
[2019.06.14-19.47.21:835][332]LogModuleManager: Shutting down and abandoning module Paper2DEditor (298)
[2019.06.14-19.47.21:836][332]LogModuleManager: Shutting down and abandoning module MeshPaint (297)
[2019.06.14-19.47.21:836][332]LogModuleManager: Shutting down and abandoning module RuntimePhysXCooking (294)
[2019.06.14-19.47.21:836][332]LogModuleManager: Shutting down and abandoning module PhysXVehiclesEditor (292)
[2019.06.14-19.47.21:836][332]LogModuleManager: Shutting down and abandoning module PhysXVehicles (290)
[2019.06.14-19.47.21:836][332]LogModuleManager: Shutting down and abandoning module OculusEditor (288)
[2019.06.14-19.47.21:836][332]LogModuleManager: Shutting down and abandoning module LocationServicesBPLibrary (286)
[2019.06.14-19.47.21:846][332]LogModuleManager: Shutting down and abandoning module ActorSequence (284)
[2019.06.14-19.47.21:846][332]LogModuleManager: Shutting down and abandoning module UdpMessaging (282)
[2019.06.14-19.47.21:947][332]LogModuleManager: Shutting down and abandoning module TcpMessaging (280)
[2019.06.14-19.47.22:048][332]LogModuleManager: Shutting down and abandoning module MagicLeapAudio (278)
[2019.06.14-19.47.22:049][332]LogModuleManager: Shutting down and abandoning module GameplayTagsEditor (276)
[2019.06.14-19.47.22:049][332]LogModuleManager: Shutting down and abandoning module FacialAnimationEditor (274)
[2019.06.14-19.47.22:049][332]LogModuleManager: Shutting down and abandoning module FacialAnimation (272)
[2019.06.14-19.47.22:049][332]LogModuleManager: Shutting down and abandoning module DataValidation (270)
[2019.06.14-19.47.22:050][332]LogModuleManager: Shutting down and abandoning module AssetManagerEditor (268)
[2019.06.14-19.47.22:050][332]LogModuleManager: Shutting down and abandoning module LevelEditor (267)
[2019.06.14-19.47.22:052][332]LogModuleManager: Shutting down and abandoning module PixelInspectorModule (266)
[2019.06.14-19.47.22:053][332]LogModuleManager: Shutting down and abandoning module CommonMenuExtensions (264)
[2019.06.14-19.47.22:053][332]LogModuleManager: Shutting down and abandoning module MainFrame (262)
[2019.06.14-19.47.22:054][332]LogModuleManager: Shutting down and abandoning module HotReload (261)
[2019.06.14-19.47.22:060][332]LogModuleManager: Shutting down and abandoning module ContentBrowser (257)
[2019.06.14-19.47.22:064][332]LogModuleManager: Shutting down and abandoning module TreeMap (255)
[2019.06.14-19.47.22:064][332]LogModuleManager: Shutting down and abandoning module LightPropagationVolumeRuntime (252)
[2019.06.14-19.47.22:064][332]LogModuleManager: Shutting down and abandoning module AISupportModule (250)
[2019.06.14-19.47.22:064][332]LogModuleManager: Shutting down and abandoning module Paper2D (248)
[2019.06.14-19.47.22:064][332]LogModuleManager: Shutting down and abandoning module WindowsMoviePlayer (246)
[2019.06.14-19.47.22:065][332]LogModuleManager: Shutting down and abandoning module WebMMoviePlayer (244)
[2019.06.14-19.47.22:065][332]LogModuleManager: Shutting down and abandoning module WmfMedia (242)
[2019.06.14-19.47.22:070][332]LogModuleManager: Shutting down and abandoning module Media (241)
[2019.06.14-19.47.22:078][332]LogModuleManager: Shutting down and abandoning module PacketHandler (238)
[2019.06.14-19.47.22:078][332]LogModuleManager: Shutting down and abandoning module ClothingSystemEditor (236)
[2019.06.14-19.47.22:078][332]LogModuleManager: Shutting down and abandoning module ClothingSystemRuntime (234)
[2019.06.14-19.47.22:079][332]LogModuleManager: Shutting down and abandoning module MediaAssets (232)
[2019.06.14-19.47.22:079][332]LogModuleManager: Shutting down and abandoning module Overlay (230)
[2019.06.14-19.47.22:079][332]LogModuleManager: Shutting down and abandoning module OverlayEditor (229)
[2019.06.14-19.47.22:079][332]LogModuleManager: Shutting down and abandoning module VREditor (226)
[2019.06.14-19.47.22:079][332]LogModuleManager: Shutting down and abandoning module StringTableEditor (224)
[2019.06.14-19.47.22:079][332]LogModuleManager: Shutting down and abandoning module GameplayTasksEditor (222)
[2019.06.14-19.47.22:079][332]LogModuleManager: Shutting down and abandoning module BehaviorTreeEditor (220)
[2019.06.14-19.47.22:079][332]LogModuleManager: Shutting down and abandoning module FunctionalTesting (218)
[2019.06.14-19.47.22:079][332]LogModuleManager: Shutting down and abandoning module CollisionAnalyzer (216)
[2019.06.14-19.47.22:080][332]LogModuleManager: Shutting down and abandoning module WorkspaceMenuStructure (215)
[2019.06.14-19.47.22:080][332]LogModuleManager: Shutting down and abandoning module UMG (212)
[2019.06.14-19.47.22:080][332]LogModuleManager: Shutting down and abandoning module UMGEditor (211)
[2019.06.14-19.47.22:080][332]LogModuleManager: Shutting down and abandoning module Sequencer (210)
[2019.06.14-19.47.22:081][332]LogModuleManager: Shutting down and abandoning module MessageLog (207)
[2019.06.14-19.47.22:081][332]LogModuleManager: Shutting down and abandoning module SlateReflector (202)
[2019.06.14-19.47.22:081][332]LogModuleManager: Shutting down and abandoning module Slate (200)
[2019.06.14-19.47.22:081][332]LogModuleManager: Shutting down and abandoning module EditorStyle (198)
[2019.06.14-19.47.22:105][332]LogModuleManager: Shutting down and abandoning module MRMesh (196)
[2019.06.14-19.47.22:105][332]LogModuleManager: Shutting down and abandoning module SourceCodeAccess (194)
[2019.06.14-19.47.22:105][332]LogModuleManager: Shutting down and abandoning module HeadMountedDisplay (192)
[2019.06.14-19.47.22:105][332]LogModuleManager: Shutting down and abandoning module XAudio2 (190)
[2019.06.14-19.47.22:106][332]LogModuleManager: Shutting down and abandoning module Networking (188)
[2019.06.14-19.47.22:106][332]LogModuleManager: Shutting down and abandoning module Core (186)
[2019.06.14-19.47.22:106][332]LogModuleManager: Shutting down and abandoning module LevelSequence (184)
[2019.06.14-19.47.22:106][332]LogModuleManager: Shutting down and abandoning module KismetCompiler (182)
[2019.06.14-19.47.22:107][332]LogModuleManager: Shutting down and abandoning module MeshUtilities (180)
[2019.06.14-19.47.22:107][332]LogModuleManager: Shutting down and abandoning module MeshMergeUtilities (179)
[2019.06.14-19.47.22:107][332]LogModuleManager: Shutting down and abandoning module MeshReductionInterface (178)
[2019.06.14-19.47.22:108][332]LogModuleManager: Shutting down and abandoning module SimplygonSwarm (177)
[2019.06.14-19.47.22:108][332]LogModuleManager: Shutting down and abandoning module ProxyLODMeshReduction (175)
[2019.06.14-19.47.22:108][332]LogModuleManager: Shutting down and abandoning module SimplygonMeshReduction (173)
[2019.06.14-19.47.22:108][332]LogModuleManager: Shutting down and abandoning module QuadricMeshReduction (171)
[2019.06.14-19.47.22:109][332]LogModuleManager: Shutting down and abandoning module MaterialBaking (167)
[2019.06.14-19.47.22:109][332]LogModuleManager: Shutting down and abandoning module DirectoryWatcher (163)
[2019.06.14-19.47.22:110][332]LogModuleManager: Shutting down and abandoning module DerivedDataCache (160)
[2019.06.14-19.47.22:190][332]LogDerivedDataCache: Shutdown
[2019.06.14-19.47.22:190][332]LogModuleManager: Shutting down and abandoning module XGEController (158)
[2019.06.14-19.47.22:190][332]LogXGEController: Cleaning working directory: C:/Users/mckan/AppData/Local/Temp/UnrealXGEWorkingDir/
[2019.06.14-19.47.22:190][332]LogModuleManager: Shutting down and abandoning module TargetPlatform (156)
[2019.06.14-19.47.22:191][332]LogModuleManager: Shutting down and abandoning module VulkanShaderFormat (155)
[2019.06.14-19.47.22:191][332]LogModuleManager: Shutting down and abandoning module ShaderFormatVectorVM (153)
[2019.06.14-19.47.22:191][332]LogModuleManager: Shutting down and abandoning module ShaderFormatOpenGL (151)
[2019.06.14-19.47.22:191][332]LogModuleManager: Shutting down and abandoning module ShaderFormatD3D (149)
[2019.06.14-19.47.22:191][332]LogModuleManager: Shutting down and abandoning module MetalShaderFormat (147)
[2019.06.14-19.47.22:191][332]LogModuleManager: Shutting down and abandoning module TextureFormatUncompressed (145)
[2019.06.14-19.47.22:191][332]LogModuleManager: Shutting down and abandoning module TextureFormatPVR (143)
[2019.06.14-19.47.22:191][332]LogModuleManager: Shutting down and abandoning module TextureFormatDXT (141)
[2019.06.14-19.47.22:191][332]LogModuleManager: Shutting down and abandoning module TextureFormatIntelISPCTexComp (139)
[2019.06.14-19.47.22:192][332]LogModuleManager: Shutting down and abandoning module TextureFormatASTC (137)
[2019.06.14-19.47.22:192][332]LogModuleManager: Shutting down and abandoning module ImageWrapper (136)
[2019.06.14-19.47.22:192][332]LogModuleManager: Shutting down and abandoning module TextureFormatAndroid (133)
[2019.06.14-19.47.22:192][332]LogModuleManager: Shutting down and abandoning module AudioFormatOpus (131)
[2019.06.14-19.47.22:192][332]LogModuleManager: Shutting down and abandoning module AudioFormatOgg (129)
[2019.06.14-19.47.22:192][332]LogModuleManager: Shutting down and abandoning module AudioFormatADPCM (127)
[2019.06.14-19.47.22:192][332]LogModuleManager: Shutting down and abandoning module LuminTargetPlatform (125)
[2019.06.14-19.47.22:195][332]LogModuleManager: Shutting down and abandoning module LinuxTargetPlatform (123)
[2019.06.14-19.47.22:195][332]LogModuleManager: Shutting down and abandoning module LinuxServerTargetPlatform (121)
[2019.06.14-19.47.22:195][332]LogModuleManager: Shutting down and abandoning module LinuxNoEditorTargetPlatform (119)
[2019.06.14-19.47.22:195][332]LogModuleManager: Shutting down and abandoning module LinuxClientTargetPlatform (117)
[2019.06.14-19.47.22:195][332]LogModuleManager: Shutting down and abandoning module TVOSTargetPlatform (115)
[2019.06.14-19.47.22:198][332]LogModuleManager: Shutting down and abandoning module Messaging (113)
[2019.06.14-19.47.22:198][332]LogModuleManager: Shutting down and abandoning module IOSTargetPlatform (111)
[2019.06.14-19.47.22:203][332]LogModuleManager: Shutting down and abandoning module HTML5TargetPlatform (109)
[2019.06.14-19.47.22:203][332]LogModuleManager: Shutting down and abandoning module AndroidTargetPlatform (107)
[2019.06.14-19.47.22:225][332]LogModuleManager: Shutting down and abandoning module WindowsTargetPlatform (105)
[2019.06.14-19.47.22:225][332]LogModuleManager: Shutting down and abandoning module WindowsServerTargetPlatform (103)
[2019.06.14-19.47.22:225][332]LogModuleManager: Shutting down and abandoning module WindowsNoEditorTargetPlatform (101)
[2019.06.14-19.47.22:225][332]LogModuleManager: Shutting down and abandoning module WindowsClientTargetPlatform (99)
[2019.06.14-19.47.22:225][332]LogModuleManager: Shutting down and abandoning module MacTargetPlatform (97)
[2019.06.14-19.47.22:225][332]LogModuleManager: Shutting down and abandoning module MacServerTargetPlatform (95)
[2019.06.14-19.47.22:225][332]LogModuleManager: Shutting down and abandoning module MacNoEditorTargetPlatform (93)
[2019.06.14-19.47.22:225][332]LogModuleManager: Shutting down and abandoning module MacClientTargetPlatform (91)
[2019.06.14-19.47.22:225][332]LogModuleManager: Shutting down and abandoning module AllDesktopTargetPlatform (89)
[2019.06.14-19.47.22:226][332]LogModuleManager: Shutting down and abandoning module InputCore (86)
[2019.06.14-19.47.22:226][332]LogModuleManager: Shutting down and abandoning module Settings (84)
[2019.06.14-19.47.22:226][332]LogModuleManager: Shutting down and abandoning module PhysXCooking (82)
[2019.06.14-19.47.22:226][332]LogModuleManager: Shutting down and abandoning module SteamVR (80)
[2019.06.14-19.47.22:226][332]LogHMD: Freeing OpenVRDLLHandle.
[2019.06.14-19.47.22:226][332]LogModuleManager: Shutting down and abandoning module OculusHMD (78)
[2019.06.14-19.47.22:227][332]LogModuleManager: Shutting down and abandoning module ExampleDeviceProfileSelector (76)
[2019.06.14-19.47.22:227][332]LogModuleManager: Shutting down and abandoning module LauncherChunkInstaller (74)
[2019.06.14-19.47.22:227][332]LogModuleManager: Shutting down and abandoning module OnlineBlueprintSupport (72)
[2019.06.14-19.47.22:227][332]LogModuleManager: Shutting down and abandoning module OnlineSubsystem (68)
[2019.06.14-19.47.22:230][332]LogModuleManager: Shutting down and abandoning module XMPP (63)
[2019.06.14-19.47.22:230][332]LogModuleManager: Shutting down and abandoning module WebSockets (62)
[2019.06.14-19.47.22:243][332]LogModuleManager: Shutting down and abandoning module HTTP (59)
[2019.06.14-19.47.22:244][332]LogHttp: Display: Http module shutting down, but needs to wait on 1 outstanding Http requests:
[2019.06.14-19.47.22:244][332]LogHttp: Display: 	verb=[POST] url=[https://datarouter.ol.epicgames.com/datarouter/api/v1/public/data?SessionID=%7BCCEAB1B4-4638-CF12-5BED-90A756A2B74F%7D&AppID=UEEditor.Rocket.Release&AppVersion=4.21.2-4753647%2B%2B%2BUE4%2BRelease-4.21&UserID=28cdda674961a082c12252b27bbc4c7b%7C97c97d2209a94a64b0d360c59bba7d54%7C05a479bd-9f7c-45f8-87b4-de1f1f43b0cc&AppEnvironment=datacollector-binary&UploadType=eteventstream] status=Processing
[2019.06.14-19.47.22:273][332]LogModuleManager: Shutting down and abandoning module SSL (58)
[2019.06.14-19.47.22:279][332]LogModuleManager: Shutting down and abandoning module MagicLeapIdentity (54)
[2019.06.14-19.47.22:279][332]LogModuleManager: Shutting down and abandoning module MagicLeapHelperVulkan (52)
[2019.06.14-19.47.22:279][332]LogModuleManager: Shutting down and abandoning module MagicLeapHelperOpenGL (50)
[2019.06.14-19.47.22:279][332]LogModuleManager: Shutting down and abandoning module MagicLeapSecureStorage (48)
[2019.06.14-19.47.22:279][332]LogModuleManager: Shutting down and abandoning module MagicLeapHandTracking (46)
[2019.06.14-19.47.22:279][332]LogModuleManager: Shutting down and abandoning module MagicLeapEyeTracker (44)
[2019.06.14-19.47.22:279][332]LogModuleManager: Shutting down and abandoning module MagicLeapController (42)
[2019.06.14-19.47.22:280][332]LogSlate: Slate User Destroyed.  User Index 0, Is Virtual User: 0
[2019.06.14-19.47.22:280][332]LogModuleManager: Shutting down and abandoning module MagicLeap (40)
[2019.06.14-19.47.22:280][332]LogModuleManager: Shutting down and abandoning module DatasmithContent (38)
[2019.06.14-19.47.22:282][332]LogModuleManager: Shutting down and abandoning module AnimationModifiers (36)
[2019.06.14-19.47.22:282][332]LogModuleManager: Shutting down and abandoning module PropertyEditor (35)
[2019.06.14-19.47.22:283][332]LogModuleManager: Shutting down and abandoning module AudioEditor (32)
[2019.06.14-19.47.22:283][332]LogModuleManager: Shutting down and abandoning module TextureCompressor (30)
[2019.06.14-19.47.22:283][332]LogModuleManager: Shutting down and abandoning module ShaderCore (28)
[2019.06.14-19.47.22:283][332]LogModuleManager: Shutting down and abandoning module Landscape (26)
[2019.06.14-19.47.22:283][332]LogModuleManager: Shutting down and abandoning module SlateRHIRenderer (24)
[2019.06.14-19.47.22:284][332]LogModuleManager: Shutting down and abandoning module OpenGLDrv (22)
[2019.06.14-19.47.22:284][332]LogModuleManager: Shutting down and abandoning module D3D11RHI (20)
[2019.06.14-19.47.22:285][332]LogModuleManager: Shutting down and abandoning module AnimGraphRuntime (18)
[2019.06.14-19.47.22:285][332]LogModuleManager: Shutting down and abandoning module Renderer (16)
[2019.06.14-19.47.22:286][332]LogModuleManager: Shutting down and abandoning module Engine (14)
[2019.06.14-19.47.22:286][332]LogModuleManager: Shutting down and abandoning module CoreUObject (12)
[2019.06.14-19.47.22:286][332]LogModuleManager: Shutting down and abandoning module NetworkFile (10)
[2019.06.14-19.47.22:286][332]LogModuleManager: Shutting down and abandoning module CookedIterativeFile (8)
[2019.06.14-19.47.22:286][332]LogModuleManager: Shutting down and abandoning module StreamingFile (6)
[2019.06.14-19.47.22:286][332]LogModuleManager: Shutting down and abandoning module SandboxFile (4)
[2019.06.14-19.47.22:286][332]LogModuleManager: Shutting down and abandoning module PakFile (2)
[2019.06.14-19.47.22:300][332]LogExit: Exiting.
[2019.06.14-19.47.22:364][332]Log file closed, 06/14/19 13:47:22
